#
# A fatal error has been detected by the Java Runtime Environment:
#
#  EXCEPTION_ACCESS_VIOLATION (0xc0000005) at pc=0x0000000000000000, pid=6820, tid=7984
#
# JRE version: 7.0_21-b11
# Java VM: Java HotSpot(TM) 64-Bit Server VM (23.21-b01 mixed mode windows-amd64 compressed oops)
# Problematic frame:
# C  0x0000000000000000
#
# Failed to write core dump. Minidumps are not enabled by default on client versions of Windows
#
# If you would like to submit a bug report, please visit:
#   http://bugreport.sun.com/bugreport/crash.jsp
# The crash happened outside the Java Virtual Machine in native code.
# See problematic frame for where to report the bug.
#

---------------  T H R E A D  ---------------

Current thread (0x0000000002a6e800):  JavaThread "main" [_thread_in_native, id=7984, stack(0x0000000002a70000,0x0000000002b70000)]

siginfo: ExceptionCode=0xc0000005, ExceptionInformation=0x0000000000000008 0x0000000000000000

Registers:
RAX=0x0000000000000000, RBX=0x0000000002a6e9d8, RCX=0x0000000001209040, RDX=0x000000000afd7050
RSP=0x0000000002b69e50, RBP=0x0000000000000000, RSI=0x0000000009057748, RDI=0x0000000000000000
R8 =0x000000018007e1e8, R9 =0x0000000000008000, R10=0x000000005344cbf0, R11=0x0000000002b69dd8
R12=0x0000000002b6a050, R13=0x0000000009057788, R14=0x000000000ce04bc0, R15=0x0000000000000001
RIP=0x0000000000000000, EFLAGS=0x0000000000010206

Top of Stack: (sp=0x0000000002b69e50)
0x0000000002b69e50:   0000000002a6e9d8 00000001800351d2
0x0000000002b69e60:   000000018007e120 0000000001209040
0x0000000002b69e70:   000000000afd7050 000000000afd78f0
0x0000000002b69e80:   fffffffffffffffe 000000000caa3fa0
0x0000000002b69e90:   0000000000000001 0000000000000000
0x0000000002b69ea0:   0000000009057748 0000000180035122
0x0000000002b69eb0:   0000000001209040 0000000001209040
0x0000000002b69ec0:   0000000002a6e9d8 0000000052d78bd4
0x0000000002b69ed0:   000000000caa3120 0000000002b6a050
0x0000000002b69ee0:   0000000009057748 000000000caa3120
0x0000000002b69ef0:   0000000002a6e9d8 0000000052c535ba
0x0000000002b69f00:   0000000001209040 0000000002a6e9d8
0x0000000002b69f10:   000000000caa3120 0000000009057748
0x0000000002b69f20:   000000000122ba78 0000000000000000
0x0000000002b69f30:   0000000000000002 0000000001209040
0x0000000002b69f40:   000000000caa3120 0000000000000002 

Instructions: (pc=0x0000000000000000)
0xffffffffffffffe0:   


Register to memory mapping:

RAX=0x0000000000000000 is an unknown value
RBX=0x0000000002a6e9d8 is an unknown value
RCX=0x0000000001209040 is an unknown value
RDX=0x000000000afd7050 is an unknown value
RSP=0x0000000002b69e50 is pointing into the stack for thread: 0x0000000002a6e800
RBP=0x0000000000000000 is an unknown value
RSI=0x0000000009057748 is an unknown value
RDI=0x0000000000000000 is an unknown value
R8 =0x000000018007e1e8 is an unknown value
R9 =0x0000000000008000 is an unknown value
R10=0x000000005344cbf0 is an unknown value
R11=0x0000000002b69dd8 is pointing into the stack for thread: 0x0000000002a6e800
R12=0x0000000002b6a050 is pointing into the stack for thread: 0x0000000002a6e800
R13=0x0000000009057788 is an unknown value
R14=0x000000000ce04bc0 is an unknown value
R15=0x0000000000000001 is an unknown value


Stack: [0x0000000002a70000,0x0000000002b70000],  sp=0x0000000002b69e50,  free space=999k
Java frames: (J=compiled Java code, j=interpreted, Vv=VM code)
j  java.net.Inet6AddressImpl.lookupAllHostAddr(Ljava/lang/String;)[Ljava/net/InetAddress;+0
j  java.net.InetAddress$1.lookupAllHostAddr(Ljava/lang/String;)[Ljava/net/InetAddress;+4
j  java.net.InetAddress.getAddressesFromNameService(Ljava/lang/String;Ljava/net/InetAddress;)[Ljava/net/InetAddress;+51
j  java.net.InetAddress.getLocalHost()Ljava/net/InetAddress;+90
j  sun.security.provider.SeedGenerator$1.run()Ljava/lang/Void;+61
j  sun.security.provider.SeedGenerator$1.run()Ljava/lang/Object;+1
v  ~StubRoutines::call_stub
j  java.security.AccessController.doPrivileged(Ljava/security/PrivilegedAction;)Ljava/lang/Object;+0
j  sun.security.provider.SeedGenerator.getSystemEntropy()[B+39
j  sun.security.provider.SecureRandom$SeederHolder.<clinit>()V+4
v  ~StubRoutines::call_stub
j  sun.security.provider.SecureRandom.engineNextBytes([B)V+21
j  java.security.SecureRandom.nextBytes([B)V+5
j  java.security.SecureRandom.next(I)I+17
j  java.util.Random.nextInt()I+3
j  sun.security.ssl.SSLContextImpl.engineInit([Ljavax/net/ssl/KeyManager;[Ljavax/net/ssl/TrustManager;Ljava/security/SecureRandom;)V+148
j  sun.security.ssl.SSLContextImpl$DefaultSSLContext.<init>()V+13
v  ~StubRoutines::call_stub
j  sun.reflect.NativeConstructorAccessorImpl.newInstance0(Ljava/lang/reflect/Constructor;[Ljava/lang/Object;)Ljava/lang/Object;+0
j  sun.reflect.NativeConstructorAccessorImpl.newInstance([Ljava/lang/Object;)Ljava/lang/Object;+72
j  sun.reflect.DelegatingConstructorAccessorImpl.newInstance([Ljava/lang/Object;)Ljava/lang/Object;+5
j  java.lang.reflect.Constructor.newInstance([Ljava/lang/Object;)Ljava/lang/Object;+80
j  java.lang.Class.newInstance0()Ljava/lang/Object;+118
j  java.lang.Class.newInstance()Ljava/lang/Object;+16
j  java.security.Provider$Service.newInstance(Ljava/lang/Object;)Ljava/lang/Object;+151
j  sun.security.jca.GetInstance.getInstance(Ljava/security/Provider$Service;Ljava/lang/Class;)Lsun/security/jca/GetInstance$Instance;+2
j  sun.security.jca.GetInstance.getInstance(Ljava/lang/String;Ljava/lang/Class;Ljava/lang/String;)Lsun/security/jca/GetInstance$Instance;+56
j  javax.net.ssl.SSLContext.getInstance(Ljava/lang/String;)Ljavax/net/ssl/SSLContext;+6
j  javax.net.ssl.SSLContext.getDefault()Ljavax/net/ssl/SSLContext;+8
j  javax.net.ssl.SSLSocketFactory.getDefault()Ljavax/net/SocketFactory;+164
j  javax.net.ssl.HttpsURLConnection.getDefaultSSLSocketFactory()Ljavax/net/ssl/SSLSocketFactory;+6
j  org.apache.maven.wagon.shared.http4.AbstractHttpClientWagon.createSchemeRegistry()Lorg/apache/maven/wagon/providers/http/httpclient/conn/scheme/SchemeRegistry;+103
j  org.apache.maven.wagon.shared.http4.AbstractHttpClientWagon.<clinit>()V+95
v  ~StubRoutines::call_stub
j  sun.reflect.NativeConstructorAccessorImpl.newInstance0(Ljava/lang/reflect/Constructor;[Ljava/lang/Object;)Ljava/lang/Object;+0
j  sun.reflect.NativeConstructorAccessorImpl.newInstance([Ljava/lang/Object;)Ljava/lang/Object;+72
j  sun.reflect.DelegatingConstructorAccessorImpl.newInstance([Ljava/lang/Object;)Ljava/lang/Object;+5
j  java.lang.reflect.Constructor.newInstance([Ljava/lang/Object;)Ljava/lang/Object;+80
j  com.google.inject.internal.DefaultConstructionProxyFactory$1.newInstance([Ljava/lang/Object;)Ljava/lang/Object;+5
j  com.google.inject.internal.ConstructorInjector.provision(Lcom/google/inject/internal/Errors;Lcom/google/inject/internal/InternalContext;Lcom/google/inject/internal/ConstructionContext;)Ljava/lang/Object;+21
j  com.google.inject.internal.ConstructorInjector.access$000(Lcom/google/inject/internal/ConstructorInjector;Lcom/google/inject/internal/Errors;Lcom/google/inject/internal/InternalContext;Lcom/google/inject/internal/ConstructionContext;)Ljava/lang/Object;+4
j  com.google.inject.internal.ConstructorInjector$1.call()Ljava/lang/Object;+16
j  com.google.inject.internal.ProvisionListenerStackCallback$Provision.provision()Ljava/lang/Object;+30
j  com.google.inject.internal.ProvisionListenerStackCallback$Provision.provision()Ljava/lang/Object;+135
j  com.google.inject.internal.ProvisionListenerStackCallback.provision(Lcom/google/inject/internal/Errors;Lcom/google/inject/internal/InternalContext;Lcom/google/inject/internal/ProvisionListenerStackCallback$ProvisionCallback;)Ljava/lang/Object;+18
j  com.google.inject.internal.ConstructorInjector.construct(Lcom/google/inject/internal/Errors;Lcom/google/inject/internal/InternalContext;Ljava/lang/Class;ZLcom/google/inject/internal/ProvisionListenerStackCallback;)Ljava/lang/Object;+94
j  com.google.inject.internal.ConstructorBindingImpl$Factory.get(Lcom/google/inject/internal/Errors;Lcom/google/inject/internal/InternalContext;Lcom/google/inject/spi/Dependency;Z)Ljava/lang/Object;+65
j  com.google.inject.internal.InjectorImpl$3$1.call(Lcom/google/inject/internal/InternalContext;)Ljava/lang/Object;+45
j  com.google.inject.internal.InjectorImpl.callInContext(Lcom/google/inject/internal/ContextualCallable;)Ljava/lang/Object;+62
j  com.google.inject.internal.InjectorImpl$3.get()Ljava/lang/Object;+25
j  com.google.inject.internal.InjectorImpl.getInstance(Ljava/lang/Class;)Ljava/lang/Object;+5
j  org.sonatype.guice.bean.reflect.AbstractDeferredClass.get()Ljava/lang/Object;+8
j  com.google.inject.internal.ProviderInternalFactory.provision(Ljavax/inject/Provider;Lcom/google/inject/internal/Errors;Lcom/google/inject/spi/Dependency;Lcom/google/inject/internal/ConstructionContext;)Ljava/lang/Object;+7
j  com.google.inject.internal.InternalFactoryToInitializableAdapter.provision(Ljavax/inject/Provider;Lcom/google/inject/internal/Errors;Lcom/google/inject/spi/Dependency;Lcom/google/inject/internal/ConstructionContext;)Ljava/lang/Object;+6
j  com.google.inject.internal.ProviderInternalFactory$1.call()Ljava/lang/Object;+20
j  com.google.inject.internal.ProvisionListenerStackCallback$Provision.provision()Ljava/lang/Object;+30
j  org.sonatype.guice.plexus.lifecycles.PlexusLifecycleManager.onProvision(Lcom/google/inject/spi/ProvisionListener$ProvisionInvocation;)V+24
j  com.google.inject.internal.ProvisionListenerStackCallback$Provision.provision()Ljava/lang/Object;+102
j  com.google.inject.internal.ProvisionListenerStackCallback.provision(Lcom/google/inject/internal/Errors;Lcom/google/inject/internal/InternalContext;Lcom/google/inject/internal/ProvisionListenerStackCallback$ProvisionCallback;)Ljava/lang/Object;+18
j  com.google.inject.internal.ProviderInternalFactory.circularGet(Ljavax/inject/Provider;Lcom/google/inject/internal/Errors;Lcom/google/inject/internal/InternalContext;Lcom/google/inject/spi/Dependency;Z)Ljava/lang/Object;+99
j  com.google.inject.internal.InternalFactoryToInitializableAdapter.get(Lcom/google/inject/internal/Errors;Lcom/google/inject/internal/InternalContext;Lcom/google/inject/spi/Dependency;Z)Ljava/lang/Object;+19
j  com.google.inject.internal.InjectorImpl$3$1.call(Lcom/google/inject/internal/InternalContext;)Ljava/lang/Object;+45
j  com.google.inject.internal.InjectorImpl.callInContext(Lcom/google/inject/internal/ContextualCallable;)Ljava/lang/Object;+34
j  com.google.inject.internal.InjectorImpl$3.get()Ljava/lang/Object;+25
j  com.google.inject.Scopes$1$1.get()Ljava/lang/Object;+22
j  org.sonatype.guice.bean.locators.LazyBeanEntry.getValue()Ljava/lang/Object;+4
j  org.sonatype.guice.plexus.locators.LazyPlexusBean.getValue()Ljava/lang/Object;+4
j  org.codehaus.plexus.DefaultPlexusContainer.lookup(Ljava/lang/Class;Ljava/lang/String;Ljava/lang/String;)Ljava/lang/Object;+27
j  org.codehaus.plexus.DefaultPlexusContainer.lookup(Ljava/lang/Class;Ljava/lang/String;)Ljava/lang/Object;+4
j  org.sonatype.aether.connector.wagon.PlexusWagonProvider.lookup(Ljava/lang/String;)Lorg/apache/maven/wagon/Wagon;+8
j  org.sonatype.aether.connector.wagon.WagonRepositoryConnector.lookupWagon()Lorg/apache/maven/wagon/Wagon;+8
j  org.sonatype.aether.connector.wagon.WagonRepositoryConnector.<init>(Lorg/sonatype/aether/connector/wagon/WagonProvider;Lorg/sonatype/aether/connector/wagon/WagonConfigurator;Lorg/sonatype/aether/repository/RemoteRepository;Lorg/sonatype/aether/RepositorySystemSession;Lorg/sonatype/aether/spi/io/FileProcessor;Lorg/sonatype/aether/spi/log/Logger;)V+174
j  org.sonatype.aether.connector.wagon.WagonRepositoryConnectorFactory.newInstance(Lorg/sonatype/aether/RepositorySystemSession;Lorg/sonatype/aether/repository/RemoteRepository;)Lorg/sonatype/aether/spi/connector/RepositoryConnector;+22
j  org.sonatype.aether.impl.internal.DefaultRemoteRepositoryManager.getRepositoryConnector(Lorg/sonatype/aether/RepositorySystemSession;Lorg/sonatype/aether/repository/RemoteRepository;)Lorg/sonatype/aether/spi/connector/RepositoryConnector;+67
j  org.sonatype.aether.impl.internal.DefaultArtifactResolver.resolve(Lorg/sonatype/aether/RepositorySystemSession;Ljava/util/Collection;)Ljava/util/List;+1382
j  org.sonatype.aether.impl.internal.DefaultArtifactResolver.resolveArtifacts(Lorg/sonatype/aether/RepositorySystemSession;Ljava/util/Collection;)Ljava/util/List;+104
j  org.sonatype.aether.impl.internal.DefaultArtifactResolver.resolveArtifact(Lorg/sonatype/aether/RepositorySystemSession;Lorg/sonatype/aether/resolution/ArtifactRequest;)Lorg/sonatype/aether/resolution/ArtifactResult;+6
j  org.apache.maven.repository.internal.DefaultArtifactDescriptorReader.loadPom(Lorg/sonatype/aether/RepositorySystemSession;Lorg/sonatype/aether/resolution/ArtifactDescriptorRequest;Lorg/sonatype/aether/resolution/ArtifactDescriptorResult;)Lorg/apache/maven/model/Model;+269
j  org.apache.maven.repository.internal.DefaultArtifactDescriptorReader.readArtifactDescriptor(Lorg/sonatype/aether/RepositorySystemSession;Lorg/sonatype/aether/resolution/ArtifactDescriptorRequest;)Lorg/sonatype/aether/resolution/ArtifactDescriptorResult;+13
j  org.sonatype.aether.impl.internal.DefaultDependencyCollector.process(Lorg/sonatype/aether/impl/internal/DefaultDependencyCollector$Args;Ljava/util/List;Ljava/util/List;Lorg/sonatype/aether/collection/DependencySelector;Lorg/sonatype/aether/collection/DependencyManager;Lorg/sonatype/aether/collection/DependencyTraverser;)V+596
j  org.sonatype.aether.impl.internal.DefaultDependencyCollector.collectDependencies(Lorg/sonatype/aether/RepositorySystemSession;Lorg/sonatype/aether/collection/CollectRequest;)Lorg/sonatype/aether/collection/CollectResult;+656
j  org.sonatype.aether.impl.internal.DefaultRepositorySystem.collectDependencies(Lorg/sonatype/aether/RepositorySystemSession;Lorg/sonatype/aether/collection/CollectRequest;)Lorg/sonatype/aether/collection/CollectResult;+11
j  org.apache.maven.plugin.internal.DefaultPluginDependenciesResolver.resolve(Lorg/apache/maven/model/Plugin;Lorg/sonatype/aether/artifact/Artifact;Lorg/sonatype/aether/graph/DependencyFilter;Ljava/util/List;Lorg/sonatype/aether/RepositorySystemSession;)Lorg/sonatype/aether/graph/DependencyNode;+318
j  org.apache.maven.plugin.internal.DefaultMavenPluginManager.createPluginRealm(Lorg/apache/maven/plugin/descriptor/PluginDescriptor;Lorg/apache/maven/execution/MavenSession;Ljava/lang/ClassLoader;Ljava/util/Map;Lorg/sonatype/aether/graph/DependencyFilter;)V+86
j  org.apache.maven.plugin.internal.DefaultMavenPluginManager.setupPluginRealm(Lorg/apache/maven/plugin/descriptor/PluginDescriptor;Lorg/apache/maven/execution/MavenSession;Ljava/lang/ClassLoader;Ljava/util/List;Lorg/sonatype/aether/graph/DependencyFilter;)V+150
j  org.apache.maven.plugin.DefaultBuildPluginManager.getPluginRealm(Lorg/apache/maven/execution/MavenSession;Lorg/apache/maven/plugin/descriptor/PluginDescriptor;)Lorg/codehaus/plexus/classworlds/realm/ClassRealm;+20
j  org.apache.maven.plugin.DefaultBuildPluginManager.executeMojo(Lorg/apache/maven/execution/MavenSession;Lorg/apache/maven/plugin/MojoExecution;)V+21
j  org.apache.maven.lifecycle.internal.MojoExecutor.execute(Lorg/apache/maven/execution/MavenSession;Lorg/apache/maven/plugin/MojoExecution;Lorg/apache/maven/lifecycle/internal/ProjectIndex;Lorg/apache/maven/lifecycle/internal/DependencyContext;)V+215
j  org.apache.maven.lifecycle.internal.MojoExecutor.execute(Lorg/apache/maven/execution/MavenSession;Lorg/apache/maven/plugin/MojoExecution;Lorg/apache/maven/lifecycle/internal/ProjectIndex;Lorg/apache/maven/lifecycle/internal/DependencyContext;Lorg/apache/maven/lifecycle/internal/PhaseRecorder;)V+6
j  org.apache.maven.lifecycle.internal.MojoExecutor.execute(Lorg/apache/maven/execution/MavenSession;Ljava/util/List;Lorg/apache/maven/lifecycle/internal/ProjectIndex;)V+60
j  org.apache.maven.lifecycle.internal.LifecycleModuleBuilder.buildProject(Lorg/apache/maven/execution/MavenSession;Lorg/apache/maven/execution/MavenSession;Lorg/apache/maven/lifecycle/internal/ReactorContext;Lorg/apache/maven/project/MavenProject;Lorg/apache/maven/lifecycle/internal/TaskSegment;)V+107
j  org.apache.maven.lifecycle.internal.LifecycleModuleBuilder.buildProject(Lorg/apache/maven/execution/MavenSession;Lorg/apache/maven/lifecycle/internal/ReactorContext;Lorg/apache/maven/project/MavenProject;Lorg/apache/maven/lifecycle/internal/TaskSegment;)V+7
j  org.apache.maven.lifecycle.internal.LifecycleStarter.singleThreadedBuild(Lorg/apache/maven/execution/MavenSession;Lorg/apache/maven/lifecycle/internal/ReactorContext;Lorg/apache/maven/lifecycle/internal/ProjectBuildList;Ljava/util/List;Lorg/apache/maven/lifecycle/internal/ReactorBuildStatus;)V+77
j  org.apache.maven.lifecycle.internal.LifecycleStarter.execute(Lorg/apache/maven/execution/MavenSession;)V+421
j  org.apache.maven.DefaultMaven.doExecute(Lorg/apache/maven/execution/MavenExecutionRequest;)Lorg/apache/maven/execution/MavenExecutionResult;+585
j  org.apache.maven.DefaultMaven.execute(Lorg/apache/maven/execution/MavenExecutionRequest;)Lorg/apache/maven/execution/MavenExecutionResult;+11
j  org.apache.maven.cli.MavenCli.execute(Lorg/apache/maven/cli/MavenCli$CliRequest;)I+19
j  org.apache.maven.cli.MavenCli.doMain(Lorg/apache/maven/cli/MavenCli$CliRequest;)I+53
j  org.apache.maven.cli.MavenCli.main([Ljava/lang/String;Lorg/codehaus/plexus/classworlds/ClassWorld;)I+18
v  ~StubRoutines::call_stub
j  sun.reflect.NativeMethodAccessorImpl.invoke0(Ljava/lang/reflect/Method;Ljava/lang/Object;[Ljava/lang/Object;)Ljava/lang/Object;+0
j  sun.reflect.NativeMethodAccessorImpl.invoke(Ljava/lang/Object;[Ljava/lang/Object;)Ljava/lang/Object;+87
j  sun.reflect.DelegatingMethodAccessorImpl.invoke(Ljava/lang/Object;[Ljava/lang/Object;)Ljava/lang/Object;+6
j  java.lang.reflect.Method.invoke(Ljava/lang/Object;[Ljava/lang/Object;)Ljava/lang/Object;+57
j  org.codehaus.plexus.classworlds.launcher.Launcher.launchEnhanced([Ljava/lang/String;)V+45
j  org.codehaus.plexus.classworlds.launcher.Launcher.launch([Ljava/lang/String;)V+2
j  org.codehaus.plexus.classworlds.launcher.Launcher.mainWithExitCode([Ljava/lang/String;)I+97
j  org.codehaus.plexus.classworlds.launcher.Launcher.main([Ljava/lang/String;)V+1
v  ~StubRoutines::call_stub

---------------  P R O C E S S  ---------------

Java Threads: ( => current thread )
  0x000000000904d800 JavaThread "Service Thread" daemon [_thread_blocked, id=1776, stack(0x000000000a7f0000,0x000000000a8f0000)]
  0x000000000903d800 JavaThread "C2 CompilerThread1" daemon [_thread_blocked, id=8180, stack(0x000000000a6f0000,0x000000000a7f0000)]
  0x000000000902f800 JavaThread "C2 CompilerThread0" daemon [_thread_blocked, id=5328, stack(0x000000000a5f0000,0x000000000a6f0000)]
  0x000000000902e800 JavaThread "Attach Listener" daemon [_thread_blocked, id=8924, stack(0x000000000a4f0000,0x000000000a5f0000)]
  0x000000000902b000 JavaThread "Signal Dispatcher" daemon [_thread_blocked, id=7420, stack(0x000000000a3f0000,0x000000000a4f0000)]
  0x0000000008fc8000 JavaThread "Finalizer" daemon [_thread_blocked, id=5956, stack(0x000000000a2f0000,0x000000000a3f0000)]
  0x0000000008fbf000 JavaThread "Reference Handler" daemon [_thread_blocked, id=8804, stack(0x000000000a1f0000,0x000000000a2f0000)]
=>0x0000000002a6e800 JavaThread "main" [_thread_in_native, id=7984, stack(0x0000000002a70000,0x0000000002b70000)]

Other Threads:
  0x0000000008fb6800 VMThread [stack: 0x000000000a0f0000,0x000000000a1f0000] [id=4152]
  0x000000000905a000 WatcherThread [stack: 0x000000000a8f0000,0x000000000a9f0000] [id=8000]

VM state:not at safepoint (normal execution)

VM Mutex/Monitor currently owned by a thread: None

Heap
 PSYoungGen      total 34496K, used 18950K [0x00000000eb4b0000, 0x00000000ed8f0000, 0x0000000100000000)
  eden space 31872K, 51% used [0x00000000eb4b0000,0x00000000ec4a1898,0x00000000ed3d0000)
  from space 2624K, 100% used [0x00000000ed660000,0x00000000ed8f0000,0x00000000ed8f0000)
  to   space 2624K, 0% used [0x00000000ed3d0000,0x00000000ed3d0000,0x00000000ed660000)
 ParOldGen       total 42432K, used 4169K [0x00000000c1e00000, 0x00000000c4770000, 0x00000000eb4b0000)
  object space 42432K, 9% used [0x00000000c1e00000,0x00000000c2212580,0x00000000c4770000)
 PSPermGen       total 21248K, used 14500K [0x00000000bcc00000, 0x00000000be0c0000, 0x00000000c1e00000)
  object space 21248K, 68% used [0x00000000bcc00000,0x00000000bda29258,0x00000000be0c0000)

Card table byte_map: [0x0000000005d70000,0x0000000005f90000] byte_map_base: 0x000000000578a000

Polling page: 0x0000000001180000

Code Cache  [0x0000000002cb0000, 0x0000000002f20000, 0x0000000005cb0000)
 total_blobs=497 nmethods=214 adapters=234 free_code_cache=48183Kb largest_free_block=49312768

Compilation events (10 events):
Event: 5.328 Thread 0x000000000903d800  209  s          java.io.ByteArrayInputStream::read (36 bytes)
Event: 5.331 Thread 0x000000000903d800 nmethod 209 0x0000000002d9a350 code [0x0000000002d9a480, 0x0000000002d9a6f8]
Event: 5.360 Thread 0x000000000902f800  210  s          java.io.ByteArrayInputStream::available (10 bytes)
Event: 5.363 Thread 0x000000000902f800 nmethod 210 0x0000000002da4d90 code [0x0000000002da4ec0, 0x0000000002da50d8]
Event: 5.373 Thread 0x000000000903d800  211             java.io.ByteArrayInputStream::mark (9 bytes)
Event: 5.373 Thread 0x000000000903d800 nmethod 211 0x0000000002da59d0 code [0x0000000002da5b00, 0x0000000002da5b58]
Event: 5.391 Thread 0x000000000902f800  212   !         java.security.cert.Certificate::hashCode (34 bytes)
Event: 5.397 Thread 0x000000000902f800 nmethod 212 0x0000000002da4950 code [0x0000000002da4aa0, 0x0000000002da4c88]
Event: 5.401 Thread 0x000000000903d800  213             sun.nio.cs.SingleByte$Encoder::encode (32 bytes)
Event: 5.403 Thread 0x000000000903d800 nmethod 213 0x0000000002da4610 code [0x0000000002da4760, 0x0000000002da4858]

GC Heap History (8 events):
Event: 1.412 GC heap before
{Heap before GC invocations=1 (full 0):
 PSYoungGen      total 18560K, used 15936K [0x00000000eb4b0000, 0x00000000ec960000, 0x0000000100000000)
  eden space 15936K, 100% used [0x00000000eb4b0000,0x00000000ec440000,0x00000000ec440000)
  from space 2624K, 0% used [0x00000000ec6d0000,0x00000000ec6d0000,0x00000000ec960000)
  to   space 2624K, 0% used [0x00000000ec440000,0x00000000ec440000,0x00000000ec6d0000)
 ParOldGen       total 42432K, used 0K [0x00000000c1e00000, 0x00000000c4770000, 0x00000000eb4b0000)
  object space 42432K, 0% used [0x00000000c1e00000,0x00000000c1e00000,0x00000000c4770000)
 PSPermGen       total 21248K, used 6792K [0x00000000bcc00000, 0x00000000be0c0000, 0x00000000c1e00000)
  object space 21248K, 31% used [0x00000000bcc00000,0x00000000bd2a2130,0x00000000be0c0000)
Event: 1.421 GC heap after
Heap after GC invocations=1 (full 0):
 PSYoungGen      total 18560K, used 2603K [0x00000000eb4b0000, 0x00000000ec960000, 0x0000000100000000)
  eden space 15936K, 0% used [0x00000000eb4b0000,0x00000000eb4b0000,0x00000000ec440000)
  from space 2624K, 99% used [0x00000000ec440000,0x00000000ec6cad68,0x00000000ec6d0000)
  to   space 2624K, 0% used [0x00000000ec6d0000,0x00000000ec6d0000,0x00000000ec960000)
 ParOldGen       total 42432K, used 654K [0x00000000c1e00000, 0x00000000c4770000, 0x00000000eb4b0000)
  object space 42432K, 1% used [0x00000000c1e00000,0x00000000c1ea3920,0x00000000c4770000)
 PSPermGen       total 21248K, used 6792K [0x00000000bcc00000, 0x00000000be0c0000, 0x00000000c1e00000)
  object space 21248K, 31% used [0x00000000bcc00000,0x00000000bd2a2130,0x00000000be0c0000)
}
Event: 2.128 GC heap before
{Heap before GC invocations=2 (full 0):
 PSYoungGen      total 18560K, used 18539K [0x00000000eb4b0000, 0x00000000ec960000, 0x0000000100000000)
  eden space 15936K, 100% used [0x00000000eb4b0000,0x00000000ec440000,0x00000000ec440000)
  from space 2624K, 99% used [0x00000000ec440000,0x00000000ec6cad68,0x00000000ec6d0000)
  to   space 2624K, 0% used [0x00000000ec6d0000,0x00000000ec6d0000,0x00000000ec960000)
 ParOldGen       total 42432K, used 654K [0x00000000c1e00000, 0x00000000c4770000, 0x00000000eb4b0000)
  object space 42432K, 1% used [0x00000000c1e00000,0x00000000c1ea3920,0x00000000c4770000)
 PSPermGen       total 21248K, used 7566K [0x00000000bcc00000, 0x00000000be0c0000, 0x00000000c1e00000)
  object space 21248K, 35% used [0x00000000bcc00000,0x00000000bd363878,0x00000000be0c0000)
Event: 2.136 GC heap after
Heap after GC invocations=2 (full 0):
 PSYoungGen      total 18560K, used 2495K [0x00000000eb4b0000, 0x00000000ec960000, 0x0000000100000000)
  eden space 15936K, 0% used [0x00000000eb4b0000,0x00000000eb4b0000,0x00000000ec440000)
  from space 2624K, 95% used [0x00000000ec6d0000,0x00000000ec93fc48,0x00000000ec960000)
  to   space 2624K, 0% used [0x00000000ec440000,0x00000000ec440000,0x00000000ec6d0000)
 ParOldGen       total 42432K, used 662K [0x00000000c1e00000, 0x00000000c4770000, 0x00000000eb4b0000)
  object space 42432K, 1% used [0x00000000c1e00000,0x00000000c1ea5920,0x00000000c4770000)
 PSPermGen       total 21248K, used 7566K [0x00000000bcc00000, 0x00000000be0c0000, 0x00000000c1e00000)
  object space 21248K, 35% used [0x00000000bcc00000,0x00000000bd363878,0x00000000be0c0000)
}
Event: 2.964 GC heap before
{Heap before GC invocations=3 (full 0):
 PSYoungGen      total 18560K, used 18431K [0x00000000eb4b0000, 0x00000000ec960000, 0x0000000100000000)
  eden space 15936K, 100% used [0x00000000eb4b0000,0x00000000ec440000,0x00000000ec440000)
  from space 2624K, 95% used [0x00000000ec6d0000,0x00000000ec93fc48,0x00000000ec960000)
  to   space 2624K, 0% used [0x00000000ec440000,0x00000000ec440000,0x00000000ec6d0000)
 ParOldGen       total 42432K, used 662K [0x00000000c1e00000, 0x00000000c4770000, 0x00000000eb4b0000)
  object space 42432K, 1% used [0x00000000c1e00000,0x00000000c1ea5920,0x00000000c4770000)
 PSPermGen       total 21248K, used 9677K [0x00000000bcc00000, 0x00000000be0c0000, 0x00000000c1e00000)
  object space 21248K, 45% used [0x00000000bcc00000,0x00000000bd573478,0x00000000be0c0000)
Event: 2.976 GC heap after
Heap after GC invocations=3 (full 0):
 PSYoungGen      total 18560K, used 2621K [0x00000000eb4b0000, 0x00000000ed8f0000, 0x0000000100000000)
  eden space 15936K, 0% used [0x00000000eb4b0000,0x00000000eb4b0000,0x00000000ec440000)
  from space 2624K, 99% used [0x00000000ec440000,0x00000000ec6cf4f8,0x00000000ec6d0000)
  to   space 2624K, 0% used [0x00000000ed660000,0x00000000ed660000,0x00000000ed8f0000)
 ParOldGen       total 42432K, used 1969K [0x00000000c1e00000, 0x00000000c4770000, 0x00000000eb4b0000)
  object space 42432K, 4% used [0x00000000c1e00000,0x00000000c1fec670,0x00000000c4770000)
 PSPermGen       total 21248K, used 9677K [0x00000000bcc00000, 0x00000000be0c0000, 0x00000000c1e00000)
  object space 21248K, 45% used [0x00000000bcc00000,0x00000000bd573478,0x00000000be0c0000)
}
Event: 4.014 GC heap before
{Heap before GC invocations=4 (full 0):
 PSYoungGen      total 18560K, used 18557K [0x00000000eb4b0000, 0x00000000ed8f0000, 0x0000000100000000)
  eden space 15936K, 100% used [0x00000000eb4b0000,0x00000000ec440000,0x00000000ec440000)
  from space 2624K, 99% used [0x00000000ec440000,0x00000000ec6cf4f8,0x00000000ec6d0000)
  to   space 2624K, 0% used [0x00000000ed660000,0x00000000ed660000,0x00000000ed8f0000)
 ParOldGen       total 42432K, used 1969K [0x00000000c1e00000, 0x00000000c4770000, 0x00000000eb4b0000)
  object space 42432K, 4% used [0x00000000c1e00000,0x00000000c1fec670,0x00000000c4770000)
 PSPermGen       total 21248K, used 12435K [0x00000000bcc00000, 0x00000000be0c0000, 0x00000000c1e00000)
  object space 21248K, 58% used [0x00000000bcc00000,0x00000000bd824cb0,0x00000000be0c0000)
Event: 4.031 GC heap after
Heap after GC invocations=4 (full 0):
 PSYoungGen      total 34496K, used 2624K [0x00000000eb4b0000, 0x00000000ed8f0000, 0x0000000100000000)
  eden space 31872K, 0% used [0x00000000eb4b0000,0x00000000eb4b0000,0x00000000ed3d0000)
  from space 2624K, 100% used [0x00000000ed660000,0x00000000ed8f0000,0x00000000ed8f0000)
  to   space 2624K, 0% used [0x00000000ed3d0000,0x00000000ed3d0000,0x00000000ed660000)
 ParOldGen       total 42432K, used 4169K [0x00000000c1e00000, 0x00000000c4770000, 0x00000000eb4b0000)
  object space 42432K, 9% used [0x00000000c1e00000,0x00000000c2212580,0x00000000c4770000)
 PSPermGen       total 21248K, used 12435K [0x00000000bcc00000, 0x00000000be0c0000, 0x00000000c1e00000)
  object space 21248K, 58% used [0x00000000bcc00000,0x00000000bd824cb0,0x00000000be0c0000)
}

Deoptimization events (10 events):
Event: 3.417 Thread 0x0000000002a6e800 Uncommon trap -122 fr.pc 0x0000000002d27214
Event: 3.456 Thread 0x0000000002a6e800 Uncommon trap 45 fr.pc 0x0000000002d1b5f0
Event: 3.989 Thread 0x0000000002a6e800 Uncommon trap -83 fr.pc 0x0000000002d225ec
Event: 3.991 Thread 0x0000000002a6e800 Uncommon trap -83 fr.pc 0x0000000002d45068
Event: 3.991 Thread 0x0000000002a6e800 Uncommon trap -83 fr.pc 0x0000000002d577f0
Event: 4.623 Thread 0x0000000002a6e800 Uncommon trap -12 fr.pc 0x0000000002d71258
Event: 4.662 Thread 0x0000000002a6e800 Uncommon trap -12 fr.pc 0x0000000002d7d938
Event: 4.885 Thread 0x0000000002a6e800 Uncommon trap -12 fr.pc 0x0000000002d8dc44
Event: 5.049 Thread 0x0000000002a6e800 Uncommon trap -83 fr.pc 0x0000000002d2e410
Event: 5.194 Thread 0x0000000002a6e800 Uncommon trap -83 fr.pc 0x0000000002d293a0

Internal exceptions (10 events):
Event: 5.035 Thread 0x0000000002a6e800 Threw 0x00000000ebf84ad0 at C:\jdk7u2_64p\jdk7u21\hotspot\src\share\vm\prims\jvm.cpp:1166
Event: 5.035 Thread 0x0000000002a6e800 Threw 0x00000000ebf85520 at C:\jdk7u2_64p\jdk7u21\hotspot\src\share\vm\prims\jvm.cpp:1166
Event: 5.036 Thread 0x0000000002a6e800 Threw 0x00000000ebf8c5d0 at C:\jdk7u2_64p\jdk7u21\hotspot\src\share\vm\prims\jvm.cpp:1166
Event: 5.036 Thread 0x0000000002a6e800 Threw 0x00000000ebf8d1d0 at C:\jdk7u2_64p\jdk7u21\hotspot\src\share\vm\prims\jvm.cpp:1166
Event: 5.040 Thread 0x0000000002a6e800 Threw 0x00000000ebf9a718 at C:\jdk7u2_64p\jdk7u21\hotspot\src\share\vm\prims\jvm.cpp:1166
Event: 5.040 Thread 0x0000000002a6e800 Threw 0x00000000ebf9b1a8 at C:\jdk7u2_64p\jdk7u21\hotspot\src\share\vm\prims\jvm.cpp:1166
Event: 5.042 Thread 0x0000000002a6e800 Threw 0x00000000ebfa2c78 at C:\jdk7u2_64p\jdk7u21\hotspot\src\share\vm\prims\jvm.cpp:1166
Event: 5.042 Thread 0x0000000002a6e800 Threw 0x00000000ebfa36c0 at C:\jdk7u2_64p\jdk7u21\hotspot\src\share\vm\prims\jvm.cpp:1166
Event: 5.049 Thread 0x0000000002a6e800 Implicit null exception at 0x0000000002d2be6d to 0x0000000002d2e3f5
Event: 5.194 Thread 0x0000000002a6e800 Implicit null exception at 0x0000000002d28325 to 0x0000000002d29381

Events (10 events):
Event: 5.404 loading class 0x000000000ca77630 done
Event: 5.404 loading class 0x000000000ca77870 done
Event: 5.404 loading class 0x000000000ca77600
Event: 5.404 loading class 0x000000000caa36e0
Event: 5.404 loading class 0x000000000caa36e0 done
Event: 5.404 loading class 0x000000000ca77600 done
Event: 5.411 loading class 0x000000000d1540c0
Event: 5.411 loading class 0x000000000d1540c0 done
Event: 5.411 loading class 0x000000000d154630
Event: 5.412 loading class 0x000000000d154630 done


Dynamic libraries:
0x00007ff702d20000 - 0x00007ff702d53000 	C:\Program Files\Java\jdk1.7.0_21\bin\java.exe
0x00007ffed3e80000 - 0x00007ffed402a000 	C:\WINDOWS\SYSTEM32\ntdll.dll
0x00007ffed36a0000 - 0x00007ffed37da000 	C:\WINDOWS\system32\KERNEL32.DLL
0x00007ffed1410000 - 0x00007ffed151f000 	C:\WINDOWS\system32\KERNELBASE.dll
0x00007ffecfdd0000 - 0x00007ffecfe58000 	C:\WINDOWS\system32\apphelp.dll
0x00007ffec2b70000 - 0x00007ffec2bbf000 	C:\WINDOWS\AppPatch\AppPatch64\AcGenral.DLL
0x00007ffed2fe0000 - 0x00007ffed3087000 	C:\WINDOWS\system32\msvcrt.dll
0x00007ffed1030000 - 0x00007ffed105b000 	C:\WINDOWS\SYSTEM32\SspiCli.dll
0x00007ffed3e20000 - 0x00007ffed3e71000 	C:\WINDOWS\system32\SHLWAPI.dll
0x00007ffed18a0000 - 0x00007ffed1a11000 	C:\WINDOWS\system32\USER32.dll
0x00007ffed3a20000 - 0x00007ffed3b98000 	C:\WINDOWS\system32\ole32.dll
0x00007ffed1a20000 - 0x00007ffed2e40000 	C:\WINDOWS\system32\SHELL32.dll
0x00007ffed0860000 - 0x00007ffed087e000 	C:\WINDOWS\SYSTEM32\USERENV.dll
0x00007ffed30a0000 - 0x00007ffed3145000 	C:\WINDOWS\system32\ADVAPI32.dll
0x00007ffec9fd0000 - 0x00007ffec9feb000 	C:\WINDOWS\SYSTEM32\MPR.dll
0x00007ffed2e40000 - 0x00007ffed2f76000 	C:\WINDOWS\system32\RPCRT4.dll
0x00007ffed3470000 - 0x00007ffed34c7000 	C:\WINDOWS\SYSTEM32\sechost.dll
0x00007ffed3c40000 - 0x00007ffed3e16000 	C:\WINDOWS\SYSTEM32\combase.dll
0x00007ffed3310000 - 0x00007ffed3454000 	C:\WINDOWS\system32\GDI32.dll
0x00007ffed11f0000 - 0x00007ffed1204000 	C:\WINDOWS\SYSTEM32\profapi.dll
0x00007ffecf800000 - 0x00007ffecf89f000 	C:\WINDOWS\SYSTEM32\SHCORE.dll
0x00007ffed39e0000 - 0x00007ffed3a14000 	C:\WINDOWS\system32\IMM32.DLL
0x00007ffed1760000 - 0x00007ffed1899000 	C:\WINDOWS\system32\MSCTF.dll
0x00007ffecd370000 - 0x00007ffecd5ca000 	C:\WINDOWS\WinSxS\amd64_microsoft.windows.common-controls_6595b64144ccf1df_6.0.9600.17031_none_6242a4b3ecbb55a1\COMCTL32.dll
0x0000000052d10000 - 0x0000000052de1000 	C:\Program Files\Java\jdk1.7.0_21\jre\bin\msvcr100.dll
0x0000000052df0000 - 0x0000000053511000 	C:\Program Files\Java\jdk1.7.0_21\jre\bin\server\jvm.dll
0x00007ffec29d0000 - 0x00007ffec29d9000 	C:\WINDOWS\SYSTEM32\WSOCK32.dll
0x00007ffebfb60000 - 0x00007ffebfb7f000 	C:\WINDOWS\SYSTEM32\WINMM.dll
0x00007ffed3460000 - 0x00007ffed3467000 	C:\WINDOWS\system32\PSAPI.DLL
0x00007ffed34d0000 - 0x00007ffed3528000 	C:\WINDOWS\system32\WS2_32.dll
0x00007ffebf420000 - 0x00007ffebf44a000 	C:\WINDOWS\SYSTEM32\WINMMBASE.dll
0x00007ffed3160000 - 0x00007ffed3169000 	C:\WINDOWS\system32\NSI.dll
0x00007ffed13c0000 - 0x00007ffed140a000 	C:\WINDOWS\SYSTEM32\cfgmgr32.dll
0x00007ffed0020000 - 0x00007ffed0046000 	C:\WINDOWS\SYSTEM32\DEVOBJ.dll
0x0000000052cc0000 - 0x0000000052ccf000 	C:\Program Files\Java\jdk1.7.0_21\jre\bin\verify.dll
0x0000000052c90000 - 0x0000000052cb8000 	C:\Program Files\Java\jdk1.7.0_21\jre\bin\java.dll
0x0000000052c70000 - 0x0000000052c85000 	C:\Program Files\Java\jdk1.7.0_21\jre\bin\zip.dll
0x0000000052c50000 - 0x0000000052c69000 	C:\Program Files\Java\jdk1.7.0_21\jre\bin\net.dll
0x0000000180000000 - 0x000000018008a000 	C:\WINDOWS\system32\ICProxy64.dll
0x00007ffed0ab0000 - 0x00007ffed0b08000 	C:\WINDOWS\SYSTEM32\MSWSOCK.dll
0x00007ffed02c0000 - 0x00007ffed02e9000 	C:\WINDOWS\SYSTEM32\IPHLPAPI.DLL
0x00007ffed3530000 - 0x00007ffed35e7000 	C:\WINDOWS\system32\OLEAUT32.dll
0x00007ffed02b0000 - 0x00007ffed02ba000 	C:\WINDOWS\SYSTEM32\VERSION.dll
0x00007ffed02a0000 - 0x00007ffed02aa000 	C:\WINDOWS\SYSTEM32\WINNSI.DLL
0x00007ffed0070000 - 0x00007ffed007a000 	C:\WINDOWS\SYSTEM32\kernel.appcore.dll
0x00007ffed10c0000 - 0x00007ffed10ca000 	C:\WINDOWS\SYSTEM32\CRYPTBASE.dll
0x00007ffed1060000 - 0x00007ffed10c0000 	C:\WINDOWS\SYSTEM32\bcryptPrimitives.dll
0x00007ffecfef0000 - 0x00007ffed0011000 	C:\WINDOWS\system32\uxtheme.dll
0x00007ffec0840000 - 0x00007ffec08d8000 	C:\Program Files\Common Files\microsoft shared\ink\tiptsf.dll
0x00007ffed35f0000 - 0x00007ffed3694000 	C:\WINDOWS\SYSTEM32\clbcatq.dll
0x00007ffed0b10000 - 0x00007ffed0b2e000 	C:\WINDOWS\SYSTEM32\CRYPTSP.dll
0x00007ffed0750000 - 0x00007ffed0785000 	C:\WINDOWS\system32\rsaenh.dll
0x00007ffed0d40000 - 0x00007ffed0d66000 	C:\WINDOWS\SYSTEM32\bcrypt.dll
0x00007ffed10d0000 - 0x00007ffed1167000 	C:\WINDOWS\SYSTEM32\sxs.dll
0x0000000052c30000 - 0x0000000052c41000 	C:\Program Files\Java\jdk1.7.0_21\jre\bin\nio.dll
0x00000000529c0000 - 0x00000000529e4000 	C:\Program Files\Java\jdk1.7.0_21\jre\bin\sunec.dll
0x00000000529b0000 - 0x00000000529bb000 	C:\Program Files\Java\jdk1.7.0_21\jre\bin\sunmscapi.dll
0x00007ffed1520000 - 0x00007ffed16f7000 	C:\WINDOWS\system32\CRYPT32.dll
0x00007ffed12a0000 - 0x00007ffed12b2000 	C:\WINDOWS\system32\MSASN1.dll
0x00007ffec3560000 - 0x00007ffec3574000 	C:\WINDOWS\system32\napinsp.dll
0x00007ffec3540000 - 0x00007ffec3559000 	C:\WINDOWS\system32\pnrpnsp.dll
0x00007ffeccf40000 - 0x00007ffeccf59000 	C:\WINDOWS\system32\NLAapi.dll
0x00007ffed08c0000 - 0x00007ffed0963000 	C:\WINDOWS\SYSTEM32\DNSAPI.dll
0x00007ffec3530000 - 0x00007ffec353c000 	C:\WINDOWS\System32\winrnr.dll
0x00007ffec3510000 - 0x00007ffec3523000 	C:\WINDOWS\system32\wshbth.dll
0x0000000053ec0000 - 0x0000000053ee6000 	C:\Program Files\Bonjour\mdnsNSP.dll
0x00007ffec60c0000 - 0x00007ffec60c9000 	C:\Windows\System32\rasadhlp.dll
0x00007ffecb800000 - 0x00007ffecb868000 	C:\WINDOWS\System32\fwpuclnt.dll
0x00007ffecd110000 - 0x00007ffecd298000 	C:\WINDOWS\SYSTEM32\dbghelp.dll

VM Arguments:
jvm_args: -Dclassworlds.conf=C:\Program Files\NetBeans 8.0\java\maven\bin\m2.conf -Dmaven.home=C:\Program Files\NetBeans 8.0\java\maven 
java_command: org.codehaus.plexus.classworlds.launcher.Launcher -Dmaven.ext.class.path=C:\Program Files\NetBeans 8.0\java\maven-nblib\netbeans-eventspy.jar -Dfile.encoding=UTF-8 org.apache.maven.plugins:maven-install-plugin:2.3.1:install-file
Launcher Type: SUN_STANDARD

Environment Variables:
JAVA_HOME=C:\Program Files\Java\jdk1.7.0_21
PATH=C:\Program Files (x86)\Intel\iCLS Client\;C:\Program Files\Intel\iCLS Client\;C:\WINDOWS\system32;C:\WINDOWS;C:\WINDOWS\System32\Wbem;C:\WINDOWS\System32\WindowsPowerShell\v1.0\;C:\Program Files\Intel\Intel(R) Management Engine Components\DAL;C:\Program Files\Intel\Intel(R) Management Engine Components\IPT;C:\Program Files (x86)\Intel\Intel(R) Management Engine Components\DAL;C:\Program Files (x86)\Intel\Intel(R) Management Engine Components\IPT;C:\Program Files (x86)\Intel\OpenCL SDK\2.0\bin\x86;C:\Program Files (x86)\Intel\OpenCL SDK\2.0\bin\x64
USERNAME=Przemys³aw
OS=Windows_NT
PROCESSOR_IDENTIFIER=Intel64 Family 6 Model 58 Stepping 9, GenuineIntel



---------------  S Y S T E M  ---------------

OS: Windows 8 , 64 bit Build 9200 

CPU:total 4 (2 cores per cpu, 2 threads per core) family 6 model 58 stepping 9, cmov, cx8, fxsr, mmx, sse, sse2, sse3, ssse3, sse4.1, sse4.2, popcnt, avx, ht, tsc, tscinvbit, tscinv

Memory: 4k page, physical 4070680k(1431144k free), swap 4791576k(1787952k free)

vm_info: Java HotSpot(TM) 64-Bit Server VM (23.21-b01) for windows-amd64 JRE (1.7.0_21-b11), built on Apr  4 2013 08:11:28 by "java_re" with unknown MS VC++:1600

time: Sat Jun 14 10:07:56 2014
elapsed time: 5 seconds

