#
# A fatal error has been detected by the Java Runtime Environment:
#
#  EXCEPTION_ACCESS_VIOLATION (0xc0000005) at pc=0x0000000000000000, pid=7904, tid=5852
#
# JRE version: 7.0_21-b11
# Java VM: Java HotSpot(TM) 64-Bit Server VM (23.21-b01 mixed mode windows-amd64 compressed oops)
# Problematic frame:
# C  0x0000000000000000
#
# Failed to write core dump. Minidumps are not enabled by default on client versions of Windows
#
# If you would like to submit a bug report, please visit:
#   http://bugreport.sun.com/bugreport/crash.jsp
# The crash happened outside the Java Virtual Machine in native code.
# See problematic frame for where to report the bug.
#

---------------  T H R E A D  ---------------

Current thread (0x00000000026c0800):  JavaThread "main" [_thread_in_native, id=5852, stack(0x0000000002550000,0x0000000002650000)]

siginfo: ExceptionCode=0xc0000005, ExceptionInformation=0x0000000000000008 0x0000000000000000

Registers:
RAX=0x0000000000000000, RBX=0x00000000026c09d8, RCX=0x0000000000c35600, RDX=0x0000000002687170
RSP=0x00000000026498e0, RBP=0x0000000000000000, RSI=0x0000000008b5ba48, RDI=0x0000000000000000
R8 =0x000000018007e1e8, R9 =0x0000000000008000, R10=0x000000005344cbf0, R11=0x0000000002649868
R12=0x0000000002649ae0, R13=0x0000000000000004, R14=0x000000000cf0db50, R15=0x0000000000000001
RIP=0x0000000000000000, EFLAGS=0x0000000000010206

Top of Stack: (sp=0x00000000026498e0)
0x00000000026498e0:   00000000026c09d8 00000001800351d2
0x00000000026498f0:   000000018007e120 0000000000c35600
0x0000000002649900:   0000000002687170 0000000002687940
0x0000000002649910:   fffffffffffffffe 0000000008b5bab8
0x0000000002649920:   0000000000000001 0000000000000000
0x0000000002649930:   0000000008b5ba48 0000000180035122
0x0000000002649940:   0000000000c35600 0000000000c35600
0x0000000002649950:   00000000026c09d8 0000000052d78bd4
0x0000000002649960:   000000000c48d600 0000000002649ae0
0x0000000002649970:   0000000008b5ba48 000000000c48d600
0x0000000002649980:   00000000026c09d8 0000000052c535ba
0x0000000002649990:   0000000000c35600 00000000026c09d8
0x00000000026499a0:   000000000c48d600 0000000008b5ba48
0x00000000026499b0:   0000000000c58cb8 0000000000000000
0x00000000026499c0:   0000000000000004 0000000000c35600
0x00000000026499d0:   000000000c48d600 0000000000000002 

Instructions: (pc=0x0000000000000000)
0xffffffffffffffe0:   


Register to memory mapping:

RAX=0x0000000000000000 is an unknown value
RBX=0x00000000026c09d8 is an unknown value
RCX=0x0000000000c35600 is an unknown value
RDX=0x0000000002687170 is an unknown value
RSP=0x00000000026498e0 is pointing into the stack for thread: 0x00000000026c0800
RBP=0x0000000000000000 is an unknown value
RSI=0x0000000008b5ba48 is an unknown value
RDI=0x0000000000000000 is an unknown value
R8 =0x000000018007e1e8 is an unknown value
R9 =0x0000000000008000 is an unknown value
R10=0x000000005344cbf0 is an unknown value
R11=0x0000000002649868 is pointing into the stack for thread: 0x00000000026c0800
R12=0x0000000002649ae0 is pointing into the stack for thread: 0x00000000026c0800
R13=0x0000000000000004 is an unknown value
R14=0x000000000cf0db50 is an unknown value
R15=0x0000000000000001 is an unknown value


Stack: [0x0000000002550000,0x0000000002650000],  sp=0x00000000026498e0,  free space=998k
Java frames: (J=compiled Java code, j=interpreted, Vv=VM code)
j  java.net.Inet6AddressImpl.lookupAllHostAddr(Ljava/lang/String;)[Ljava/net/InetAddress;+0
j  java.net.InetAddress$1.lookupAllHostAddr(Ljava/lang/String;)[Ljava/net/InetAddress;+4
j  java.net.InetAddress.getAddressesFromNameService(Ljava/lang/String;Ljava/net/InetAddress;)[Ljava/net/InetAddress;+51
j  java.net.InetAddress.getLocalHost()Ljava/net/InetAddress;+90
j  sun.security.provider.SeedGenerator$1.run()Ljava/lang/Void;+61
j  sun.security.provider.SeedGenerator$1.run()Ljava/lang/Object;+1
v  ~StubRoutines::call_stub
j  java.security.AccessController.doPrivileged(Ljava/security/PrivilegedAction;)Ljava/lang/Object;+0
j  sun.security.provider.SeedGenerator.getSystemEntropy()[B+39
j  sun.security.provider.SecureRandom$SeederHolder.<clinit>()V+4
v  ~StubRoutines::call_stub
j  sun.security.provider.SecureRandom.engineNextBytes([B)V+21
j  java.security.SecureRandom.nextBytes([B)V+5
j  java.security.SecureRandom.next(I)I+17
j  java.util.Random.nextInt()I+3
j  sun.security.ssl.SSLContextImpl.engineInit([Ljavax/net/ssl/KeyManager;[Ljavax/net/ssl/TrustManager;Ljava/security/SecureRandom;)V+148
j  sun.security.ssl.SSLContextImpl$DefaultSSLContext.<init>()V+13
v  ~StubRoutines::call_stub
j  sun.reflect.NativeConstructorAccessorImpl.newInstance0(Ljava/lang/reflect/Constructor;[Ljava/lang/Object;)Ljava/lang/Object;+0
j  sun.reflect.NativeConstructorAccessorImpl.newInstance([Ljava/lang/Object;)Ljava/lang/Object;+72
j  sun.reflect.DelegatingConstructorAccessorImpl.newInstance([Ljava/lang/Object;)Ljava/lang/Object;+5
j  java.lang.reflect.Constructor.newInstance([Ljava/lang/Object;)Ljava/lang/Object;+80
j  java.lang.Class.newInstance0()Ljava/lang/Object;+118
j  java.lang.Class.newInstance()Ljava/lang/Object;+16
j  java.security.Provider$Service.newInstance(Ljava/lang/Object;)Ljava/lang/Object;+151
j  sun.security.jca.GetInstance.getInstance(Ljava/security/Provider$Service;Ljava/lang/Class;)Lsun/security/jca/GetInstance$Instance;+2
j  sun.security.jca.GetInstance.getInstance(Ljava/lang/String;Ljava/lang/Class;Ljava/lang/String;)Lsun/security/jca/GetInstance$Instance;+56
j  javax.net.ssl.SSLContext.getInstance(Ljava/lang/String;)Ljavax/net/ssl/SSLContext;+6
j  javax.net.ssl.SSLContext.getDefault()Ljavax/net/ssl/SSLContext;+8
j  javax.net.ssl.SSLSocketFactory.getDefault()Ljavax/net/SocketFactory;+164
j  javax.net.ssl.HttpsURLConnection.getDefaultSSLSocketFactory()Ljavax/net/ssl/SSLSocketFactory;+6
j  org.apache.maven.wagon.shared.http4.AbstractHttpClientWagon.createSchemeRegistry()Lorg/apache/maven/wagon/providers/http/httpclient/conn/scheme/SchemeRegistry;+103
j  org.apache.maven.wagon.shared.http4.AbstractHttpClientWagon.<clinit>()V+95
v  ~StubRoutines::call_stub
j  sun.reflect.NativeConstructorAccessorImpl.newInstance0(Ljava/lang/reflect/Constructor;[Ljava/lang/Object;)Ljava/lang/Object;+0
j  sun.reflect.NativeConstructorAccessorImpl.newInstance([Ljava/lang/Object;)Ljava/lang/Object;+72
j  sun.reflect.DelegatingConstructorAccessorImpl.newInstance([Ljava/lang/Object;)Ljava/lang/Object;+5
j  java.lang.reflect.Constructor.newInstance([Ljava/lang/Object;)Ljava/lang/Object;+80
j  com.google.inject.internal.DefaultConstructionProxyFactory$1.newInstance([Ljava/lang/Object;)Ljava/lang/Object;+5
j  com.google.inject.internal.ConstructorInjector.provision(Lcom/google/inject/internal/Errors;Lcom/google/inject/internal/InternalContext;Lcom/google/inject/internal/ConstructionContext;)Ljava/lang/Object;+21
j  com.google.inject.internal.ConstructorInjector.access$000(Lcom/google/inject/internal/ConstructorInjector;Lcom/google/inject/internal/Errors;Lcom/google/inject/internal/InternalContext;Lcom/google/inject/internal/ConstructionContext;)Ljava/lang/Object;+4
j  com.google.inject.internal.ConstructorInjector$1.call()Ljava/lang/Object;+16
j  com.google.inject.internal.ProvisionListenerStackCallback$Provision.provision()Ljava/lang/Object;+30
j  com.google.inject.internal.ProvisionListenerStackCallback$Provision.provision()Ljava/lang/Object;+135
j  com.google.inject.internal.ProvisionListenerStackCallback.provision(Lcom/google/inject/internal/Errors;Lcom/google/inject/internal/InternalContext;Lcom/google/inject/internal/ProvisionListenerStackCallback$ProvisionCallback;)Ljava/lang/Object;+18
j  com.google.inject.internal.ConstructorInjector.construct(Lcom/google/inject/internal/Errors;Lcom/google/inject/internal/InternalContext;Ljava/lang/Class;ZLcom/google/inject/internal/ProvisionListenerStackCallback;)Ljava/lang/Object;+94
j  com.google.inject.internal.ConstructorBindingImpl$Factory.get(Lcom/google/inject/internal/Errors;Lcom/google/inject/internal/InternalContext;Lcom/google/inject/spi/Dependency;Z)Ljava/lang/Object;+65
j  com.google.inject.internal.InjectorImpl$3$1.call(Lcom/google/inject/internal/InternalContext;)Ljava/lang/Object;+45
j  com.google.inject.internal.InjectorImpl.callInContext(Lcom/google/inject/internal/ContextualCallable;)Ljava/lang/Object;+62
j  com.google.inject.internal.InjectorImpl$3.get()Ljava/lang/Object;+25
j  com.google.inject.internal.InjectorImpl.getInstance(Ljava/lang/Class;)Ljava/lang/Object;+5
j  org.sonatype.guice.bean.reflect.AbstractDeferredClass.get()Ljava/lang/Object;+8
j  com.google.inject.internal.ProviderInternalFactory.provision(Ljavax/inject/Provider;Lcom/google/inject/internal/Errors;Lcom/google/inject/spi/Dependency;Lcom/google/inject/internal/ConstructionContext;)Ljava/lang/Object;+7
j  com.google.inject.internal.InternalFactoryToInitializableAdapter.provision(Ljavax/inject/Provider;Lcom/google/inject/internal/Errors;Lcom/google/inject/spi/Dependency;Lcom/google/inject/internal/ConstructionContext;)Ljava/lang/Object;+6
j  com.google.inject.internal.ProviderInternalFactory$1.call()Ljava/lang/Object;+20
j  com.google.inject.internal.ProvisionListenerStackCallback$Provision.provision()Ljava/lang/Object;+30
j  org.sonatype.guice.plexus.lifecycles.PlexusLifecycleManager.onProvision(Lcom/google/inject/spi/ProvisionListener$ProvisionInvocation;)V+24
j  com.google.inject.internal.ProvisionListenerStackCallback$Provision.provision()Ljava/lang/Object;+102
j  com.google.inject.internal.ProvisionListenerStackCallback.provision(Lcom/google/inject/internal/Errors;Lcom/google/inject/internal/InternalContext;Lcom/google/inject/internal/ProvisionListenerStackCallback$ProvisionCallback;)Ljava/lang/Object;+18
j  com.google.inject.internal.ProviderInternalFactory.circularGet(Ljavax/inject/Provider;Lcom/google/inject/internal/Errors;Lcom/google/inject/internal/InternalContext;Lcom/google/inject/spi/Dependency;Z)Ljava/lang/Object;+99
j  com.google.inject.internal.InternalFactoryToInitializableAdapter.get(Lcom/google/inject/internal/Errors;Lcom/google/inject/internal/InternalContext;Lcom/google/inject/spi/Dependency;Z)Ljava/lang/Object;+19
j  com.google.inject.internal.InjectorImpl$3$1.call(Lcom/google/inject/internal/InternalContext;)Ljava/lang/Object;+45
j  com.google.inject.internal.InjectorImpl.callInContext(Lcom/google/inject/internal/ContextualCallable;)Ljava/lang/Object;+34
j  com.google.inject.internal.InjectorImpl$3.get()Ljava/lang/Object;+25
j  com.google.inject.Scopes$1$1.get()Ljava/lang/Object;+22
j  org.sonatype.guice.bean.locators.LazyBeanEntry.getValue()Ljava/lang/Object;+4
j  org.sonatype.guice.plexus.locators.LazyPlexusBean.getValue()Ljava/lang/Object;+4
j  org.codehaus.plexus.DefaultPlexusContainer.lookup(Ljava/lang/Class;Ljava/lang/String;Ljava/lang/String;)Ljava/lang/Object;+27
j  org.codehaus.plexus.DefaultPlexusContainer.lookup(Ljava/lang/Class;Ljava/lang/String;)Ljava/lang/Object;+4
j  org.sonatype.aether.connector.wagon.PlexusWagonProvider.lookup(Ljava/lang/String;)Lorg/apache/maven/wagon/Wagon;+8
j  org.sonatype.aether.connector.wagon.WagonRepositoryConnector.lookupWagon()Lorg/apache/maven/wagon/Wagon;+8
j  org.sonatype.aether.connector.wagon.WagonRepositoryConnector.<init>(Lorg/sonatype/aether/connector/wagon/WagonProvider;Lorg/sonatype/aether/connector/wagon/WagonConfigurator;Lorg/sonatype/aether/repository/RemoteRepository;Lorg/sonatype/aether/RepositorySystemSession;Lorg/sonatype/aether/spi/io/FileProcessor;Lorg/sonatype/aether/spi/log/Logger;)V+174
j  org.sonatype.aether.connector.wagon.WagonRepositoryConnectorFactory.newInstance(Lorg/sonatype/aether/RepositorySystemSession;Lorg/sonatype/aether/repository/RemoteRepository;)Lorg/sonatype/aether/spi/connector/RepositoryConnector;+22
j  org.sonatype.aether.impl.internal.DefaultRemoteRepositoryManager.getRepositoryConnector(Lorg/sonatype/aether/RepositorySystemSession;Lorg/sonatype/aether/repository/RemoteRepository;)Lorg/sonatype/aether/spi/connector/RepositoryConnector;+67
j  org.sonatype.aether.impl.internal.DefaultArtifactResolver.resolve(Lorg/sonatype/aether/RepositorySystemSession;Ljava/util/Collection;)Ljava/util/List;+1382
j  org.sonatype.aether.impl.internal.DefaultArtifactResolver.resolveArtifacts(Lorg/sonatype/aether/RepositorySystemSession;Ljava/util/Collection;)Ljava/util/List;+104
j  org.sonatype.aether.impl.internal.DefaultArtifactResolver.resolveArtifact(Lorg/sonatype/aether/RepositorySystemSession;Lorg/sonatype/aether/resolution/ArtifactRequest;)Lorg/sonatype/aether/resolution/ArtifactResult;+6
j  org.sonatype.aether.impl.internal.DefaultRepositorySystem.resolveArtifact(Lorg/sonatype/aether/RepositorySystemSession;Lorg/sonatype/aether/resolution/ArtifactRequest;)Lorg/sonatype/aether/resolution/ArtifactResult;+11
j  org.apache.maven.project.DefaultProjectBuilder.build(Lorg/apache/maven/artifact/Artifact;ZLorg/apache/maven/project/ProjectBuildingRequest;)Lorg/apache/maven/project/ProjectBuildingResult;+65
j  org.apache.maven.project.DefaultProjectBuilder.build(Lorg/apache/maven/artifact/Artifact;Lorg/apache/maven/project/ProjectBuildingRequest;)Lorg/apache/maven/project/ProjectBuildingResult;+4
j  org.apache.maven.project.artifact.MavenMetadataSource.retrieveRelocatedProject(Lorg/apache/maven/artifact/Artifact;Lorg/apache/maven/repository/legacy/metadata/MetadataResolutionRequest;)Lorg/apache/maven/project/artifact/MavenMetadataSource$ProjectRelocation;+193
j  org.apache.maven.project.artifact.MavenMetadataSource.retrieve(Lorg/apache/maven/repository/legacy/metadata/MetadataResolutionRequest;)Lorg/apache/maven/artifact/metadata/ResolutionGroup;+143
j  org.apache.maven.repository.legacy.resolver.DefaultLegacyArtifactCollector.recurse(Lorg/apache/maven/artifact/resolver/ArtifactResolutionResult;Lorg/apache/maven/artifact/resolver/ResolutionNode;Ljava/util/Map;Lorg/apache/maven/artifact/versioning/ManagedVersionMap;Lorg/apache/maven/artifact/resolver/ArtifactResolutionRequest;Lorg/apache/maven/artifact/metadata/ArtifactMetadataSource;Lorg/apache/maven/artifact/resolver/filter/ArtifactFilter;Ljava/util/List;Ljava/util/List;)V+1248
j  org.apache.maven.repository.legacy.resolver.DefaultLegacyArtifactCollector.collect(Ljava/util/Set;Lorg/apache/maven/artifact/Artifact;Ljava/util/Map;Lorg/apache/maven/artifact/resolver/ArtifactResolutionRequest;Lorg/apache/maven/artifact/metadata/ArtifactMetadataSource;Lorg/apache/maven/artifact/resolver/filter/ArtifactFilter;Ljava/util/List;Ljava/util/List;)Lorg/apache/maven/artifact/resolver/ArtifactResolutionResult;+123
j  org.apache.maven.artifact.resolver.DefaultArtifactResolver.resolve(Lorg/apache/maven/artifact/resolver/ArtifactResolutionRequest;)Lorg/apache/maven/artifact/resolver/ArtifactResolutionResult;+585
j  org.apache.maven.artifact.resolver.DefaultArtifactResolver.resolveWithExceptions(Lorg/apache/maven/artifact/resolver/ArtifactResolutionRequest;)Lorg/apache/maven/artifact/resolver/ArtifactResolutionResult;+2
j  org.apache.maven.artifact.resolver.DefaultArtifactResolver.resolveTransitively(Ljava/util/Set;Lorg/apache/maven/artifact/Artifact;Ljava/util/Map;Lorg/apache/maven/artifact/repository/ArtifactRepository;Ljava/util/List;Lorg/apache/maven/artifact/metadata/ArtifactMetadataSource;Lorg/apache/maven/artifact/resolver/filter/ArtifactFilter;Ljava/util/List;Ljava/util/List;)Lorg/apache/maven/artifact/resolver/ArtifactResolutionResult;+63
j  org.apache.maven.artifact.resolver.DefaultArtifactResolver.resolveTransitively(Ljava/util/Set;Lorg/apache/maven/artifact/Artifact;Ljava/util/Map;Lorg/apache/maven/artifact/repository/ArtifactRepository;Ljava/util/List;Lorg/apache/maven/artifact/metadata/ArtifactMetadataSource;Lorg/apache/maven/artifact/resolver/filter/ArtifactFilter;Ljava/util/List;)Lorg/apache/maven/artifact/resolver/ArtifactResolutionResult;+15
j  org.apache.maven.artifact.resolver.DefaultArtifactResolver.resolveTransitively(Ljava/util/Set;Lorg/apache/maven/artifact/Artifact;Ljava/util/Map;Lorg/apache/maven/artifact/repository/ArtifactRepository;Ljava/util/List;Lorg/apache/maven/artifact/metadata/ArtifactMetadataSource;Lorg/apache/maven/artifact/resolver/filter/ArtifactFilter;)Lorg/apache/maven/artifact/resolver/ArtifactResolutionResult;+13
j  org.apache.maven.artifact.resolver.DefaultArtifactResolver.resolveTransitively(Ljava/util/Set;Lorg/apache/maven/artifact/Artifact;Lorg/apache/maven/artifact/repository/ArtifactRepository;Ljava/util/List;Lorg/apache/maven/artifact/metadata/ArtifactMetadataSource;Lorg/apache/maven/artifact/resolver/filter/ArtifactFilter;)Lorg/apache/maven/artifact/resolver/ArtifactResolutionResult;+13
j  org.apache.maven.plugin.surefire.SurefireDependencyResolver.resolveArtifact(Lorg/apache/maven/artifact/Artifact;Lorg/apache/maven/artifact/Artifact;)Lorg/apache/maven/artifact/resolver/ArtifactResolutionResult;+92
j  org.apache.maven.plugin.surefire.SurefireDependencyResolver.getProviderClasspath(Ljava/lang/String;Ljava/lang/String;Lorg/apache/maven/artifact/Artifact;)Lorg/apache/maven/surefire/booter/Classpath;+27
j  org.apache.maven.plugin.surefire.AbstractSurefireMojo$JUnit4ProviderInfo.getProviderClasspath()Lorg/apache/maven/surefire/booter/Classpath;+22
j  org.apache.maven.plugin.surefire.AbstractSurefireMojo.createStartupConfiguration(Lorg/apache/maven/plugin/surefire/booterclient/ForkConfiguration;Lorg/apache/maven/plugin/surefire/ProviderInfo;Lorg/apache/maven/surefire/booter/ClassLoaderConfiguration;)Lorg/apache/maven/surefire/booter/StartupConfiguration;+15
j  org.apache.maven.plugin.surefire.AbstractSurefireMojo.createForkStarter(Lorg/apache/maven/plugin/surefire/ProviderInfo;Lorg/apache/maven/plugin/surefire/booterclient/ForkConfiguration;Lorg/apache/maven/surefire/booter/ClassLoaderConfiguration;)Lorg/apache/maven/plugin/surefire/booterclient/ForkStarter;+4
j  org.apache.maven.plugin.surefire.AbstractSurefireMojo.executeProvider(Lorg/apache/maven/plugin/surefire/ProviderInfo;Lorg/apache/maven/plugin/surefire/Summary;)V+54
j  org.apache.maven.plugin.surefire.AbstractSurefireMojo.executeAllProviders()Lorg/apache/maven/plugin/surefire/Summary;+44
j  org.apache.maven.plugin.surefire.AbstractSurefireMojo.executeAfterPreconditionsChecked()V+5
j  org.apache.maven.plugin.surefire.AbstractSurefireMojo.execute()V+19
j  org.apache.maven.plugin.DefaultBuildPluginManager.executeMojo(Lorg/apache/maven/execution/MavenSession;Lorg/apache/maven/plugin/MojoExecution;)V+101
j  org.apache.maven.lifecycle.internal.MojoExecutor.execute(Lorg/apache/maven/execution/MavenSession;Lorg/apache/maven/plugin/MojoExecution;Lorg/apache/maven/lifecycle/internal/ProjectIndex;Lorg/apache/maven/lifecycle/internal/DependencyContext;)V+215
j  org.apache.maven.lifecycle.internal.MojoExecutor.execute(Lorg/apache/maven/execution/MavenSession;Lorg/apache/maven/plugin/MojoExecution;Lorg/apache/maven/lifecycle/internal/ProjectIndex;Lorg/apache/maven/lifecycle/internal/DependencyContext;Lorg/apache/maven/lifecycle/internal/PhaseRecorder;)V+6
j  org.apache.maven.lifecycle.internal.MojoExecutor.execute(Lorg/apache/maven/execution/MavenSession;Ljava/util/List;Lorg/apache/maven/lifecycle/internal/ProjectIndex;)V+60
j  org.apache.maven.lifecycle.internal.LifecycleModuleBuilder.buildProject(Lorg/apache/maven/execution/MavenSession;Lorg/apache/maven/execution/MavenSession;Lorg/apache/maven/lifecycle/internal/ReactorContext;Lorg/apache/maven/project/MavenProject;Lorg/apache/maven/lifecycle/internal/TaskSegment;)V+107
j  org.apache.maven.lifecycle.internal.LifecycleModuleBuilder.buildProject(Lorg/apache/maven/execution/MavenSession;Lorg/apache/maven/lifecycle/internal/ReactorContext;Lorg/apache/maven/project/MavenProject;Lorg/apache/maven/lifecycle/internal/TaskSegment;)V+7
j  org.apache.maven.lifecycle.internal.LifecycleStarter.singleThreadedBuild(Lorg/apache/maven/execution/MavenSession;Lorg/apache/maven/lifecycle/internal/ReactorContext;Lorg/apache/maven/lifecycle/internal/ProjectBuildList;Ljava/util/List;Lorg/apache/maven/lifecycle/internal/ReactorBuildStatus;)V+77
j  org.apache.maven.lifecycle.internal.LifecycleStarter.execute(Lorg/apache/maven/execution/MavenSession;)V+421
j  org.apache.maven.DefaultMaven.doExecute(Lorg/apache/maven/execution/MavenExecutionRequest;)Lorg/apache/maven/execution/MavenExecutionResult;+585
j  org.apache.maven.DefaultMaven.execute(Lorg/apache/maven/execution/MavenExecutionRequest;)Lorg/apache/maven/execution/MavenExecutionResult;+11
j  org.apache.maven.cli.MavenCli.execute(Lorg/apache/maven/cli/MavenCli$CliRequest;)I+19
j  org.apache.maven.cli.MavenCli.doMain(Lorg/apache/maven/cli/MavenCli$CliRequest;)I+53
j  org.apache.maven.cli.MavenCli.main([Ljava/lang/String;Lorg/codehaus/plexus/classworlds/ClassWorld;)I+18
v  ~StubRoutines::call_stub
j  sun.reflect.NativeMethodAccessorImpl.invoke0(Ljava/lang/reflect/Method;Ljava/lang/Object;[Ljava/lang/Object;)Ljava/lang/Object;+0
j  sun.reflect.NativeMethodAccessorImpl.invoke(Ljava/lang/Object;[Ljava/lang/Object;)Ljava/lang/Object;+87
j  sun.reflect.DelegatingMethodAccessorImpl.invoke(Ljava/lang/Object;[Ljava/lang/Object;)Ljava/lang/Object;+6
j  java.lang.reflect.Method.invoke(Ljava/lang/Object;[Ljava/lang/Object;)Ljava/lang/Object;+57
j  org.codehaus.plexus.classworlds.launcher.Launcher.launchEnhanced([Ljava/lang/String;)V+45
j  org.codehaus.plexus.classworlds.launcher.Launcher.launch([Ljava/lang/String;)V+2
j  org.codehaus.plexus.classworlds.launcher.Launcher.mainWithExitCode([Ljava/lang/String;)I+97
j  org.codehaus.plexus.classworlds.launcher.Launcher.main([Ljava/lang/String;)V+1
v  ~StubRoutines::call_stub

---------------  P R O C E S S  ---------------

Java Threads: ( => current thread )
  0x000000000c675000 JavaThread "resolver-2" daemon [_thread_blocked, id=8948, stack(0x000000000d570000,0x000000000d670000)]
  0x000000000c5e0800 JavaThread "resolver-1" daemon [_thread_blocked, id=2844, stack(0x000000000b440000,0x000000000b540000)]
  0x0000000008b55800 JavaThread "Service Thread" daemon [_thread_blocked, id=7840, stack(0x000000000a300000,0x000000000a400000)]
  0x0000000008b45000 JavaThread "C2 CompilerThread1" daemon [_thread_blocked, id=8900, stack(0x000000000a200000,0x000000000a300000)]
  0x0000000008b40000 JavaThread "C2 CompilerThread0" daemon [_thread_blocked, id=3680, stack(0x000000000a100000,0x000000000a200000)]
  0x0000000008b3f000 JavaThread "Attach Listener" daemon [_thread_blocked, id=2744, stack(0x000000000a000000,0x000000000a100000)]
  0x0000000008b3c000 JavaThread "Signal Dispatcher" daemon [_thread_blocked, id=980, stack(0x0000000009f00000,0x000000000a000000)]
  0x0000000008ada000 JavaThread "Finalizer" daemon [_thread_blocked, id=5068, stack(0x0000000009e00000,0x0000000009f00000)]
  0x0000000008ad1000 JavaThread "Reference Handler" daemon [_thread_blocked, id=8360, stack(0x0000000009d00000,0x0000000009e00000)]
=>0x00000000026c0800 JavaThread "main" [_thread_in_native, id=5852, stack(0x0000000002550000,0x0000000002650000)]

Other Threads:
  0x0000000008ac8000 VMThread [stack: 0x0000000009c00000,0x0000000009d00000] [id=7204]
  0x0000000008b65800 WatcherThread [stack: 0x000000000a400000,0x000000000a500000] [id=6776]

VM state:not at safepoint (normal execution)

VM Mutex/Monitor currently owned by a thread: None

Heap
 PSYoungGen      total 34496K, used 11417K [0x00000000eb4b0000, 0x00000000efe70000, 0x0000000100000000)
  eden space 31872K, 27% used [0x00000000eb4b0000,0x00000000ebd46478,0x00000000ed3d0000)
  from space 2624K, 100% used [0x00000000ed3d0000,0x00000000ed660000,0x00000000ed660000)
  to   space 5888K, 0% used [0x00000000ef8b0000,0x00000000ef8b0000,0x00000000efe70000)
 ParOldGen       total 42432K, used 6364K [0x00000000c1e00000, 0x00000000c4770000, 0x00000000eb4b0000)
  object space 42432K, 14% used [0x00000000c1e00000,0x00000000c24371e8,0x00000000c4770000)
 PSPermGen       total 21248K, used 15299K [0x00000000bcc00000, 0x00000000be0c0000, 0x00000000c1e00000)
  object space 21248K, 72% used [0x00000000bcc00000,0x00000000bdaf0e68,0x00000000be0c0000)

Card table byte_map: [0x0000000005880000,0x0000000005aa0000] byte_map_base: 0x000000000529a000

Polling page: 0x00000000024b0000

Code Cache  [0x00000000027c0000, 0x0000000002a30000, 0x00000000057c0000)
 total_blobs=591 nmethods=308 adapters=234 free_code_cache=47957Kb largest_free_block=49073856

Compilation events (10 events):
Event: 5.614 Thread 0x0000000008b40000  305  s          java.io.ByteArrayInputStream::available (10 bytes)
Event: 5.615 Thread 0x0000000008b40000 nmethod 305 0x00000000028eb3d0 code [0x00000000028eb500, 0x00000000028eb718]
Event: 5.622 Thread 0x0000000008b45000  306             java.io.ByteArrayInputStream::mark (9 bytes)
Event: 5.623 Thread 0x0000000008b45000 nmethod 306 0x00000000028dff90 code [0x00000000028e00c0, 0x00000000028e0118]
Event: 5.630 Thread 0x0000000008b40000  307             java.lang.String::equalsIgnoreCase (48 bytes)
Event: 5.637 Thread 0x0000000008b45000  308   !         java.security.cert.Certificate::hashCode (34 bytes)
Event: 5.641 Thread 0x0000000008b40000 nmethod 307 0x00000000028ec310 code [0x00000000028ec4a0, 0x00000000028ecb38]
Event: 5.645 Thread 0x0000000008b45000 nmethod 308 0x00000000028ef890 code [0x00000000028ef9e0, 0x00000000028efbc8]
Event: 5.650 Thread 0x0000000008b40000  309             sun.nio.cs.SingleByte$Encoder::encode (114 bytes)
Event: 5.659 Thread 0x0000000008b40000 nmethod 309 0x00000000028eba50 code [0x00000000028ebbc0, 0x00000000028ebf58]

GC Heap History (10 events):
Event: 1.316 GC heap before
{Heap before GC invocations=1 (full 0):
 PSYoungGen      total 18560K, used 15936K [0x00000000eb4b0000, 0x00000000ec960000, 0x0000000100000000)
  eden space 15936K, 100% used [0x00000000eb4b0000,0x00000000ec440000,0x00000000ec440000)
  from space 2624K, 0% used [0x00000000ec6d0000,0x00000000ec6d0000,0x00000000ec960000)
  to   space 2624K, 0% used [0x00000000ec440000,0x00000000ec440000,0x00000000ec6d0000)
 ParOldGen       total 42432K, used 0K [0x00000000c1e00000, 0x00000000c4770000, 0x00000000eb4b0000)
  object space 42432K, 0% used [0x00000000c1e00000,0x00000000c1e00000,0x00000000c4770000)
 PSPermGen       total 21248K, used 6792K [0x00000000bcc00000, 0x00000000be0c0000, 0x00000000c1e00000)
  object space 21248K, 31% used [0x00000000bcc00000,0x00000000bd2a2130,0x00000000be0c0000)
Event: 1.327 GC heap after
Heap after GC invocations=1 (full 0):
 PSYoungGen      total 18560K, used 2599K [0x00000000eb4b0000, 0x00000000ec960000, 0x0000000100000000)
  eden space 15936K, 0% used [0x00000000eb4b0000,0x00000000eb4b0000,0x00000000ec440000)
  from space 2624K, 99% used [0x00000000ec440000,0x00000000ec6c9f50,0x00000000ec6d0000)
  to   space 2624K, 0% used [0x00000000ec6d0000,0x00000000ec6d0000,0x00000000ec960000)
 ParOldGen       total 42432K, used 600K [0x00000000c1e00000, 0x00000000c4770000, 0x00000000eb4b0000)
  object space 42432K, 1% used [0x00000000c1e00000,0x00000000c1e963a0,0x00000000c4770000)
 PSPermGen       total 21248K, used 6792K [0x00000000bcc00000, 0x00000000be0c0000, 0x00000000c1e00000)
  object space 21248K, 31% used [0x00000000bcc00000,0x00000000bd2a2130,0x00000000be0c0000)
}
Event: 1.853 GC heap before
{Heap before GC invocations=2 (full 0):
 PSYoungGen      total 18560K, used 18535K [0x00000000eb4b0000, 0x00000000ec960000, 0x0000000100000000)
  eden space 15936K, 100% used [0x00000000eb4b0000,0x00000000ec440000,0x00000000ec440000)
  from space 2624K, 99% used [0x00000000ec440000,0x00000000ec6c9f50,0x00000000ec6d0000)
  to   space 2624K, 0% used [0x00000000ec6d0000,0x00000000ec6d0000,0x00000000ec960000)
 ParOldGen       total 42432K, used 600K [0x00000000c1e00000, 0x00000000c4770000, 0x00000000eb4b0000)
  object space 42432K, 1% used [0x00000000c1e00000,0x00000000c1e963a0,0x00000000c4770000)
 PSPermGen       total 21248K, used 7596K [0x00000000bcc00000, 0x00000000be0c0000, 0x00000000c1e00000)
  object space 21248K, 35% used [0x00000000bcc00000,0x00000000bd36b1a8,0x00000000be0c0000)
Event: 1.860 GC heap after
Heap after GC invocations=2 (full 0):
 PSYoungGen      total 18560K, used 2503K [0x00000000eb4b0000, 0x00000000ed8f0000, 0x0000000100000000)
  eden space 15936K, 0% used [0x00000000eb4b0000,0x00000000eb4b0000,0x00000000ec440000)
  from space 2624K, 95% used [0x00000000ec6d0000,0x00000000ec941dd8,0x00000000ec960000)
  to   space 2624K, 0% used [0x00000000ec440000,0x00000000ec440000,0x00000000ec6d0000)
 ParOldGen       total 42432K, used 608K [0x00000000c1e00000, 0x00000000c4770000, 0x00000000eb4b0000)
  object space 42432K, 1% used [0x00000000c1e00000,0x00000000c1e983a0,0x00000000c4770000)
 PSPermGen       total 21248K, used 7596K [0x00000000bcc00000, 0x00000000be0c0000, 0x00000000c1e00000)
  object space 21248K, 35% used [0x00000000bcc00000,0x00000000bd36b1a8,0x00000000be0c0000)
}
Event: 2.550 GC heap before
{Heap before GC invocations=3 (full 0):
 PSYoungGen      total 18560K, used 18439K [0x00000000eb4b0000, 0x00000000ed8f0000, 0x0000000100000000)
  eden space 15936K, 100% used [0x00000000eb4b0000,0x00000000ec440000,0x00000000ec440000)
  from space 2624K, 95% used [0x00000000ec6d0000,0x00000000ec941dd8,0x00000000ec960000)
  to   space 2624K, 0% used [0x00000000ec440000,0x00000000ec440000,0x00000000ec6d0000)
 ParOldGen       total 42432K, used 608K [0x00000000c1e00000, 0x00000000c4770000, 0x00000000eb4b0000)
  object space 42432K, 1% used [0x00000000c1e00000,0x00000000c1e983a0,0x00000000c4770000)
 PSPermGen       total 21248K, used 9675K [0x00000000bcc00000, 0x00000000be0c0000, 0x00000000c1e00000)
  object space 21248K, 45% used [0x00000000bcc00000,0x00000000bd572c48,0x00000000be0c0000)
Event: 2.559 GC heap after
Heap after GC invocations=3 (full 0):
 PSYoungGen      total 18560K, used 2612K [0x00000000eb4b0000, 0x00000000ed8f0000, 0x0000000100000000)
  eden space 15936K, 0% used [0x00000000eb4b0000,0x00000000eb4b0000,0x00000000ec440000)
  from space 2624K, 99% used [0x00000000ec440000,0x00000000ec6cd240,0x00000000ec6d0000)
  to   space 2624K, 0% used [0x00000000ed660000,0x00000000ed660000,0x00000000ed8f0000)
 ParOldGen       total 42432K, used 1878K [0x00000000c1e00000, 0x00000000c4770000, 0x00000000eb4b0000)
  object space 42432K, 4% used [0x00000000c1e00000,0x00000000c1fd5bc0,0x00000000c4770000)
 PSPermGen       total 21248K, used 9675K [0x00000000bcc00000, 0x00000000be0c0000, 0x00000000c1e00000)
  object space 21248K, 45% used [0x00000000bcc00000,0x00000000bd572c48,0x00000000be0c0000)
}
Event: 3.427 GC heap before
{Heap before GC invocations=4 (full 0):
 PSYoungGen      total 18560K, used 18548K [0x00000000eb4b0000, 0x00000000ed8f0000, 0x0000000100000000)
  eden space 15936K, 100% used [0x00000000eb4b0000,0x00000000ec440000,0x00000000ec440000)
  from space 2624K, 99% used [0x00000000ec440000,0x00000000ec6cd240,0x00000000ec6d0000)
  to   space 2624K, 0% used [0x00000000ed660000,0x00000000ed660000,0x00000000ed8f0000)
 ParOldGen       total 42432K, used 1878K [0x00000000c1e00000, 0x00000000c4770000, 0x00000000eb4b0000)
  object space 42432K, 4% used [0x00000000c1e00000,0x00000000c1fd5bc0,0x00000000c4770000)
 PSPermGen       total 21248K, used 12379K [0x00000000bcc00000, 0x00000000be0c0000, 0x00000000c1e00000)
  object space 21248K, 58% used [0x00000000bcc00000,0x00000000bd816f58,0x00000000be0c0000)
Event: 3.440 GC heap after
Heap after GC invocations=4 (full 0):
 PSYoungGen      total 34496K, used 2608K [0x00000000eb4b0000, 0x00000000ed8f0000, 0x0000000100000000)
  eden space 31872K, 0% used [0x00000000eb4b0000,0x00000000eb4b0000,0x00000000ed3d0000)
  from space 2624K, 99% used [0x00000000ed660000,0x00000000ed8ec010,0x00000000ed8f0000)
  to   space 2624K, 0% used [0x00000000ed3d0000,0x00000000ed3d0000,0x00000000ed660000)
 ParOldGen       total 42432K, used 4081K [0x00000000c1e00000, 0x00000000c4770000, 0x00000000eb4b0000)
  object space 42432K, 9% used [0x00000000c1e00000,0x00000000c21fc4a8,0x00000000c4770000)
 PSPermGen       total 21248K, used 12379K [0x00000000bcc00000, 0x00000000be0c0000, 0x00000000c1e00000)
  object space 21248K, 58% used [0x00000000bcc00000,0x00000000bd816f58,0x00000000be0c0000)
}
Event: 5.163 GC heap before
{Heap before GC invocations=5 (full 0):
 PSYoungGen      total 34496K, used 34480K [0x00000000eb4b0000, 0x00000000ed8f0000, 0x0000000100000000)
  eden space 31872K, 100% used [0x00000000eb4b0000,0x00000000ed3d0000,0x00000000ed3d0000)
  from space 2624K, 99% used [0x00000000ed660000,0x00000000ed8ec010,0x00000000ed8f0000)
  to   space 2624K, 0% used [0x00000000ed3d0000,0x00000000ed3d0000,0x00000000ed660000)
 ParOldGen       total 42432K, used 4081K [0x00000000c1e00000, 0x00000000c4770000, 0x00000000eb4b0000)
  object space 42432K, 9% used [0x00000000c1e00000,0x00000000c21fc4a8,0x00000000c4770000)
 PSPermGen       total 21248K, used 13347K [0x00000000bcc00000, 0x00000000be0c0000, 0x00000000c1e00000)
  object space 21248K, 62% used [0x00000000bcc00000,0x00000000bd908e58,0x00000000be0c0000)
Event: 5.183 GC heap after
Heap after GC invocations=5 (full 0):
 PSYoungGen      total 34496K, used 2624K [0x00000000eb4b0000, 0x00000000efe70000, 0x0000000100000000)
  eden space 31872K, 0% used [0x00000000eb4b0000,0x00000000eb4b0000,0x00000000ed3d0000)
  from space 2624K, 100% used [0x00000000ed3d0000,0x00000000ed660000,0x00000000ed660000)
  to   space 5888K, 0% used [0x00000000ef8b0000,0x00000000ef8b0000,0x00000000efe70000)
 ParOldGen       total 42432K, used 6364K [0x00000000c1e00000, 0x00000000c4770000, 0x00000000eb4b0000)
  object space 42432K, 14% used [0x00000000c1e00000,0x00000000c24371e8,0x00000000c4770000)
 PSPermGen       total 21248K, used 13347K [0x00000000bcc00000, 0x00000000be0c0000, 0x00000000c1e00000)
  object space 21248K, 62% used [0x00000000bcc00000,0x00000000bd908e58,0x00000000be0c0000)
}

Deoptimization events (10 events):
Event: 3.856 Thread 0x00000000026c0800 Uncommon trap -12 fr.pc 0x000000000288a4a0
Event: 3.971 Thread 0x00000000026c0800 Uncommon trap -12 fr.pc 0x000000000288267c
Event: 4.060 Thread 0x00000000026c0800 Uncommon trap -12 fr.pc 0x00000000028966f8
Event: 4.345 Thread 0x00000000026c0800 Uncommon trap -12 fr.pc 0x00000000028a4d4c
Event: 4.823 Thread 0x00000000026c0800 Uncommon trap -58 fr.pc 0x000000000287449c
Event: 4.945 Thread 0x00000000026c0800 Uncommon trap -58 fr.pc 0x000000000287449c
Event: 4.946 Thread 0x00000000026c0800 Uncommon trap -58 fr.pc 0x000000000287449c
Event: 4.950 Thread 0x00000000026c0800 Uncommon trap -58 fr.pc 0x000000000287449c
Event: 5.345 Thread 0x00000000026c0800 Uncommon trap -83 fr.pc 0x0000000002843090
Event: 5.468 Thread 0x00000000026c0800 Uncommon trap -83 fr.pc 0x0000000002839560

Internal exceptions (10 events):
Event: 5.335 Thread 0x00000000026c0800 Threw 0x00000000eb8aad08 at C:\jdk7u2_64p\jdk7u21\hotspot\src\share\vm\prims\jvm.cpp:1166
Event: 5.335 Thread 0x00000000026c0800 Threw 0x00000000eb8ab958 at C:\jdk7u2_64p\jdk7u21\hotspot\src\share\vm\prims\jvm.cpp:1166
Event: 5.336 Thread 0x00000000026c0800 Threw 0x00000000eb8b2a08 at C:\jdk7u2_64p\jdk7u21\hotspot\src\share\vm\prims\jvm.cpp:1166
Event: 5.336 Thread 0x00000000026c0800 Threw 0x00000000eb8b3608 at C:\jdk7u2_64p\jdk7u21\hotspot\src\share\vm\prims\jvm.cpp:1166
Event: 5.339 Thread 0x00000000026c0800 Threw 0x00000000eb8c0e50 at C:\jdk7u2_64p\jdk7u21\hotspot\src\share\vm\prims\jvm.cpp:1166
Event: 5.339 Thread 0x00000000026c0800 Threw 0x00000000eb8c1ae0 at C:\jdk7u2_64p\jdk7u21\hotspot\src\share\vm\prims\jvm.cpp:1166
Event: 5.340 Thread 0x00000000026c0800 Threw 0x00000000eb8c96b0 at C:\jdk7u2_64p\jdk7u21\hotspot\src\share\vm\prims\jvm.cpp:1166
Event: 5.340 Thread 0x00000000026c0800 Threw 0x00000000eb8ca2f8 at C:\jdk7u2_64p\jdk7u21\hotspot\src\share\vm\prims\jvm.cpp:1166
Event: 5.345 Thread 0x00000000026c0800 Implicit null exception at 0x0000000002840aed to 0x0000000002843075
Event: 5.468 Thread 0x00000000026c0800 Implicit null exception at 0x00000000028384e5 to 0x0000000002839541

Events (10 events):
Event: 5.652 loading class 0x000000000c863660 done
Event: 5.652 loading class 0x000000000c863600 done
Event: 5.653 loading class 0x000000000c8631e0
Event: 5.653 loading class 0x000000000c48cf80
Event: 5.653 loading class 0x000000000c48cf80 done
Event: 5.653 loading class 0x000000000c8631e0 done
Event: 5.660 loading class 0x000000000bea9270
Event: 5.660 loading class 0x000000000bea9270 done
Event: 5.660 loading class 0x000000000bea8f40
Event: 5.661 loading class 0x000000000bea8f40 done


Dynamic libraries:
0x00007ff702d20000 - 0x00007ff702d53000 	C:\Program Files\Java\jdk1.7.0_21\bin\java.exe
0x00007ffed3e80000 - 0x00007ffed402a000 	C:\WINDOWS\SYSTEM32\ntdll.dll
0x00007ffed36a0000 - 0x00007ffed37da000 	C:\WINDOWS\system32\KERNEL32.DLL
0x00007ffed1410000 - 0x00007ffed151f000 	C:\WINDOWS\system32\KERNELBASE.dll
0x00007ffecfdd0000 - 0x00007ffecfe58000 	C:\WINDOWS\system32\apphelp.dll
0x00007ffec2b70000 - 0x00007ffec2bbf000 	C:\WINDOWS\AppPatch\AppPatch64\AcGenral.DLL
0x00007ffed2fe0000 - 0x00007ffed3087000 	C:\WINDOWS\system32\msvcrt.dll
0x00007ffed1030000 - 0x00007ffed105b000 	C:\WINDOWS\SYSTEM32\SspiCli.dll
0x00007ffed3e20000 - 0x00007ffed3e71000 	C:\WINDOWS\system32\SHLWAPI.dll
0x00007ffed18a0000 - 0x00007ffed1a11000 	C:\WINDOWS\system32\USER32.dll
0x00007ffed3a20000 - 0x00007ffed3b98000 	C:\WINDOWS\system32\ole32.dll
0x00007ffed1a20000 - 0x00007ffed2e40000 	C:\WINDOWS\system32\SHELL32.dll
0x00007ffed0860000 - 0x00007ffed087e000 	C:\WINDOWS\SYSTEM32\USERENV.dll
0x00007ffed30a0000 - 0x00007ffed3145000 	C:\WINDOWS\system32\ADVAPI32.dll
0x00007ffec9fd0000 - 0x00007ffec9feb000 	C:\WINDOWS\SYSTEM32\MPR.dll
0x00007ffed2e40000 - 0x00007ffed2f76000 	C:\WINDOWS\system32\RPCRT4.dll
0x00007ffed3470000 - 0x00007ffed34c7000 	C:\WINDOWS\SYSTEM32\sechost.dll
0x00007ffed3c40000 - 0x00007ffed3e16000 	C:\WINDOWS\SYSTEM32\combase.dll
0x00007ffed3310000 - 0x00007ffed3454000 	C:\WINDOWS\system32\GDI32.dll
0x00007ffed11f0000 - 0x00007ffed1204000 	C:\WINDOWS\SYSTEM32\profapi.dll
0x00007ffecf800000 - 0x00007ffecf89f000 	C:\WINDOWS\SYSTEM32\SHCORE.dll
0x00007ffed39e0000 - 0x00007ffed3a14000 	C:\WINDOWS\system32\IMM32.DLL
0x00007ffed1760000 - 0x00007ffed1899000 	C:\WINDOWS\system32\MSCTF.dll
0x00007ffecd370000 - 0x00007ffecd5ca000 	C:\WINDOWS\WinSxS\amd64_microsoft.windows.common-controls_6595b64144ccf1df_6.0.9600.17031_none_6242a4b3ecbb55a1\COMCTL32.dll
0x0000000052d10000 - 0x0000000052de1000 	C:\Program Files\Java\jdk1.7.0_21\jre\bin\msvcr100.dll
0x0000000052df0000 - 0x0000000053511000 	C:\Program Files\Java\jdk1.7.0_21\jre\bin\server\jvm.dll
0x00007ffec29d0000 - 0x00007ffec29d9000 	C:\WINDOWS\SYSTEM32\WSOCK32.dll
0x00007ffebfb60000 - 0x00007ffebfb7f000 	C:\WINDOWS\SYSTEM32\WINMM.dll
0x00007ffed3460000 - 0x00007ffed3467000 	C:\WINDOWS\system32\PSAPI.DLL
0x00007ffed34d0000 - 0x00007ffed3528000 	C:\WINDOWS\system32\WS2_32.dll
0x00007ffebf420000 - 0x00007ffebf44a000 	C:\WINDOWS\SYSTEM32\WINMMBASE.dll
0x00007ffed3160000 - 0x00007ffed3169000 	C:\WINDOWS\system32\NSI.dll
0x00007ffed13c0000 - 0x00007ffed140a000 	C:\WINDOWS\SYSTEM32\cfgmgr32.dll
0x00007ffed0020000 - 0x00007ffed0046000 	C:\WINDOWS\SYSTEM32\DEVOBJ.dll
0x0000000052cc0000 - 0x0000000052ccf000 	C:\Program Files\Java\jdk1.7.0_21\jre\bin\verify.dll
0x0000000052c90000 - 0x0000000052cb8000 	C:\Program Files\Java\jdk1.7.0_21\jre\bin\java.dll
0x0000000052c70000 - 0x0000000052c85000 	C:\Program Files\Java\jdk1.7.0_21\jre\bin\zip.dll
0x0000000052c50000 - 0x0000000052c69000 	C:\Program Files\Java\jdk1.7.0_21\jre\bin\net.dll
0x0000000180000000 - 0x000000018008a000 	C:\WINDOWS\system32\ICProxy64.dll
0x00007ffed0ab0000 - 0x00007ffed0b08000 	C:\WINDOWS\SYSTEM32\MSWSOCK.dll
0x00007ffed02c0000 - 0x00007ffed02e9000 	C:\WINDOWS\SYSTEM32\IPHLPAPI.DLL
0x00007ffed3530000 - 0x00007ffed35e7000 	C:\WINDOWS\system32\OLEAUT32.dll
0x00007ffed02b0000 - 0x00007ffed02ba000 	C:\WINDOWS\SYSTEM32\VERSION.dll
0x00007ffed02a0000 - 0x00007ffed02aa000 	C:\WINDOWS\SYSTEM32\WINNSI.DLL
0x00007ffed0070000 - 0x00007ffed007a000 	C:\WINDOWS\SYSTEM32\kernel.appcore.dll
0x00007ffed10c0000 - 0x00007ffed10ca000 	C:\WINDOWS\SYSTEM32\CRYPTBASE.dll
0x00007ffed1060000 - 0x00007ffed10c0000 	C:\WINDOWS\SYSTEM32\bcryptPrimitives.dll
0x00007ffecfef0000 - 0x00007ffed0011000 	C:\WINDOWS\system32\uxtheme.dll
0x00007ffec0840000 - 0x00007ffec08d8000 	C:\Program Files\Common Files\microsoft shared\ink\tiptsf.dll
0x00007ffed35f0000 - 0x00007ffed3694000 	C:\WINDOWS\SYSTEM32\clbcatq.dll
0x00007ffed0b10000 - 0x00007ffed0b2e000 	C:\WINDOWS\SYSTEM32\CRYPTSP.dll
0x00007ffed0750000 - 0x00007ffed0785000 	C:\WINDOWS\system32\rsaenh.dll
0x00007ffed0d40000 - 0x00007ffed0d66000 	C:\WINDOWS\SYSTEM32\bcrypt.dll
0x00007ffed10d0000 - 0x00007ffed1167000 	C:\WINDOWS\SYSTEM32\sxs.dll
0x0000000052c30000 - 0x0000000052c41000 	C:\Program Files\Java\jdk1.7.0_21\jre\bin\nio.dll
0x00000000529c0000 - 0x00000000529e4000 	C:\Program Files\Java\jdk1.7.0_21\jre\bin\sunec.dll
0x00000000529b0000 - 0x00000000529bb000 	C:\Program Files\Java\jdk1.7.0_21\jre\bin\sunmscapi.dll
0x00007ffed1520000 - 0x00007ffed16f7000 	C:\WINDOWS\system32\CRYPT32.dll
0x00007ffed12a0000 - 0x00007ffed12b2000 	C:\WINDOWS\system32\MSASN1.dll
0x00007ffec3560000 - 0x00007ffec3574000 	C:\WINDOWS\system32\napinsp.dll
0x00007ffec3540000 - 0x00007ffec3559000 	C:\WINDOWS\system32\pnrpnsp.dll
0x00007ffeccf40000 - 0x00007ffeccf59000 	C:\WINDOWS\system32\NLAapi.dll
0x00007ffed08c0000 - 0x00007ffed0963000 	C:\WINDOWS\SYSTEM32\DNSAPI.dll
0x00007ffec3530000 - 0x00007ffec353c000 	C:\WINDOWS\System32\winrnr.dll
0x00007ffec3510000 - 0x00007ffec3523000 	C:\WINDOWS\system32\wshbth.dll
0x0000000053ec0000 - 0x0000000053ee6000 	C:\Program Files\Bonjour\mdnsNSP.dll
0x00007ffec60c0000 - 0x00007ffec60c9000 	C:\Windows\System32\rasadhlp.dll
0x00007ffecb800000 - 0x00007ffecb868000 	C:\WINDOWS\System32\fwpuclnt.dll
0x00007ffecd110000 - 0x00007ffecd298000 	C:\WINDOWS\SYSTEM32\dbghelp.dll

VM Arguments:
jvm_args: -Dclassworlds.conf=C:\Program Files\NetBeans 8.0\java\maven\bin\m2.conf -Dmaven.home=C:\Program Files\NetBeans 8.0\java\maven 
java_command: org.codehaus.plexus.classworlds.launcher.Launcher -Dtest=com.przmnwck.games.ballsengine.AppTest -DnetbeansProjectMappings= -Dmaven.ext.class.path=C:\Program Files\NetBeans 8.0\java\maven-nblib\netbeans-eventspy.jar -Dfile.encoding=UTF-8 surefire:test
Launcher Type: SUN_STANDARD

Environment Variables:
JAVA_HOME=C:\Program Files\Java\jdk1.7.0_21
PATH=C:\Program Files (x86)\Intel\iCLS Client\;C:\Program Files\Intel\iCLS Client\;C:\WINDOWS\system32;C:\WINDOWS;C:\WINDOWS\System32\Wbem;C:\WINDOWS\System32\WindowsPowerShell\v1.0\;C:\Program Files\Intel\Intel(R) Management Engine Components\DAL;C:\Program Files\Intel\Intel(R) Management Engine Components\IPT;C:\Program Files (x86)\Intel\Intel(R) Management Engine Components\DAL;C:\Program Files (x86)\Intel\Intel(R) Management Engine Components\IPT;C:\Program Files (x86)\Intel\OpenCL SDK\2.0\bin\x86;C:\Program Files (x86)\Intel\OpenCL SDK\2.0\bin\x64
USERNAME=Przemys³aw
OS=Windows_NT
PROCESSOR_IDENTIFIER=Intel64 Family 6 Model 58 Stepping 9, GenuineIntel



---------------  S Y S T E M  ---------------

OS: Windows 8 , 64 bit Build 9200 

CPU:total 4 (2 cores per cpu, 2 threads per core) family 6 model 58 stepping 9, cmov, cx8, fxsr, mmx, sse, sse2, sse3, ssse3, sse4.1, sse4.2, popcnt, avx, ht, tsc, tscinvbit, tscinv

Memory: 4k page, physical 4070680k(1381384k free), swap 4791576k(1731400k free)

vm_info: Java HotSpot(TM) 64-Bit Server VM (23.21-b01) for windows-amd64 JRE (1.7.0_21-b11), built on Apr  4 2013 08:11:28 by "java_re" with unknown MS VC++:1600

time: Sat Jun 14 10:09:38 2014
elapsed time: 5 seconds

