#
# A fatal error has been detected by the Java Runtime Environment:
#
#  EXCEPTION_ACCESS_VIOLATION (0xc0000005) at pc=0x0000000000000000, pid=6924, tid=8704
#
# JRE version: 7.0_21-b11
# Java VM: Java HotSpot(TM) 64-Bit Server VM (23.21-b01 mixed mode windows-amd64 compressed oops)
# Problematic frame:
# C  0x0000000000000000
#
# Failed to write core dump. Minidumps are not enabled by default on client versions of Windows
#
# If you would like to submit a bug report, please visit:
#   http://bugreport.sun.com/bugreport/crash.jsp
# The crash happened outside the Java Virtual Machine in native code.
# See problematic frame for where to report the bug.
#

---------------  T H R E A D  ---------------

Current thread (0x00000000025d0800):  JavaThread "main" [_thread_in_native, id=8704, stack(0x0000000002450000,0x0000000002550000)]

siginfo: ExceptionCode=0xc0000005, ExceptionInformation=0x0000000000000008 0x0000000000000000

Registers:
RAX=0x0000000000000000, RBX=0x00000000025d09d8, RCX=0x0000000000b76d20, RDX=0x0000000000cd71e0
RSP=0x000000000254c750, RBP=0x0000000000000000, RSI=0x0000000008a716b8, RDI=0x0000000000000000
R8 =0x000000018007e1e8, R9 =0x0000000000008000, R10=0x000000005344cbf0, R11=0x000000000254c6d8
R12=0x000000000254c950, R13=0x0000000000000004, R14=0x000000000c593f30, R15=0x0000000000000001
RIP=0x0000000000000000, EFLAGS=0x0000000000010206

Top of Stack: (sp=0x000000000254c750)
0x000000000254c750:   00000000025d09d8 00000001800351d2
0x000000000254c760:   000000018007e120 0000000000b76d20
0x000000000254c770:   0000000000cd71e0 0000000000cd7a30
0x000000000254c780:   fffffffffffffffe 0000000008a71728
0x000000000254c790:   0000000000000001 0000000000000000
0x000000000254c7a0:   0000000008a716b8 0000000180035122
0x000000000254c7b0:   0000000000b76d20 0000000000b76d20
0x000000000254c7c0:   00000000025d09d8 0000000052d78bd4
0x000000000254c7d0:   000000000c0c7db0 000000000254c950
0x000000000254c7e0:   0000000008a716b8 000000000c0c7db0
0x000000000254c7f0:   00000000025d09d8 0000000052c535ba
0x000000000254c800:   0000000000b76d20 00000000025d09d8
0x000000000254c810:   000000000c0c7db0 0000000008a716b8
0x000000000254c820:   0000000000b95628 0000000000000000
0x000000000254c830:   0000000000000004 0000000000b76d20
0x000000000254c840:   000000000c0c7db0 0000000000000002 

Instructions: (pc=0x0000000000000000)
0xffffffffffffffe0:   


Register to memory mapping:

RAX=0x0000000000000000 is an unknown value
RBX=0x00000000025d09d8 is an unknown value
RCX=0x0000000000b76d20 is an unknown value
RDX=0x0000000000cd71e0 is an unknown value
RSP=0x000000000254c750 is pointing into the stack for thread: 0x00000000025d0800
RBP=0x0000000000000000 is an unknown value
RSI=0x0000000008a716b8 is an unknown value
RDI=0x0000000000000000 is an unknown value
R8 =0x000000018007e1e8 is an unknown value
R9 =0x0000000000008000 is an unknown value
R10=0x000000005344cbf0 is an unknown value
R11=0x000000000254c6d8 is pointing into the stack for thread: 0x00000000025d0800
R12=0x000000000254c950 is pointing into the stack for thread: 0x00000000025d0800
R13=0x0000000000000004 is an unknown value
R14=0x000000000c593f30 is an unknown value
R15=0x0000000000000001 is an unknown value


Stack: [0x0000000002450000,0x0000000002550000],  sp=0x000000000254c750,  free space=1009k
Java frames: (J=compiled Java code, j=interpreted, Vv=VM code)
j  java.net.Inet6AddressImpl.lookupAllHostAddr(Ljava/lang/String;)[Ljava/net/InetAddress;+0
j  java.net.InetAddress$1.lookupAllHostAddr(Ljava/lang/String;)[Ljava/net/InetAddress;+4
j  java.net.InetAddress.getAddressesFromNameService(Ljava/lang/String;Ljava/net/InetAddress;)[Ljava/net/InetAddress;+51
j  java.net.InetAddress.getLocalHost()Ljava/net/InetAddress;+90
j  sun.security.provider.SeedGenerator$1.run()Ljava/lang/Void;+61
j  sun.security.provider.SeedGenerator$1.run()Ljava/lang/Object;+1
v  ~StubRoutines::call_stub
j  java.security.AccessController.doPrivileged(Ljava/security/PrivilegedAction;)Ljava/lang/Object;+0
j  sun.security.provider.SeedGenerator.getSystemEntropy()[B+39
j  sun.security.provider.SecureRandom$SeederHolder.<clinit>()V+4
v  ~StubRoutines::call_stub
j  sun.security.provider.SecureRandom.engineNextBytes([B)V+21
j  java.security.SecureRandom.nextBytes([B)V+5
j  java.security.SecureRandom.next(I)I+17
j  java.util.Random.nextLong()J+3
j  java.io.File$TempDirectory.generateFile(Ljava/lang/String;Ljava/lang/String;Ljava/io/File;)Ljava/io/File;+3
j  java.io.File.createTempFile(Ljava/lang/String;Ljava/lang/String;Ljava/io/File;)Ljava/io/File;+45
j  org.apache.maven.surefire.booter.SystemPropertyManager.writePropertiesFile(Ljava/util/Properties;Ljava/io/File;Ljava/lang/String;Z)Ljava/io/File;+4
j  org.apache.maven.plugin.surefire.booterclient.BooterSerializer.serialize(Lorg/apache/maven/surefire/booter/ProviderConfiguration;Lorg/apache/maven/surefire/booter/StartupConfiguration;Ljava/lang/Object;Ljava/lang/String;)Ljava/io/File;+359
j  org.apache.maven.plugin.surefire.booterclient.ForkStarter.fork(Ljava/lang/Object;Ljava/util/Properties;Lorg/apache/maven/surefire/report/ReporterFactory;)Lorg/apache/maven/surefire/suite/RunResult;+35
j  org.apache.maven.plugin.surefire.booterclient.ForkStarter.run()Lorg/apache/maven/surefire/suite/RunResult;+39
j  org.apache.maven.plugin.surefire.AbstractSurefireMojo.executeProvider(Lorg/apache/maven/plugin/surefire/ProviderInfo;Lorg/apache/maven/plugin/surefire/Summary;)V+61
j  org.apache.maven.plugin.surefire.AbstractSurefireMojo.executeAllProviders()Lorg/apache/maven/plugin/surefire/Summary;+44
j  org.apache.maven.plugin.surefire.AbstractSurefireMojo.executeAfterPreconditionsChecked()V+5
j  org.apache.maven.plugin.surefire.AbstractSurefireMojo.execute()V+19
j  org.apache.maven.plugin.DefaultBuildPluginManager.executeMojo(Lorg/apache/maven/execution/MavenSession;Lorg/apache/maven/plugin/MojoExecution;)V+101
j  org.apache.maven.lifecycle.internal.MojoExecutor.execute(Lorg/apache/maven/execution/MavenSession;Lorg/apache/maven/plugin/MojoExecution;Lorg/apache/maven/lifecycle/internal/ProjectIndex;Lorg/apache/maven/lifecycle/internal/DependencyContext;)V+215
j  org.apache.maven.lifecycle.internal.MojoExecutor.execute(Lorg/apache/maven/execution/MavenSession;Lorg/apache/maven/plugin/MojoExecution;Lorg/apache/maven/lifecycle/internal/ProjectIndex;Lorg/apache/maven/lifecycle/internal/DependencyContext;Lorg/apache/maven/lifecycle/internal/PhaseRecorder;)V+6
j  org.apache.maven.lifecycle.internal.MojoExecutor.execute(Lorg/apache/maven/execution/MavenSession;Ljava/util/List;Lorg/apache/maven/lifecycle/internal/ProjectIndex;)V+60
j  org.apache.maven.lifecycle.internal.LifecycleModuleBuilder.buildProject(Lorg/apache/maven/execution/MavenSession;Lorg/apache/maven/execution/MavenSession;Lorg/apache/maven/lifecycle/internal/ReactorContext;Lorg/apache/maven/project/MavenProject;Lorg/apache/maven/lifecycle/internal/TaskSegment;)V+107
j  org.apache.maven.lifecycle.internal.LifecycleModuleBuilder.buildProject(Lorg/apache/maven/execution/MavenSession;Lorg/apache/maven/lifecycle/internal/ReactorContext;Lorg/apache/maven/project/MavenProject;Lorg/apache/maven/lifecycle/internal/TaskSegment;)V+7
j  org.apache.maven.lifecycle.internal.LifecycleStarter.singleThreadedBuild(Lorg/apache/maven/execution/MavenSession;Lorg/apache/maven/lifecycle/internal/ReactorContext;Lorg/apache/maven/lifecycle/internal/ProjectBuildList;Ljava/util/List;Lorg/apache/maven/lifecycle/internal/ReactorBuildStatus;)V+77
j  org.apache.maven.lifecycle.internal.LifecycleStarter.execute(Lorg/apache/maven/execution/MavenSession;)V+421
j  org.apache.maven.DefaultMaven.doExecute(Lorg/apache/maven/execution/MavenExecutionRequest;)Lorg/apache/maven/execution/MavenExecutionResult;+585
j  org.apache.maven.DefaultMaven.execute(Lorg/apache/maven/execution/MavenExecutionRequest;)Lorg/apache/maven/execution/MavenExecutionResult;+11
j  org.apache.maven.cli.MavenCli.execute(Lorg/apache/maven/cli/MavenCli$CliRequest;)I+19
j  org.apache.maven.cli.MavenCli.doMain(Lorg/apache/maven/cli/MavenCli$CliRequest;)I+53
j  org.apache.maven.cli.MavenCli.main([Ljava/lang/String;Lorg/codehaus/plexus/classworlds/ClassWorld;)I+18
v  ~StubRoutines::call_stub
j  sun.reflect.NativeMethodAccessorImpl.invoke0(Ljava/lang/reflect/Method;Ljava/lang/Object;[Ljava/lang/Object;)Ljava/lang/Object;+0
j  sun.reflect.NativeMethodAccessorImpl.invoke(Ljava/lang/Object;[Ljava/lang/Object;)Ljava/lang/Object;+87
j  sun.reflect.DelegatingMethodAccessorImpl.invoke(Ljava/lang/Object;[Ljava/lang/Object;)Ljava/lang/Object;+6
j  java.lang.reflect.Method.invoke(Ljava/lang/Object;[Ljava/lang/Object;)Ljava/lang/Object;+57
j  org.codehaus.plexus.classworlds.launcher.Launcher.launchEnhanced([Ljava/lang/String;)V+45
j  org.codehaus.plexus.classworlds.launcher.Launcher.launch([Ljava/lang/String;)V+2
j  org.codehaus.plexus.classworlds.launcher.Launcher.mainWithExitCode([Ljava/lang/String;)I+97
j  org.codehaus.plexus.classworlds.launcher.Launcher.main([Ljava/lang/String;)V+1
v  ~StubRoutines::call_stub

---------------  P R O C E S S  ---------------

Java Threads: ( => current thread )
  0x000000000ca2e800 JavaThread "resolver-4" daemon [_thread_blocked, id=4480, stack(0x000000000d650000,0x000000000d750000)]
  0x000000000c18d800 JavaThread "resolver-3" daemon [_thread_blocked, id=7000, stack(0x000000000d550000,0x000000000d650000)]
  0x000000000a718800 JavaThread "resolver-2" daemon [_thread_blocked, id=9056, stack(0x000000000d450000,0x000000000d550000)]
  0x000000000c47e800 JavaThread "resolver-1" daemon [_thread_blocked, id=6364, stack(0x000000000b2f0000,0x000000000b3f0000)]
  0x0000000008a68000 JavaThread "Service Thread" daemon [_thread_blocked, id=8816, stack(0x000000000a210000,0x000000000a310000)]
  0x0000000008a52000 JavaThread "C2 CompilerThread1" daemon [_thread_blocked, id=6696, stack(0x000000000a110000,0x000000000a210000)]
  0x0000000008a50000 JavaThread "C2 CompilerThread0" daemon [_thread_blocked, id=8420, stack(0x000000000a010000,0x000000000a110000)]
  0x0000000008a4f000 JavaThread "Attach Listener" daemon [_thread_blocked, id=8568, stack(0x0000000009f10000,0x000000000a010000)]
  0x0000000008a4c000 JavaThread "Signal Dispatcher" daemon [_thread_blocked, id=692, stack(0x0000000009e10000,0x0000000009f10000)]
  0x00000000089e9800 JavaThread "Finalizer" daemon [_thread_blocked, id=6460, stack(0x0000000009d10000,0x0000000009e10000)]
  0x00000000089e0800 JavaThread "Reference Handler" daemon [_thread_blocked, id=7280, stack(0x0000000009c10000,0x0000000009d10000)]
=>0x00000000025d0800 JavaThread "main" [_thread_in_native, id=8704, stack(0x0000000002450000,0x0000000002550000)]

Other Threads:
  0x00000000089d7000 VMThread [stack: 0x0000000009b10000,0x0000000009c10000] [id=7164]
  0x0000000008a73000 WatcherThread [stack: 0x000000000a310000,0x000000000a410000] [id=8132]

VM state:not at safepoint (normal execution)

VM Mutex/Monitor currently owned by a thread: None

Heap
 PSYoungGen      total 34496K, used 7053K [0x00000000eb4b0000, 0x00000000efe90000, 0x0000000100000000)
  eden space 31872K, 13% used [0x00000000eb4b0000,0x00000000eb903600,0x00000000ed3d0000)
  from space 2624K, 100% used [0x00000000ed3d0000,0x00000000ed660000,0x00000000ed660000)
  to   space 5952K, 0% used [0x00000000ef8c0000,0x00000000ef8c0000,0x00000000efe90000)
 ParOldGen       total 42432K, used 6385K [0x00000000c1e00000, 0x00000000c4770000, 0x00000000eb4b0000)
  object space 42432K, 15% used [0x00000000c1e00000,0x00000000c243c668,0x00000000c4770000)
 PSPermGen       total 21248K, used 13646K [0x00000000bcc00000, 0x00000000be0c0000, 0x00000000c1e00000)
  object space 21248K, 64% used [0x00000000bcc00000,0x00000000bd953b08,0x00000000be0c0000)

Card table byte_map: [0x0000000005790000,0x00000000059b0000] byte_map_base: 0x00000000051aa000

Polling page: 0x0000000000c60000

Code Cache  [0x00000000026d0000, 0x0000000002940000, 0x00000000056d0000)
 total_blobs=541 nmethods=266 adapters=226 free_code_cache=47968Kb largest_free_block=49071872

Compilation events (10 events):
Event: 5.794 Thread 0x0000000008a52000  276             org.codehaus.plexus.util.xml.Xpp3Dom::<init> (123 bytes)
Event: 5.936 Thread 0x0000000008a50000 nmethod 274 0x00000000027f58d0 code [0x00000000027f5c60, 0x00000000027f8868]
Event: 5.937 Thread 0x0000000008a50000  277             java.util.Arrays::copyOf (47 bytes)
Event: 5.946 Thread 0x0000000008a50000 nmethod 277 0x000000000276f090 code [0x000000000276f1e0, 0x000000000276f518]
Event: 5.946 Thread 0x0000000008a50000  278             java.util.Arrays::copyOf (13 bytes)
Event: 5.950 Thread 0x0000000008a50000 nmethod 278 0x000000000273f6d0 code [0x000000000273f800, 0x000000000273f998]
Event: 5.951 Thread 0x0000000008a50000  279             org.apache.maven.model.io.xpp3.MavenXpp3ReaderEx::checkFieldWithDuplicate (75 bytes)
Event: 5.964 Thread 0x0000000008a50000 nmethod 279 0x0000000002779c90 code [0x0000000002779e20, 0x000000000277a3c8]
Event: 5.964 Thread 0x0000000008a50000  280             java.util.regex.Pattern$BitClass::isSatisfiedBy (22 bytes)
Event: 5.966 Thread 0x0000000008a50000 nmethod 280 0x00000000027799d0 code [0x0000000002779b00, 0x0000000002779b98]

GC Heap History (10 events):
Event: 1.579 GC heap before
{Heap before GC invocations=1 (full 0):
 PSYoungGen      total 18560K, used 15936K [0x00000000eb4b0000, 0x00000000ec960000, 0x0000000100000000)
  eden space 15936K, 100% used [0x00000000eb4b0000,0x00000000ec440000,0x00000000ec440000)
  from space 2624K, 0% used [0x00000000ec6d0000,0x00000000ec6d0000,0x00000000ec960000)
  to   space 2624K, 0% used [0x00000000ec440000,0x00000000ec440000,0x00000000ec6d0000)
 ParOldGen       total 42432K, used 0K [0x00000000c1e00000, 0x00000000c4770000, 0x00000000eb4b0000)
  object space 42432K, 0% used [0x00000000c1e00000,0x00000000c1e00000,0x00000000c4770000)
 PSPermGen       total 21248K, used 6792K [0x00000000bcc00000, 0x00000000be0c0000, 0x00000000c1e00000)
  object space 21248K, 31% used [0x00000000bcc00000,0x00000000bd2a2130,0x00000000be0c0000)
Event: 1.588 GC heap after
Heap after GC invocations=1 (full 0):
 PSYoungGen      total 18560K, used 2599K [0x00000000eb4b0000, 0x00000000ec960000, 0x0000000100000000)
  eden space 15936K, 0% used [0x00000000eb4b0000,0x00000000eb4b0000,0x00000000ec440000)
  from space 2624K, 99% used [0x00000000ec440000,0x00000000ec6c9df0,0x00000000ec6d0000)
  to   space 2624K, 0% used [0x00000000ec6d0000,0x00000000ec6d0000,0x00000000ec960000)
 ParOldGen       total 42432K, used 536K [0x00000000c1e00000, 0x00000000c4770000, 0x00000000eb4b0000)
  object space 42432K, 1% used [0x00000000c1e00000,0x00000000c1e86110,0x00000000c4770000)
 PSPermGen       total 21248K, used 6792K [0x00000000bcc00000, 0x00000000be0c0000, 0x00000000c1e00000)
  object space 21248K, 31% used [0x00000000bcc00000,0x00000000bd2a2130,0x00000000be0c0000)
}
Event: 2.088 GC heap before
{Heap before GC invocations=2 (full 0):
 PSYoungGen      total 18560K, used 18535K [0x00000000eb4b0000, 0x00000000ec960000, 0x0000000100000000)
  eden space 15936K, 100% used [0x00000000eb4b0000,0x00000000ec440000,0x00000000ec440000)
  from space 2624K, 99% used [0x00000000ec440000,0x00000000ec6c9df0,0x00000000ec6d0000)
  to   space 2624K, 0% used [0x00000000ec6d0000,0x00000000ec6d0000,0x00000000ec960000)
 ParOldGen       total 42432K, used 536K [0x00000000c1e00000, 0x00000000c4770000, 0x00000000eb4b0000)
  object space 42432K, 1% used [0x00000000c1e00000,0x00000000c1e86110,0x00000000c4770000)
 PSPermGen       total 21248K, used 7596K [0x00000000bcc00000, 0x00000000be0c0000, 0x00000000c1e00000)
  object space 21248K, 35% used [0x00000000bcc00000,0x00000000bd36b1a8,0x00000000be0c0000)
Event: 2.098 GC heap after
Heap after GC invocations=2 (full 0):
 PSYoungGen      total 18560K, used 2455K [0x00000000eb4b0000, 0x00000000ed8f0000, 0x0000000100000000)
  eden space 15936K, 0% used [0x00000000eb4b0000,0x00000000eb4b0000,0x00000000ec440000)
  from space 2624K, 93% used [0x00000000ec6d0000,0x00000000ec935de8,0x00000000ec960000)
  to   space 2624K, 0% used [0x00000000ec440000,0x00000000ec440000,0x00000000ec6d0000)
 ParOldGen       total 42432K, used 544K [0x00000000c1e00000, 0x00000000c4770000, 0x00000000eb4b0000)
  object space 42432K, 1% used [0x00000000c1e00000,0x00000000c1e88110,0x00000000c4770000)
 PSPermGen       total 21248K, used 7596K [0x00000000bcc00000, 0x00000000be0c0000, 0x00000000c1e00000)
  object space 21248K, 35% used [0x00000000bcc00000,0x00000000bd36b1a8,0x00000000be0c0000)
}
Event: 2.796 GC heap before
{Heap before GC invocations=3 (full 0):
 PSYoungGen      total 18560K, used 18391K [0x00000000eb4b0000, 0x00000000ed8f0000, 0x0000000100000000)
  eden space 15936K, 100% used [0x00000000eb4b0000,0x00000000ec440000,0x00000000ec440000)
  from space 2624K, 93% used [0x00000000ec6d0000,0x00000000ec935de8,0x00000000ec960000)
  to   space 2624K, 0% used [0x00000000ec440000,0x00000000ec440000,0x00000000ec6d0000)
 ParOldGen       total 42432K, used 544K [0x00000000c1e00000, 0x00000000c4770000, 0x00000000eb4b0000)
  object space 42432K, 1% used [0x00000000c1e00000,0x00000000c1e88110,0x00000000c4770000)
 PSPermGen       total 21248K, used 9676K [0x00000000bcc00000, 0x00000000be0c0000, 0x00000000c1e00000)
  object space 21248K, 45% used [0x00000000bcc00000,0x00000000bd573380,0x00000000be0c0000)
Event: 2.805 GC heap after
Heap after GC invocations=3 (full 0):
 PSYoungGen      total 18560K, used 2621K [0x00000000eb4b0000, 0x00000000ed8f0000, 0x0000000100000000)
  eden space 15936K, 0% used [0x00000000eb4b0000,0x00000000eb4b0000,0x00000000ec440000)
  from space 2624K, 99% used [0x00000000ec440000,0x00000000ec6cf4d8,0x00000000ec6d0000)
  to   space 2624K, 0% used [0x00000000ed660000,0x00000000ed660000,0x00000000ed8f0000)
 ParOldGen       total 42432K, used 1857K [0x00000000c1e00000, 0x00000000c4770000, 0x00000000eb4b0000)
  object space 42432K, 4% used [0x00000000c1e00000,0x00000000c1fd0540,0x00000000c4770000)
 PSPermGen       total 21248K, used 9676K [0x00000000bcc00000, 0x00000000be0c0000, 0x00000000c1e00000)
  object space 21248K, 45% used [0x00000000bcc00000,0x00000000bd573380,0x00000000be0c0000)
}
Event: 3.790 GC heap before
{Heap before GC invocations=4 (full 0):
 PSYoungGen      total 18560K, used 18557K [0x00000000eb4b0000, 0x00000000ed8f0000, 0x0000000100000000)
  eden space 15936K, 100% used [0x00000000eb4b0000,0x00000000ec440000,0x00000000ec440000)
  from space 2624K, 99% used [0x00000000ec440000,0x00000000ec6cf4d8,0x00000000ec6d0000)
  to   space 2624K, 0% used [0x00000000ed660000,0x00000000ed660000,0x00000000ed8f0000)
 ParOldGen       total 42432K, used 1857K [0x00000000c1e00000, 0x00000000c4770000, 0x00000000eb4b0000)
  object space 42432K, 4% used [0x00000000c1e00000,0x00000000c1fd0540,0x00000000c4770000)
 PSPermGen       total 21248K, used 12380K [0x00000000bcc00000, 0x00000000be0c0000, 0x00000000c1e00000)
  object space 21248K, 58% used [0x00000000bcc00000,0x00000000bd817350,0x00000000be0c0000)
Event: 3.806 GC heap after
Heap after GC invocations=4 (full 0):
 PSYoungGen      total 34496K, used 2609K [0x00000000eb4b0000, 0x00000000ed8f0000, 0x0000000100000000)
  eden space 31872K, 0% used [0x00000000eb4b0000,0x00000000eb4b0000,0x00000000ed3d0000)
  from space 2624K, 99% used [0x00000000ed660000,0x00000000ed8ec510,0x00000000ed8f0000)
  to   space 2624K, 0% used [0x00000000ed3d0000,0x00000000ed3d0000,0x00000000ed660000)
 ParOldGen       total 42432K, used 4030K [0x00000000c1e00000, 0x00000000c4770000, 0x00000000eb4b0000)
  object space 42432K, 9% used [0x00000000c1e00000,0x00000000c21ef8e8,0x00000000c4770000)
 PSPermGen       total 21248K, used 12380K [0x00000000bcc00000, 0x00000000be0c0000, 0x00000000c1e00000)
  object space 21248K, 58% used [0x00000000bcc00000,0x00000000bd817350,0x00000000be0c0000)
}
Event: 5.732 GC heap before
{Heap before GC invocations=5 (full 0):
 PSYoungGen      total 34496K, used 34481K [0x00000000eb4b0000, 0x00000000ed8f0000, 0x0000000100000000)
  eden space 31872K, 100% used [0x00000000eb4b0000,0x00000000ed3d0000,0x00000000ed3d0000)
  from space 2624K, 99% used [0x00000000ed660000,0x00000000ed8ec510,0x00000000ed8f0000)
  to   space 2624K, 0% used [0x00000000ed3d0000,0x00000000ed3d0000,0x00000000ed660000)
 ParOldGen       total 42432K, used 4030K [0x00000000c1e00000, 0x00000000c4770000, 0x00000000eb4b0000)
  object space 42432K, 9% used [0x00000000c1e00000,0x00000000c21ef8e8,0x00000000c4770000)
 PSPermGen       total 21248K, used 13364K [0x00000000bcc00000, 0x00000000be0c0000, 0x00000000c1e00000)
  object space 21248K, 62% used [0x00000000bcc00000,0x00000000bd90d310,0x00000000be0c0000)
Event: 5.754 GC heap after
Heap after GC invocations=5 (full 0):
 PSYoungGen      total 34496K, used 2624K [0x00000000eb4b0000, 0x00000000efe90000, 0x0000000100000000)
  eden space 31872K, 0% used [0x00000000eb4b0000,0x00000000eb4b0000,0x00000000ed3d0000)
  from space 2624K, 100% used [0x00000000ed3d0000,0x00000000ed660000,0x00000000ed660000)
  to   space 5952K, 0% used [0x00000000ef8c0000,0x00000000ef8c0000,0x00000000efe90000)
 ParOldGen       total 42432K, used 6385K [0x00000000c1e00000, 0x00000000c4770000, 0x00000000eb4b0000)
  object space 42432K, 15% used [0x00000000c1e00000,0x00000000c243c668,0x00000000c4770000)
 PSPermGen       total 21248K, used 13364K [0x00000000bcc00000, 0x00000000be0c0000, 0x00000000c1e00000)
  object space 21248K, 62% used [0x00000000bcc00000,0x00000000bd90d310,0x00000000be0c0000)
}

Deoptimization events (10 events):
Event: 4.095 Thread 0x00000000025d0800 Uncommon trap -83 fr.pc 0x0000000002775f68
Event: 4.137 Thread 0x00000000025d0800 Uncommon trap -12 fr.pc 0x0000000002792b70
Event: 4.214 Thread 0x00000000025d0800 Uncommon trap -12 fr.pc 0x000000000279eed0
Event: 4.260 Thread 0x00000000025d0800 Uncommon trap -12 fr.pc 0x0000000002799a08
Event: 4.404 Thread 0x00000000025d0800 Uncommon trap -12 fr.pc 0x00000000027a80b8
Event: 4.618 Thread 0x00000000025d0800 Uncommon trap -12 fr.pc 0x00000000027b6c70
Event: 5.303 Thread 0x00000000025d0800 Uncommon trap -58 fr.pc 0x00000000027866dc
Event: 5.406 Thread 0x00000000025d0800 Uncommon trap -58 fr.pc 0x00000000027866dc
Event: 5.406 Thread 0x00000000025d0800 Uncommon trap -58 fr.pc 0x00000000027866dc
Event: 5.406 Thread 0x00000000025d0800 Uncommon trap -58 fr.pc 0x00000000027866dc

Internal exceptions (10 events):
Event: 5.984 Thread 0x00000000025d0800 Threw 0x00000000eb897480 at C:\jdk7u2_64p\jdk7u21\hotspot\src\share\vm\prims\jvm.cpp:1166
Event: 5.984 Thread 0x00000000025d0800 Threw 0x00000000eb89b750 at C:\jdk7u2_64p\jdk7u21\hotspot\src\share\vm\prims\jvm.cpp:1166
Event: 5.986 Thread 0x00000000025d0800 Threw 0x00000000eb89f378 at C:\jdk7u2_64p\jdk7u21\hotspot\src\share\vm\prims\jvm.cpp:1166
Event: 5.986 Thread 0x00000000025d0800 Threw 0x00000000eb89fb90 at C:\jdk7u2_64p\jdk7u21\hotspot\src\share\vm\prims\jvm.cpp:1166
Event: 5.986 Thread 0x00000000025d0800 Threw 0x00000000eb8a0320 at C:\jdk7u2_64p\jdk7u21\hotspot\src\share\vm\prims\jvm.cpp:1166
Event: 5.986 Thread 0x00000000025d0800 Threw 0x00000000eb8a4060 at C:\jdk7u2_64p\jdk7u21\hotspot\src\share\vm\prims\jvm.cpp:1166
Event: 5.986 Thread 0x00000000025d0800 Threw 0x00000000eb8a4b18 at C:\jdk7u2_64p\jdk7u21\hotspot\src\share\vm\prims\jvm.cpp:1166
Event: 5.988 Thread 0x00000000025d0800 Threw 0x00000000eb8aba10 at C:\jdk7u2_64p\jdk7u21\hotspot\src\share\vm\prims\jvm.cpp:1166
Event: 5.991 Thread 0x00000000025d0800 Threw 0x00000000eb8b2ba8 at C:\jdk7u2_64p\jdk7u21\hotspot\src\share\vm\prims\jvm.cpp:1166
Event: 5.995 Thread 0x00000000025d0800 Threw 0x00000000eb8bd5a0 at C:\jdk7u2_64p\jdk7u21\hotspot\src\share\vm\prims\jvm.cpp:1166

Events (10 events):
Event: 6.007 loading class 0x000000000c20cac0 done
Event: 6.007 loading class 0x000000000c20d7e0 done
Event: 6.007 loading class 0x000000000c20c850
Event: 6.008 loading class 0x000000000c0c6f70
Event: 6.008 loading class 0x000000000c0c6f70 done
Event: 6.008 loading class 0x000000000c20c850 done
Event: 6.015 loading class 0x000000000c20ca90
Event: 6.015 loading class 0x000000000c20ca90 done
Event: 6.015 loading class 0x000000000c20c760
Event: 6.015 loading class 0x000000000c20c760 done


Dynamic libraries:
0x00007ff702d20000 - 0x00007ff702d53000 	C:\Program Files\Java\jdk1.7.0_21\bin\java.exe
0x00007ffed3e80000 - 0x00007ffed402a000 	C:\WINDOWS\SYSTEM32\ntdll.dll
0x00007ffed36a0000 - 0x00007ffed37da000 	C:\WINDOWS\system32\KERNEL32.DLL
0x00007ffed1410000 - 0x00007ffed151f000 	C:\WINDOWS\system32\KERNELBASE.dll
0x00007ffecfdd0000 - 0x00007ffecfe58000 	C:\WINDOWS\system32\apphelp.dll
0x00007ffec2600000 - 0x00007ffec264f000 	C:\WINDOWS\AppPatch\AppPatch64\AcGenral.DLL
0x00007ffed2fe0000 - 0x00007ffed3087000 	C:\WINDOWS\system32\msvcrt.dll
0x00007ffed1030000 - 0x00007ffed105b000 	C:\WINDOWS\SYSTEM32\SspiCli.dll
0x00007ffed3e20000 - 0x00007ffed3e71000 	C:\WINDOWS\system32\SHLWAPI.dll
0x00007ffed18a0000 - 0x00007ffed1a11000 	C:\WINDOWS\system32\USER32.dll
0x00007ffed3a20000 - 0x00007ffed3b98000 	C:\WINDOWS\system32\ole32.dll
0x00007ffed1a20000 - 0x00007ffed2e40000 	C:\WINDOWS\system32\SHELL32.dll
0x00007ffed0860000 - 0x00007ffed087e000 	C:\WINDOWS\SYSTEM32\USERENV.dll
0x00007ffed30a0000 - 0x00007ffed3145000 	C:\WINDOWS\system32\ADVAPI32.dll
0x00007ffec9fd0000 - 0x00007ffec9feb000 	C:\WINDOWS\SYSTEM32\MPR.dll
0x00007ffed2e40000 - 0x00007ffed2f76000 	C:\WINDOWS\system32\RPCRT4.dll
0x00007ffed3470000 - 0x00007ffed34c7000 	C:\WINDOWS\SYSTEM32\sechost.dll
0x00007ffed3c40000 - 0x00007ffed3e16000 	C:\WINDOWS\SYSTEM32\combase.dll
0x00007ffed3310000 - 0x00007ffed3454000 	C:\WINDOWS\system32\GDI32.dll
0x00007ffed11f0000 - 0x00007ffed1204000 	C:\WINDOWS\SYSTEM32\profapi.dll
0x00007ffecf800000 - 0x00007ffecf89f000 	C:\WINDOWS\SYSTEM32\SHCORE.dll
0x00007ffed39e0000 - 0x00007ffed3a14000 	C:\WINDOWS\system32\IMM32.DLL
0x00007ffed1760000 - 0x00007ffed1899000 	C:\WINDOWS\system32\MSCTF.dll
0x00007ffecd370000 - 0x00007ffecd5ca000 	C:\WINDOWS\WinSxS\amd64_microsoft.windows.common-controls_6595b64144ccf1df_6.0.9600.17031_none_6242a4b3ecbb55a1\COMCTL32.dll
0x0000000052d10000 - 0x0000000052de1000 	C:\Program Files\Java\jdk1.7.0_21\jre\bin\msvcr100.dll
0x0000000052df0000 - 0x0000000053511000 	C:\Program Files\Java\jdk1.7.0_21\jre\bin\server\jvm.dll
0x00007ffec29d0000 - 0x00007ffec29d9000 	C:\WINDOWS\SYSTEM32\WSOCK32.dll
0x00007ffebfb60000 - 0x00007ffebfb7f000 	C:\WINDOWS\SYSTEM32\WINMM.dll
0x00007ffed3460000 - 0x00007ffed3467000 	C:\WINDOWS\system32\PSAPI.DLL
0x00007ffed34d0000 - 0x00007ffed3528000 	C:\WINDOWS\system32\WS2_32.dll
0x00007ffebf420000 - 0x00007ffebf44a000 	C:\WINDOWS\SYSTEM32\WINMMBASE.dll
0x00007ffed3160000 - 0x00007ffed3169000 	C:\WINDOWS\system32\NSI.dll
0x00007ffed13c0000 - 0x00007ffed140a000 	C:\WINDOWS\SYSTEM32\cfgmgr32.dll
0x00007ffed0020000 - 0x00007ffed0046000 	C:\WINDOWS\SYSTEM32\DEVOBJ.dll
0x0000000052cc0000 - 0x0000000052ccf000 	C:\Program Files\Java\jdk1.7.0_21\jre\bin\verify.dll
0x0000000052c90000 - 0x0000000052cb8000 	C:\Program Files\Java\jdk1.7.0_21\jre\bin\java.dll
0x0000000052c70000 - 0x0000000052c85000 	C:\Program Files\Java\jdk1.7.0_21\jre\bin\zip.dll
0x0000000052c50000 - 0x0000000052c69000 	C:\Program Files\Java\jdk1.7.0_21\jre\bin\net.dll
0x0000000180000000 - 0x000000018008a000 	C:\WINDOWS\system32\ICProxy64.dll
0x00007ffed0ab0000 - 0x00007ffed0b08000 	C:\WINDOWS\SYSTEM32\MSWSOCK.dll
0x00007ffed02c0000 - 0x00007ffed02e9000 	C:\WINDOWS\SYSTEM32\IPHLPAPI.DLL
0x00007ffed3530000 - 0x00007ffed35e7000 	C:\WINDOWS\system32\OLEAUT32.dll
0x00007ffed02b0000 - 0x00007ffed02ba000 	C:\WINDOWS\SYSTEM32\VERSION.dll
0x00007ffed02a0000 - 0x00007ffed02aa000 	C:\WINDOWS\SYSTEM32\WINNSI.DLL
0x00007ffed0070000 - 0x00007ffed007a000 	C:\WINDOWS\SYSTEM32\kernel.appcore.dll
0x00007ffed10c0000 - 0x00007ffed10ca000 	C:\WINDOWS\SYSTEM32\CRYPTBASE.dll
0x00007ffed1060000 - 0x00007ffed10c0000 	C:\WINDOWS\SYSTEM32\bcryptPrimitives.dll
0x00007ffecfef0000 - 0x00007ffed0011000 	C:\WINDOWS\system32\uxtheme.dll
0x00007ffec0840000 - 0x00007ffec08d8000 	C:\Program Files\Common Files\microsoft shared\ink\tiptsf.dll
0x00007ffed35f0000 - 0x00007ffed3694000 	C:\WINDOWS\SYSTEM32\clbcatq.dll
0x00007ffed0b10000 - 0x00007ffed0b2e000 	C:\WINDOWS\SYSTEM32\CRYPTSP.dll
0x00007ffed0750000 - 0x00007ffed0785000 	C:\WINDOWS\system32\rsaenh.dll
0x00007ffed0d40000 - 0x00007ffed0d66000 	C:\WINDOWS\SYSTEM32\bcrypt.dll
0x00007ffed10d0000 - 0x00007ffed1167000 	C:\WINDOWS\SYSTEM32\sxs.dll
0x0000000052c30000 - 0x0000000052c41000 	C:\Program Files\Java\jdk1.7.0_21\jre\bin\nio.dll
0x00007ffec3560000 - 0x00007ffec3574000 	C:\WINDOWS\system32\napinsp.dll
0x00007ffec3540000 - 0x00007ffec3559000 	C:\WINDOWS\system32\pnrpnsp.dll
0x00007ffeccf40000 - 0x00007ffeccf59000 	C:\WINDOWS\system32\NLAapi.dll
0x00007ffed08c0000 - 0x00007ffed0963000 	C:\WINDOWS\SYSTEM32\DNSAPI.dll
0x00007ffec3530000 - 0x00007ffec353c000 	C:\WINDOWS\System32\winrnr.dll
0x00007ffec3510000 - 0x00007ffec3523000 	C:\WINDOWS\system32\wshbth.dll
0x0000000053ec0000 - 0x0000000053ee6000 	C:\Program Files\Bonjour\mdnsNSP.dll
0x00007ffec60c0000 - 0x00007ffec60c9000 	C:\Windows\System32\rasadhlp.dll
0x00007ffecb800000 - 0x00007ffecb868000 	C:\WINDOWS\System32\fwpuclnt.dll
0x00007ffecd110000 - 0x00007ffecd298000 	C:\WINDOWS\SYSTEM32\dbghelp.dll

VM Arguments:
jvm_args: -Dclassworlds.conf=C:\Program Files\NetBeans 8.0\java\maven\bin\m2.conf -Dmaven.home=C:\Program Files\NetBeans 8.0\java\maven 
java_command: org.codehaus.plexus.classworlds.launcher.Launcher -Dtest=com.przmnwck.games.ballsengine.AppTest -DnetbeansProjectMappings= -Dmaven.ext.class.path=C:\Program Files\NetBeans 8.0\java\maven-nblib\netbeans-eventspy.jar -Dfile.encoding=UTF-8 surefire:test
Launcher Type: SUN_STANDARD

Environment Variables:
JAVA_HOME=C:\Program Files\Java\jdk1.7.0_21
PATH=C:\Program Files (x86)\Intel\iCLS Client\;C:\Program Files\Intel\iCLS Client\;C:\WINDOWS\system32;C:\WINDOWS;C:\WINDOWS\System32\Wbem;C:\WINDOWS\System32\WindowsPowerShell\v1.0\;C:\Program Files\Intel\Intel(R) Management Engine Components\DAL;C:\Program Files\Intel\Intel(R) Management Engine Components\IPT;C:\Program Files (x86)\Intel\Intel(R) Management Engine Components\DAL;C:\Program Files (x86)\Intel\Intel(R) Management Engine Components\IPT;C:\Program Files (x86)\Intel\OpenCL SDK\2.0\bin\x86;C:\Program Files (x86)\Intel\OpenCL SDK\2.0\bin\x64
USERNAME=Przemys³aw
OS=Windows_NT
PROCESSOR_IDENTIFIER=Intel64 Family 6 Model 58 Stepping 9, GenuineIntel



---------------  S Y S T E M  ---------------

OS: Windows 8 , 64 bit Build 9200 

CPU:total 4 (2 cores per cpu, 2 threads per core) family 6 model 58 stepping 9, cmov, cx8, fxsr, mmx, sse, sse2, sse3, ssse3, sse4.1, sse4.2, popcnt, avx, ht, tsc, tscinvbit, tscinv

Memory: 4k page, physical 4070680k(1464416k free), swap 4791576k(1802904k free)

vm_info: Java HotSpot(TM) 64-Bit Server VM (23.21-b01) for windows-amd64 JRE (1.7.0_21-b11), built on Apr  4 2013 08:11:28 by "java_re" with unknown MS VC++:1600

time: Sat Jun 14 10:02:30 2014
elapsed time: 6 seconds

