#
# A fatal error has been detected by the Java Runtime Environment:
#
#  EXCEPTION_ACCESS_VIOLATION (0xc0000005) at pc=0x0000000000000000, pid=7152, tid=5016
#
# JRE version: 7.0_21-b11
# Java VM: Java HotSpot(TM) 64-Bit Server VM (23.21-b01 mixed mode windows-amd64 compressed oops)
# Problematic frame:
# C  0x0000000000000000
#
# Failed to write core dump. Minidumps are not enabled by default on client versions of Windows
#
# If you would like to submit a bug report, please visit:
#   http://bugreport.sun.com/bugreport/crash.jsp
# The crash happened outside the Java Virtual Machine in native code.
# See problematic frame for where to report the bug.
#

---------------  T H R E A D  ---------------

Current thread (0x00000000023a0800):  JavaThread "main" [_thread_in_native, id=5016, stack(0x0000000002240000,0x0000000002340000)]

siginfo: ExceptionCode=0xc0000005, ExceptionInformation=0x0000000000000008 0x0000000000000000

Registers:
RAX=0x0000000000000000, RBX=0x00000000023a09d8, RCX=0x00000000009753e0, RDX=0x000000000a7b7230
RSP=0x0000000002339ca0, RBP=0x0000000000000000, RSI=0x0000000008871128, RDI=0x0000000000000000
R8 =0x000000018007e1e8, R9 =0x0000000000008000, R10=0x000000005344cbf0, R11=0x0000000002339c28
R12=0x0000000002339ea0, R13=0x0000000000000004, R14=0x000000000ca74b60, R15=0x0000000000000001
RIP=0x0000000000000000, EFLAGS=0x0000000000010202

Top of Stack: (sp=0x0000000002339ca0)
0x0000000002339ca0:   00000000023a09d8 00000001800351d2
0x0000000002339cb0:   000000018007e120 00000000009753e0
0x0000000002339cc0:   000000000a7b7230 000000000a7b7340
0x0000000002339cd0:   fffffffffffffffe 0000000008871198
0x0000000002339ce0:   0000000000000001 0000000000000000
0x0000000002339cf0:   0000000008871128 0000000180035122
0x0000000002339d00:   00000000009753e0 00000000009753e0
0x0000000002339d10:   00000000023a09d8 0000000052d78bd4
0x0000000002339d20:   000000000ca2a850 0000000002339ea0
0x0000000002339d30:   0000000008871128 000000000ca2a850
0x0000000002339d40:   00000000023a09d8 0000000052c535ba
0x0000000002339d50:   00000000009753e0 00000000023a09d8
0x0000000002339d60:   000000000ca2a850 0000000008871128
0x0000000002339d70:   0000000000996a98 0000000000000000
0x0000000002339d80:   0000000000000004 00000000009753e0
0x0000000002339d90:   000000000ca2a850 0000000000000002 

Instructions: (pc=0x0000000000000000)
0xffffffffffffffe0:   


Register to memory mapping:

RAX=0x0000000000000000 is an unknown value
RBX=0x00000000023a09d8 is an unknown value
RCX=0x00000000009753e0 is an unknown value
RDX=0x000000000a7b7230 is an unknown value
RSP=0x0000000002339ca0 is pointing into the stack for thread: 0x00000000023a0800
RBP=0x0000000000000000 is an unknown value
RSI=0x0000000008871128 is an unknown value
RDI=0x0000000000000000 is an unknown value
R8 =0x000000018007e1e8 is an unknown value
R9 =0x0000000000008000 is an unknown value
R10=0x000000005344cbf0 is an unknown value
R11=0x0000000002339c28 is pointing into the stack for thread: 0x00000000023a0800
R12=0x0000000002339ea0 is pointing into the stack for thread: 0x00000000023a0800
R13=0x0000000000000004 is an unknown value
R14=0x000000000ca74b60 is an unknown value
R15=0x0000000000000001 is an unknown value


Stack: [0x0000000002240000,0x0000000002340000],  sp=0x0000000002339ca0,  free space=999k
Java frames: (J=compiled Java code, j=interpreted, Vv=VM code)
j  java.net.Inet6AddressImpl.lookupAllHostAddr(Ljava/lang/String;)[Ljava/net/InetAddress;+0
j  java.net.InetAddress$1.lookupAllHostAddr(Ljava/lang/String;)[Ljava/net/InetAddress;+4
j  java.net.InetAddress.getAddressesFromNameService(Ljava/lang/String;Ljava/net/InetAddress;)[Ljava/net/InetAddress;+51
j  java.net.InetAddress.getLocalHost()Ljava/net/InetAddress;+90
j  sun.security.provider.SeedGenerator$1.run()Ljava/lang/Void;+61
j  sun.security.provider.SeedGenerator$1.run()Ljava/lang/Object;+1
v  ~StubRoutines::call_stub
j  java.security.AccessController.doPrivileged(Ljava/security/PrivilegedAction;)Ljava/lang/Object;+0
j  sun.security.provider.SeedGenerator.getSystemEntropy()[B+39
j  sun.security.provider.SecureRandom$SeederHolder.<clinit>()V+4
v  ~StubRoutines::call_stub
j  sun.security.provider.SecureRandom.engineNextBytes([B)V+21
j  java.security.SecureRandom.nextBytes([B)V+5
j  java.security.SecureRandom.next(I)I+17
j  java.util.Random.nextInt()I+3
j  sun.security.ssl.SSLContextImpl.engineInit([Ljavax/net/ssl/KeyManager;[Ljavax/net/ssl/TrustManager;Ljava/security/SecureRandom;)V+148
j  sun.security.ssl.SSLContextImpl$DefaultSSLContext.<init>()V+13
v  ~StubRoutines::call_stub
j  sun.reflect.NativeConstructorAccessorImpl.newInstance0(Ljava/lang/reflect/Constructor;[Ljava/lang/Object;)Ljava/lang/Object;+0
j  sun.reflect.NativeConstructorAccessorImpl.newInstance([Ljava/lang/Object;)Ljava/lang/Object;+72
j  sun.reflect.DelegatingConstructorAccessorImpl.newInstance([Ljava/lang/Object;)Ljava/lang/Object;+5
j  java.lang.reflect.Constructor.newInstance([Ljava/lang/Object;)Ljava/lang/Object;+80
j  java.lang.Class.newInstance0()Ljava/lang/Object;+118
j  java.lang.Class.newInstance()Ljava/lang/Object;+16
j  java.security.Provider$Service.newInstance(Ljava/lang/Object;)Ljava/lang/Object;+151
j  sun.security.jca.GetInstance.getInstance(Ljava/security/Provider$Service;Ljava/lang/Class;)Lsun/security/jca/GetInstance$Instance;+2
j  sun.security.jca.GetInstance.getInstance(Ljava/lang/String;Ljava/lang/Class;Ljava/lang/String;)Lsun/security/jca/GetInstance$Instance;+56
j  javax.net.ssl.SSLContext.getInstance(Ljava/lang/String;)Ljavax/net/ssl/SSLContext;+6
j  javax.net.ssl.SSLContext.getDefault()Ljavax/net/ssl/SSLContext;+8
j  javax.net.ssl.SSLSocketFactory.getDefault()Ljavax/net/SocketFactory;+164
j  javax.net.ssl.HttpsURLConnection.getDefaultSSLSocketFactory()Ljavax/net/ssl/SSLSocketFactory;+6
j  org.apache.maven.wagon.shared.http4.AbstractHttpClientWagon.createSchemeRegistry()Lorg/apache/maven/wagon/providers/http/httpclient/conn/scheme/SchemeRegistry;+103
j  org.apache.maven.wagon.shared.http4.AbstractHttpClientWagon.<clinit>()V+95
v  ~StubRoutines::call_stub
j  sun.reflect.NativeConstructorAccessorImpl.newInstance0(Ljava/lang/reflect/Constructor;[Ljava/lang/Object;)Ljava/lang/Object;+0
j  sun.reflect.NativeConstructorAccessorImpl.newInstance([Ljava/lang/Object;)Ljava/lang/Object;+72
j  sun.reflect.DelegatingConstructorAccessorImpl.newInstance([Ljava/lang/Object;)Ljava/lang/Object;+5
j  java.lang.reflect.Constructor.newInstance([Ljava/lang/Object;)Ljava/lang/Object;+80
j  com.google.inject.internal.DefaultConstructionProxyFactory$1.newInstance([Ljava/lang/Object;)Ljava/lang/Object;+5
j  com.google.inject.internal.ConstructorInjector.provision(Lcom/google/inject/internal/Errors;Lcom/google/inject/internal/InternalContext;Lcom/google/inject/internal/ConstructionContext;)Ljava/lang/Object;+21
j  com.google.inject.internal.ConstructorInjector.access$000(Lcom/google/inject/internal/ConstructorInjector;Lcom/google/inject/internal/Errors;Lcom/google/inject/internal/InternalContext;Lcom/google/inject/internal/ConstructionContext;)Ljava/lang/Object;+4
j  com.google.inject.internal.ConstructorInjector$1.call()Ljava/lang/Object;+16
j  com.google.inject.internal.ProvisionListenerStackCallback$Provision.provision()Ljava/lang/Object;+30
j  com.google.inject.internal.ProvisionListenerStackCallback$Provision.provision()Ljava/lang/Object;+135
j  com.google.inject.internal.ProvisionListenerStackCallback.provision(Lcom/google/inject/internal/Errors;Lcom/google/inject/internal/InternalContext;Lcom/google/inject/internal/ProvisionListenerStackCallback$ProvisionCallback;)Ljava/lang/Object;+18
j  com.google.inject.internal.ConstructorInjector.construct(Lcom/google/inject/internal/Errors;Lcom/google/inject/internal/InternalContext;Ljava/lang/Class;ZLcom/google/inject/internal/ProvisionListenerStackCallback;)Ljava/lang/Object;+94
j  com.google.inject.internal.ConstructorBindingImpl$Factory.get(Lcom/google/inject/internal/Errors;Lcom/google/inject/internal/InternalContext;Lcom/google/inject/spi/Dependency;Z)Ljava/lang/Object;+65
j  com.google.inject.internal.InjectorImpl$3$1.call(Lcom/google/inject/internal/InternalContext;)Ljava/lang/Object;+45
j  com.google.inject.internal.InjectorImpl.callInContext(Lcom/google/inject/internal/ContextualCallable;)Ljava/lang/Object;+62
j  com.google.inject.internal.InjectorImpl$3.get()Ljava/lang/Object;+25
j  com.google.inject.internal.InjectorImpl.getInstance(Ljava/lang/Class;)Ljava/lang/Object;+5
j  org.sonatype.guice.bean.reflect.AbstractDeferredClass.get()Ljava/lang/Object;+8
j  com.google.inject.internal.ProviderInternalFactory.provision(Ljavax/inject/Provider;Lcom/google/inject/internal/Errors;Lcom/google/inject/spi/Dependency;Lcom/google/inject/internal/ConstructionContext;)Ljava/lang/Object;+7
j  com.google.inject.internal.InternalFactoryToInitializableAdapter.provision(Ljavax/inject/Provider;Lcom/google/inject/internal/Errors;Lcom/google/inject/spi/Dependency;Lcom/google/inject/internal/ConstructionContext;)Ljava/lang/Object;+6
j  com.google.inject.internal.ProviderInternalFactory$1.call()Ljava/lang/Object;+20
j  com.google.inject.internal.ProvisionListenerStackCallback$Provision.provision()Ljava/lang/Object;+30
j  org.sonatype.guice.plexus.lifecycles.PlexusLifecycleManager.onProvision(Lcom/google/inject/spi/ProvisionListener$ProvisionInvocation;)V+24
j  com.google.inject.internal.ProvisionListenerStackCallback$Provision.provision()Ljava/lang/Object;+102
j  com.google.inject.internal.ProvisionListenerStackCallback.provision(Lcom/google/inject/internal/Errors;Lcom/google/inject/internal/InternalContext;Lcom/google/inject/internal/ProvisionListenerStackCallback$ProvisionCallback;)Ljava/lang/Object;+18
j  com.google.inject.internal.ProviderInternalFactory.circularGet(Ljavax/inject/Provider;Lcom/google/inject/internal/Errors;Lcom/google/inject/internal/InternalContext;Lcom/google/inject/spi/Dependency;Z)Ljava/lang/Object;+99
j  com.google.inject.internal.InternalFactoryToInitializableAdapter.get(Lcom/google/inject/internal/Errors;Lcom/google/inject/internal/InternalContext;Lcom/google/inject/spi/Dependency;Z)Ljava/lang/Object;+19
j  com.google.inject.internal.InjectorImpl$3$1.call(Lcom/google/inject/internal/InternalContext;)Ljava/lang/Object;+45
j  com.google.inject.internal.InjectorImpl.callInContext(Lcom/google/inject/internal/ContextualCallable;)Ljava/lang/Object;+34
j  com.google.inject.internal.InjectorImpl$3.get()Ljava/lang/Object;+25
j  com.google.inject.Scopes$1$1.get()Ljava/lang/Object;+22
j  org.sonatype.guice.bean.locators.LazyBeanEntry.getValue()Ljava/lang/Object;+4
j  org.sonatype.guice.plexus.locators.LazyPlexusBean.getValue()Ljava/lang/Object;+4
j  org.codehaus.plexus.DefaultPlexusContainer.lookup(Ljava/lang/Class;Ljava/lang/String;Ljava/lang/String;)Ljava/lang/Object;+27
j  org.codehaus.plexus.DefaultPlexusContainer.lookup(Ljava/lang/Class;Ljava/lang/String;)Ljava/lang/Object;+4
j  org.sonatype.aether.connector.wagon.PlexusWagonProvider.lookup(Ljava/lang/String;)Lorg/apache/maven/wagon/Wagon;+8
j  org.sonatype.aether.connector.wagon.WagonRepositoryConnector.lookupWagon()Lorg/apache/maven/wagon/Wagon;+8
j  org.sonatype.aether.connector.wagon.WagonRepositoryConnector.<init>(Lorg/sonatype/aether/connector/wagon/WagonProvider;Lorg/sonatype/aether/connector/wagon/WagonConfigurator;Lorg/sonatype/aether/repository/RemoteRepository;Lorg/sonatype/aether/RepositorySystemSession;Lorg/sonatype/aether/spi/io/FileProcessor;Lorg/sonatype/aether/spi/log/Logger;)V+174
j  org.sonatype.aether.connector.wagon.WagonRepositoryConnectorFactory.newInstance(Lorg/sonatype/aether/RepositorySystemSession;Lorg/sonatype/aether/repository/RemoteRepository;)Lorg/sonatype/aether/spi/connector/RepositoryConnector;+22
j  org.sonatype.aether.impl.internal.DefaultRemoteRepositoryManager.getRepositoryConnector(Lorg/sonatype/aether/RepositorySystemSession;Lorg/sonatype/aether/repository/RemoteRepository;)Lorg/sonatype/aether/spi/connector/RepositoryConnector;+67
j  org.sonatype.aether.impl.internal.DefaultArtifactResolver.resolve(Lorg/sonatype/aether/RepositorySystemSession;Ljava/util/Collection;)Ljava/util/List;+1382
j  org.sonatype.aether.impl.internal.DefaultArtifactResolver.resolveArtifacts(Lorg/sonatype/aether/RepositorySystemSession;Ljava/util/Collection;)Ljava/util/List;+104
j  org.sonatype.aether.impl.internal.DefaultArtifactResolver.resolveArtifact(Lorg/sonatype/aether/RepositorySystemSession;Lorg/sonatype/aether/resolution/ArtifactRequest;)Lorg/sonatype/aether/resolution/ArtifactResult;+6
j  org.sonatype.aether.impl.internal.DefaultRepositorySystem.resolveArtifact(Lorg/sonatype/aether/RepositorySystemSession;Lorg/sonatype/aether/resolution/ArtifactRequest;)Lorg/sonatype/aether/resolution/ArtifactResult;+11
j  org.apache.maven.project.DefaultProjectBuilder.build(Lorg/apache/maven/artifact/Artifact;ZLorg/apache/maven/project/ProjectBuildingRequest;)Lorg/apache/maven/project/ProjectBuildingResult;+65
j  org.apache.maven.project.DefaultProjectBuilder.build(Lorg/apache/maven/artifact/Artifact;Lorg/apache/maven/project/ProjectBuildingRequest;)Lorg/apache/maven/project/ProjectBuildingResult;+4
j  org.apache.maven.project.artifact.MavenMetadataSource.retrieveRelocatedProject(Lorg/apache/maven/artifact/Artifact;Lorg/apache/maven/repository/legacy/metadata/MetadataResolutionRequest;)Lorg/apache/maven/project/artifact/MavenMetadataSource$ProjectRelocation;+193
j  org.apache.maven.project.artifact.MavenMetadataSource.retrieve(Lorg/apache/maven/repository/legacy/metadata/MetadataResolutionRequest;)Lorg/apache/maven/artifact/metadata/ResolutionGroup;+143
j  org.apache.maven.repository.legacy.resolver.DefaultLegacyArtifactCollector.recurse(Lorg/apache/maven/artifact/resolver/ArtifactResolutionResult;Lorg/apache/maven/artifact/resolver/ResolutionNode;Ljava/util/Map;Lorg/apache/maven/artifact/versioning/ManagedVersionMap;Lorg/apache/maven/artifact/resolver/ArtifactResolutionRequest;Lorg/apache/maven/artifact/metadata/ArtifactMetadataSource;Lorg/apache/maven/artifact/resolver/filter/ArtifactFilter;Ljava/util/List;Ljava/util/List;)V+1248
j  org.apache.maven.repository.legacy.resolver.DefaultLegacyArtifactCollector.collect(Ljava/util/Set;Lorg/apache/maven/artifact/Artifact;Ljava/util/Map;Lorg/apache/maven/artifact/resolver/ArtifactResolutionRequest;Lorg/apache/maven/artifact/metadata/ArtifactMetadataSource;Lorg/apache/maven/artifact/resolver/filter/ArtifactFilter;Ljava/util/List;Ljava/util/List;)Lorg/apache/maven/artifact/resolver/ArtifactResolutionResult;+123
j  org.apache.maven.artifact.resolver.DefaultArtifactResolver.resolve(Lorg/apache/maven/artifact/resolver/ArtifactResolutionRequest;)Lorg/apache/maven/artifact/resolver/ArtifactResolutionResult;+585
j  org.apache.maven.artifact.resolver.DefaultArtifactResolver.resolveWithExceptions(Lorg/apache/maven/artifact/resolver/ArtifactResolutionRequest;)Lorg/apache/maven/artifact/resolver/ArtifactResolutionResult;+2
j  org.apache.maven.artifact.resolver.DefaultArtifactResolver.resolveTransitively(Ljava/util/Set;Lorg/apache/maven/artifact/Artifact;Ljava/util/Map;Lorg/apache/maven/artifact/repository/ArtifactRepository;Ljava/util/List;Lorg/apache/maven/artifact/metadata/ArtifactMetadataSource;Lorg/apache/maven/artifact/resolver/filter/ArtifactFilter;Ljava/util/List;Ljava/util/List;)Lorg/apache/maven/artifact/resolver/ArtifactResolutionResult;+63
j  org.apache.maven.artifact.resolver.DefaultArtifactResolver.resolveTransitively(Ljava/util/Set;Lorg/apache/maven/artifact/Artifact;Ljava/util/Map;Lorg/apache/maven/artifact/repository/ArtifactRepository;Ljava/util/List;Lorg/apache/maven/artifact/metadata/ArtifactMetadataSource;Lorg/apache/maven/artifact/resolver/filter/ArtifactFilter;Ljava/util/List;)Lorg/apache/maven/artifact/resolver/ArtifactResolutionResult;+15
j  org.apache.maven.artifact.resolver.DefaultArtifactResolver.resolveTransitively(Ljava/util/Set;Lorg/apache/maven/artifact/Artifact;Ljava/util/Map;Lorg/apache/maven/artifact/repository/ArtifactRepository;Ljava/util/List;Lorg/apache/maven/artifact/metadata/ArtifactMetadataSource;Lorg/apache/maven/artifact/resolver/filter/ArtifactFilter;)Lorg/apache/maven/artifact/resolver/ArtifactResolutionResult;+13
j  org.apache.maven.artifact.resolver.DefaultArtifactResolver.resolveTransitively(Ljava/util/Set;Lorg/apache/maven/artifact/Artifact;Lorg/apache/maven/artifact/repository/ArtifactRepository;Ljava/util/List;Lorg/apache/maven/artifact/metadata/ArtifactMetadataSource;Lorg/apache/maven/artifact/resolver/filter/ArtifactFilter;)Lorg/apache/maven/artifact/resolver/ArtifactResolutionResult;+13
j  org.apache.maven.plugin.surefire.SurefireDependencyResolver.resolveArtifact(Lorg/apache/maven/artifact/Artifact;Lorg/apache/maven/artifact/Artifact;)Lorg/apache/maven/artifact/resolver/ArtifactResolutionResult;+92
j  org.apache.maven.plugin.surefire.SurefireDependencyResolver.getProviderClasspath(Ljava/lang/String;Ljava/lang/String;Lorg/apache/maven/artifact/Artifact;)Lorg/apache/maven/surefire/booter/Classpath;+27
j  org.apache.maven.plugin.surefire.AbstractSurefireMojo$JUnit4ProviderInfo.getProviderClasspath()Lorg/apache/maven/surefire/booter/Classpath;+22
j  org.apache.maven.plugin.surefire.AbstractSurefireMojo.createStartupConfiguration(Lorg/apache/maven/plugin/surefire/booterclient/ForkConfiguration;Lorg/apache/maven/plugin/surefire/ProviderInfo;Lorg/apache/maven/surefire/booter/ClassLoaderConfiguration;)Lorg/apache/maven/surefire/booter/StartupConfiguration;+15
j  org.apache.maven.plugin.surefire.AbstractSurefireMojo.createForkStarter(Lorg/apache/maven/plugin/surefire/ProviderInfo;Lorg/apache/maven/plugin/surefire/booterclient/ForkConfiguration;Lorg/apache/maven/surefire/booter/ClassLoaderConfiguration;)Lorg/apache/maven/plugin/surefire/booterclient/ForkStarter;+4
j  org.apache.maven.plugin.surefire.AbstractSurefireMojo.executeProvider(Lorg/apache/maven/plugin/surefire/ProviderInfo;Lorg/apache/maven/plugin/surefire/Summary;)V+54
j  org.apache.maven.plugin.surefire.AbstractSurefireMojo.executeAllProviders()Lorg/apache/maven/plugin/surefire/Summary;+44
j  org.apache.maven.plugin.surefire.AbstractSurefireMojo.executeAfterPreconditionsChecked()V+5
j  org.apache.maven.plugin.surefire.AbstractSurefireMojo.execute()V+19
j  org.apache.maven.plugin.DefaultBuildPluginManager.executeMojo(Lorg/apache/maven/execution/MavenSession;Lorg/apache/maven/plugin/MojoExecution;)V+101
j  org.apache.maven.lifecycle.internal.MojoExecutor.execute(Lorg/apache/maven/execution/MavenSession;Lorg/apache/maven/plugin/MojoExecution;Lorg/apache/maven/lifecycle/internal/ProjectIndex;Lorg/apache/maven/lifecycle/internal/DependencyContext;)V+215
j  org.apache.maven.lifecycle.internal.MojoExecutor.execute(Lorg/apache/maven/execution/MavenSession;Lorg/apache/maven/plugin/MojoExecution;Lorg/apache/maven/lifecycle/internal/ProjectIndex;Lorg/apache/maven/lifecycle/internal/DependencyContext;Lorg/apache/maven/lifecycle/internal/PhaseRecorder;)V+6
j  org.apache.maven.lifecycle.internal.MojoExecutor.execute(Lorg/apache/maven/execution/MavenSession;Ljava/util/List;Lorg/apache/maven/lifecycle/internal/ProjectIndex;)V+60
j  org.apache.maven.lifecycle.internal.LifecycleModuleBuilder.buildProject(Lorg/apache/maven/execution/MavenSession;Lorg/apache/maven/execution/MavenSession;Lorg/apache/maven/lifecycle/internal/ReactorContext;Lorg/apache/maven/project/MavenProject;Lorg/apache/maven/lifecycle/internal/TaskSegment;)V+107
j  org.apache.maven.lifecycle.internal.LifecycleModuleBuilder.buildProject(Lorg/apache/maven/execution/MavenSession;Lorg/apache/maven/lifecycle/internal/ReactorContext;Lorg/apache/maven/project/MavenProject;Lorg/apache/maven/lifecycle/internal/TaskSegment;)V+7
j  org.apache.maven.lifecycle.internal.LifecycleStarter.singleThreadedBuild(Lorg/apache/maven/execution/MavenSession;Lorg/apache/maven/lifecycle/internal/ReactorContext;Lorg/apache/maven/lifecycle/internal/ProjectBuildList;Ljava/util/List;Lorg/apache/maven/lifecycle/internal/ReactorBuildStatus;)V+77
j  org.apache.maven.lifecycle.internal.LifecycleStarter.execute(Lorg/apache/maven/execution/MavenSession;)V+421
j  org.apache.maven.DefaultMaven.doExecute(Lorg/apache/maven/execution/MavenExecutionRequest;)Lorg/apache/maven/execution/MavenExecutionResult;+585
j  org.apache.maven.DefaultMaven.execute(Lorg/apache/maven/execution/MavenExecutionRequest;)Lorg/apache/maven/execution/MavenExecutionResult;+11
j  org.apache.maven.cli.MavenCli.execute(Lorg/apache/maven/cli/MavenCli$CliRequest;)I+19
j  org.apache.maven.cli.MavenCli.doMain(Lorg/apache/maven/cli/MavenCli$CliRequest;)I+53
j  org.apache.maven.cli.MavenCli.main([Ljava/lang/String;Lorg/codehaus/plexus/classworlds/ClassWorld;)I+18
v  ~StubRoutines::call_stub
j  sun.reflect.NativeMethodAccessorImpl.invoke0(Ljava/lang/reflect/Method;Ljava/lang/Object;[Ljava/lang/Object;)Ljava/lang/Object;+0
j  sun.reflect.NativeMethodAccessorImpl.invoke(Ljava/lang/Object;[Ljava/lang/Object;)Ljava/lang/Object;+87
j  sun.reflect.DelegatingMethodAccessorImpl.invoke(Ljava/lang/Object;[Ljava/lang/Object;)Ljava/lang/Object;+6
j  java.lang.reflect.Method.invoke(Ljava/lang/Object;[Ljava/lang/Object;)Ljava/lang/Object;+57
j  org.codehaus.plexus.classworlds.launcher.Launcher.launchEnhanced([Ljava/lang/String;)V+45
j  org.codehaus.plexus.classworlds.launcher.Launcher.launch([Ljava/lang/String;)V+2
j  org.codehaus.plexus.classworlds.launcher.Launcher.mainWithExitCode([Ljava/lang/String;)I+97
j  org.codehaus.plexus.classworlds.launcher.Launcher.main([Ljava/lang/String;)V+1
v  ~StubRoutines::call_stub

---------------  P R O C E S S  ---------------

Java Threads: ( => current thread )
  0x000000000cb4a800 JavaThread "resolver-2" daemon [_thread_blocked, id=4072, stack(0x000000000d3b0000,0x000000000d4b0000)]
  0x000000000ca2c800 JavaThread "resolver-1" daemon [_thread_blocked, id=5080, stack(0x000000000d2b0000,0x000000000d3b0000)]
  0x0000000008868800 JavaThread "Service Thread" daemon [_thread_blocked, id=3548, stack(0x000000000a000000,0x000000000a100000)]
  0x0000000008854800 JavaThread "C2 CompilerThread1" daemon [_thread_blocked, id=3640, stack(0x0000000009f00000,0x000000000a000000)]
  0x000000000884f800 JavaThread "C2 CompilerThread0" daemon [_thread_blocked, id=6948, stack(0x0000000009e00000,0x0000000009f00000)]
  0x000000000884e800 JavaThread "Attach Listener" daemon [_thread_blocked, id=5724, stack(0x0000000009d00000,0x0000000009e00000)]
  0x000000000884b000 JavaThread "Signal Dispatcher" daemon [_thread_blocked, id=7864, stack(0x0000000009c00000,0x0000000009d00000)]
  0x00000000087e8800 JavaThread "Finalizer" daemon [_thread_blocked, id=3676, stack(0x0000000009b00000,0x0000000009c00000)]
  0x00000000087e0000 JavaThread "Reference Handler" daemon [_thread_blocked, id=1980, stack(0x0000000009a00000,0x0000000009b00000)]
=>0x00000000023a0800 JavaThread "main" [_thread_in_native, id=5016, stack(0x0000000002240000,0x0000000002340000)]

Other Threads:
  0x00000000087d6800 VMThread [stack: 0x0000000009900000,0x0000000009a00000] [id=4120]
  0x0000000008873000 WatcherThread [stack: 0x000000000a100000,0x000000000a200000] [id=4520]

VM state:not at safepoint (normal execution)

VM Mutex/Monitor currently owned by a thread: None

Heap
 PSYoungGen      total 36864K, used 13474K [0x00000000eb4b0000, 0x00000000eddd0000, 0x0000000100000000)
  eden space 31808K, 29% used [0x00000000eb4b0000,0x00000000ebdddc28,0x00000000ed3c0000)
  from space 5056K, 80% used [0x00000000ed8c0000,0x00000000edcbae88,0x00000000eddb0000)
  to   space 5120K, 0% used [0x00000000ed3c0000,0x00000000ed3c0000,0x00000000ed8c0000)
 ParOldGen       total 42432K, used 5242K [0x00000000c1e00000, 0x00000000c4770000, 0x00000000eb4b0000)
  object space 42432K, 12% used [0x00000000c1e00000,0x00000000c231eb08,0x00000000c4770000)
 PSPermGen       total 21248K, used 15305K [0x00000000bcc00000, 0x00000000be0c0000, 0x00000000c1e00000)
  object space 21248K, 72% used [0x00000000bcc00000,0x00000000bdaf2430,0x00000000be0c0000)

Card table byte_map: [0x0000000005560000,0x0000000005780000] byte_map_base: 0x0000000004f7a000

Polling page: 0x0000000002340000

Code Cache  [0x00000000024a0000, 0x0000000002710000, 0x00000000054a0000)
 total_blobs=587 nmethods=304 adapters=234 free_code_cache=47952Kb largest_free_block=49073920

Compilation events (10 events):
Event: 5.740 Thread 0x0000000008854800  302  s          java.io.ByteArrayInputStream::available (10 bytes)
Event: 5.742 Thread 0x0000000008854800 nmethod 302 0x00000000025cb290 code [0x00000000025cb3c0, 0x00000000025cb5d8]
Event: 5.748 Thread 0x000000000884f800  303             java.io.ByteArrayInputStream::mark (9 bytes)
Event: 5.749 Thread 0x000000000884f800 nmethod 303 0x00000000025b4850 code [0x00000000025b4980, 0x00000000025b49d8]
Event: 5.757 Thread 0x0000000008854800  304             java.lang.String::equalsIgnoreCase (48 bytes)
Event: 5.764 Thread 0x000000000884f800  305   !         java.security.cert.Certificate::hashCode (34 bytes)
Event: 5.768 Thread 0x0000000008854800 nmethod 304 0x00000000025cc490 code [0x00000000025cc620, 0x00000000025cccb8]
Event: 5.770 Thread 0x000000000884f800 nmethod 305 0x00000000025cec10 code [0x00000000025ced60, 0x00000000025cef48]
Event: 5.775 Thread 0x0000000008854800  306             sun.nio.cs.SingleByte$Encoder::encode (114 bytes)
Event: 5.786 Thread 0x0000000008854800 nmethod 306 0x00000000025ce350 code [0x00000000025ce4c0, 0x00000000025ce858]

GC Heap History (10 events):
Event: 1.915 GC heap before
{Heap before GC invocations=2 (full 0):
 PSYoungGen      total 18560K, used 18556K [0x00000000eb4b0000, 0x00000000ec960000, 0x0000000100000000)
  eden space 15936K, 100% used [0x00000000eb4b0000,0x00000000ec440000,0x00000000ec440000)
  from space 2624K, 99% used [0x00000000ec440000,0x00000000ec6cf1d0,0x00000000ec6d0000)
  to   space 2624K, 0% used [0x00000000ec6d0000,0x00000000ec6d0000,0x00000000ec960000)
 ParOldGen       total 42432K, used 592K [0x00000000c1e00000, 0x00000000c4770000, 0x00000000eb4b0000)
  object space 42432K, 1% used [0x00000000c1e00000,0x00000000c1e943a0,0x00000000c4770000)
 PSPermGen       total 21248K, used 7566K [0x00000000bcc00000, 0x00000000be0c0000, 0x00000000c1e00000)
  object space 21248K, 35% used [0x00000000bcc00000,0x00000000bd363a00,0x00000000be0c0000)
Event: 1.921 GC heap after
Heap after GC invocations=2 (full 0):
 PSYoungGen      total 18560K, used 2495K [0x00000000eb4b0000, 0x00000000ec960000, 0x0000000100000000)
  eden space 15936K, 0% used [0x00000000eb4b0000,0x00000000eb4b0000,0x00000000ec440000)
  from space 2624K, 95% used [0x00000000ec6d0000,0x00000000ec93fc48,0x00000000ec960000)
  to   space 2624K, 0% used [0x00000000ec440000,0x00000000ec440000,0x00000000ec6d0000)
 ParOldGen       total 42432K, used 600K [0x00000000c1e00000, 0x00000000c4770000, 0x00000000eb4b0000)
  object space 42432K, 1% used [0x00000000c1e00000,0x00000000c1e963a0,0x00000000c4770000)
 PSPermGen       total 21248K, used 7566K [0x00000000bcc00000, 0x00000000be0c0000, 0x00000000c1e00000)
  object space 21248K, 35% used [0x00000000bcc00000,0x00000000bd363a00,0x00000000be0c0000)
}
Event: 2.569 GC heap before
{Heap before GC invocations=3 (full 0):
 PSYoungGen      total 18560K, used 18431K [0x00000000eb4b0000, 0x00000000ec960000, 0x0000000100000000)
  eden space 15936K, 100% used [0x00000000eb4b0000,0x00000000ec440000,0x00000000ec440000)
  from space 2624K, 95% used [0x00000000ec6d0000,0x00000000ec93fc48,0x00000000ec960000)
  to   space 2624K, 0% used [0x00000000ec440000,0x00000000ec440000,0x00000000ec6d0000)
 ParOldGen       total 42432K, used 600K [0x00000000c1e00000, 0x00000000c4770000, 0x00000000eb4b0000)
  object space 42432K, 1% used [0x00000000c1e00000,0x00000000c1e963a0,0x00000000c4770000)
 PSPermGen       total 21248K, used 9677K [0x00000000bcc00000, 0x00000000be0c0000, 0x00000000c1e00000)
  object space 21248K, 45% used [0x00000000bcc00000,0x00000000bd573498,0x00000000be0c0000)
Event: 2.578 GC heap after
Heap after GC invocations=3 (full 0):
 PSYoungGen      total 18560K, used 2595K [0x00000000eb4b0000, 0x00000000ec960000, 0x0000000100000000)
  eden space 15936K, 0% used [0x00000000eb4b0000,0x00000000eb4b0000,0x00000000ec440000)
  from space 2624K, 98% used [0x00000000ec440000,0x00000000ec6c8e50,0x00000000ec6d0000)
  to   space 2624K, 0% used [0x00000000ec6d0000,0x00000000ec6d0000,0x00000000ec960000)
 ParOldGen       total 42432K, used 1983K [0x00000000c1e00000, 0x00000000c4770000, 0x00000000eb4b0000)
  object space 42432K, 4% used [0x00000000c1e00000,0x00000000c1fefdf8,0x00000000c4770000)
 PSPermGen       total 21248K, used 9677K [0x00000000bcc00000, 0x00000000be0c0000, 0x00000000c1e00000)
  object space 21248K, 45% used [0x00000000bcc00000,0x00000000bd573498,0x00000000be0c0000)
}
Event: 3.528 GC heap before
{Heap before GC invocations=4 (full 0):
 PSYoungGen      total 18560K, used 18531K [0x00000000eb4b0000, 0x00000000ec960000, 0x0000000100000000)
  eden space 15936K, 100% used [0x00000000eb4b0000,0x00000000ec440000,0x00000000ec440000)
  from space 2624K, 98% used [0x00000000ec440000,0x00000000ec6c8e50,0x00000000ec6d0000)
  to   space 2624K, 0% used [0x00000000ec6d0000,0x00000000ec6d0000,0x00000000ec960000)
 ParOldGen       total 42432K, used 1983K [0x00000000c1e00000, 0x00000000c4770000, 0x00000000eb4b0000)
  object space 42432K, 4% used [0x00000000c1e00000,0x00000000c1fefdf8,0x00000000c4770000)
 PSPermGen       total 21248K, used 12380K [0x00000000bcc00000, 0x00000000be0c0000, 0x00000000c1e00000)
  object space 21248K, 58% used [0x00000000bcc00000,0x00000000bd817310,0x00000000be0c0000)
Event: 3.540 GC heap after
Heap after GC invocations=4 (full 0):
 PSYoungGen      total 18560K, used 2609K [0x00000000eb4b0000, 0x00000000ed8f0000, 0x0000000100000000)
  eden space 15936K, 0% used [0x00000000eb4b0000,0x00000000eb4b0000,0x00000000ec440000)
  from space 2624K, 99% used [0x00000000ec6d0000,0x00000000ec95c4f0,0x00000000ec960000)
  to   space 2624K, 0% used [0x00000000ec440000,0x00000000ec440000,0x00000000ec6d0000)
 ParOldGen       total 42432K, used 4145K [0x00000000c1e00000, 0x00000000c4770000, 0x00000000eb4b0000)
  object space 42432K, 9% used [0x00000000c1e00000,0x00000000c220c610,0x00000000c4770000)
 PSPermGen       total 21248K, used 12380K [0x00000000bcc00000, 0x00000000be0c0000, 0x00000000c1e00000)
  object space 21248K, 58% used [0x00000000bcc00000,0x00000000bd817310,0x00000000be0c0000)
}
Event: 4.589 GC heap before
{Heap before GC invocations=5 (full 0):
 PSYoungGen      total 18560K, used 18545K [0x00000000eb4b0000, 0x00000000ed8f0000, 0x0000000100000000)
  eden space 15936K, 100% used [0x00000000eb4b0000,0x00000000ec440000,0x00000000ec440000)
  from space 2624K, 99% used [0x00000000ec6d0000,0x00000000ec95c4f0,0x00000000ec960000)
  to   space 2624K, 0% used [0x00000000ec440000,0x00000000ec440000,0x00000000ec6d0000)
 ParOldGen       total 42432K, used 4145K [0x00000000c1e00000, 0x00000000c4770000, 0x00000000eb4b0000)
  object space 42432K, 9% used [0x00000000c1e00000,0x00000000c220c610,0x00000000c4770000)
 PSPermGen       total 21248K, used 12677K [0x00000000bcc00000, 0x00000000be0c0000, 0x00000000c1e00000)
  object space 21248K, 59% used [0x00000000bcc00000,0x00000000bd8616a8,0x00000000be0c0000)
Event: 4.607 GC heap after
Heap after GC invocations=5 (full 0):
 PSYoungGen      total 18560K, used 2624K [0x00000000eb4b0000, 0x00000000eddb0000, 0x0000000100000000)
  eden space 15936K, 0% used [0x00000000eb4b0000,0x00000000eb4b0000,0x00000000ec440000)
  from space 2624K, 100% used [0x00000000ec440000,0x00000000ec6d0000,0x00000000ec6d0000)
  to   space 5056K, 0% used [0x00000000ed8c0000,0x00000000ed8c0000,0x00000000eddb0000)
 ParOldGen       total 42432K, used 5242K [0x00000000c1e00000, 0x00000000c4770000, 0x00000000eb4b0000)
  object space 42432K, 12% used [0x00000000c1e00000,0x00000000c231eb08,0x00000000c4770000)
 PSPermGen       total 21248K, used 12677K [0x00000000bcc00000, 0x00000000be0c0000, 0x00000000c1e00000)
  object space 21248K, 59% used [0x00000000bcc00000,0x00000000bd8616a8,0x00000000be0c0000)
}
Event: 5.285 GC heap before
{Heap before GC invocations=6 (full 0):
 PSYoungGen      total 18560K, used 18560K [0x00000000eb4b0000, 0x00000000eddb0000, 0x0000000100000000)
  eden space 15936K, 100% used [0x00000000eb4b0000,0x00000000ec440000,0x00000000ec440000)
  from space 2624K, 100% used [0x00000000ec440000,0x00000000ec6d0000,0x00000000ec6d0000)
  to   space 5056K, 0% used [0x00000000ed8c0000,0x00000000ed8c0000,0x00000000eddb0000)
 ParOldGen       total 42432K, used 5242K [0x00000000c1e00000, 0x00000000c4770000, 0x00000000eb4b0000)
  object space 42432K, 12% used [0x00000000c1e00000,0x00000000c231eb08,0x00000000c4770000)
 PSPermGen       total 21248K, used 13349K [0x00000000bcc00000, 0x00000000be0c0000, 0x00000000c1e00000)
  object space 21248K, 62% used [0x00000000bcc00000,0x00000000bd909778,0x00000000be0c0000)
Event: 5.302 GC heap after
Heap after GC invocations=6 (full 0):
 PSYoungGen      total 36864K, used 4075K [0x00000000eb4b0000, 0x00000000eddd0000, 0x0000000100000000)
  eden space 31808K, 0% used [0x00000000eb4b0000,0x00000000eb4b0000,0x00000000ed3c0000)
  from space 5056K, 80% used [0x00000000ed8c0000,0x00000000edcbae88,0x00000000eddb0000)
  to   space 5120K, 0% used [0x00000000ed3c0000,0x00000000ed3c0000,0x00000000ed8c0000)
 ParOldGen       total 42432K, used 5242K [0x00000000c1e00000, 0x00000000c4770000, 0x00000000eb4b0000)
  object space 42432K, 12% used [0x00000000c1e00000,0x00000000c231eb08,0x00000000c4770000)
 PSPermGen       total 21248K, used 13349K [0x00000000bcc00000, 0x00000000be0c0000, 0x00000000c1e00000)
  object space 21248K, 62% used [0x00000000bcc00000,0x00000000bd909778,0x00000000be0c0000)
}

Deoptimization events (10 events):
Event: 3.732 Thread 0x00000000023a0800 Uncommon trap -83 fr.pc 0x000000000252f72c
Event: 3.734 Thread 0x00000000023a0800 Uncommon trap -83 fr.pc 0x0000000002533b68
Event: 3.734 Thread 0x00000000023a0800 Uncommon trap -83 fr.pc 0x0000000002546930
Event: 3.791 Thread 0x00000000023a0800 Uncommon trap -12 fr.pc 0x0000000002561130
Event: 3.957 Thread 0x00000000023a0800 Uncommon trap -12 fr.pc 0x000000000256457c
Event: 3.969 Thread 0x00000000023a0800 Uncommon trap -12 fr.pc 0x000000000256fcdc
Event: 4.140 Thread 0x00000000023a0800 Uncommon trap -12 fr.pc 0x0000000002578f38
Event: 4.348 Thread 0x00000000023a0800 Uncommon trap -12 fr.pc 0x0000000002585bd0
Event: 5.463 Thread 0x00000000023a0800 Uncommon trap -83 fr.pc 0x000000000251f594
Event: 5.602 Thread 0x00000000023a0800 Uncommon trap -83 fr.pc 0x0000000002518c60

Internal exceptions (10 events):
Event: 5.452 Thread 0x00000000023a0800 Threw 0x00000000eb8aa9d8 at C:\jdk7u2_64p\jdk7u21\hotspot\src\share\vm\prims\jvm.cpp:1166
Event: 5.452 Thread 0x00000000023a0800 Threw 0x00000000eb8ab628 at C:\jdk7u2_64p\jdk7u21\hotspot\src\share\vm\prims\jvm.cpp:1166
Event: 5.453 Thread 0x00000000023a0800 Threw 0x00000000eb8b26d8 at C:\jdk7u2_64p\jdk7u21\hotspot\src\share\vm\prims\jvm.cpp:1166
Event: 5.453 Thread 0x00000000023a0800 Threw 0x00000000eb8b32d8 at C:\jdk7u2_64p\jdk7u21\hotspot\src\share\vm\prims\jvm.cpp:1166
Event: 5.456 Thread 0x00000000023a0800 Threw 0x00000000eb8c0b20 at C:\jdk7u2_64p\jdk7u21\hotspot\src\share\vm\prims\jvm.cpp:1166
Event: 5.456 Thread 0x00000000023a0800 Threw 0x00000000eb8c17b0 at C:\jdk7u2_64p\jdk7u21\hotspot\src\share\vm\prims\jvm.cpp:1166
Event: 5.456 Thread 0x00000000023a0800 Threw 0x00000000eb8c9380 at C:\jdk7u2_64p\jdk7u21\hotspot\src\share\vm\prims\jvm.cpp:1166
Event: 5.457 Thread 0x00000000023a0800 Threw 0x00000000eb8c9fc8 at C:\jdk7u2_64p\jdk7u21\hotspot\src\share\vm\prims\jvm.cpp:1166
Event: 5.463 Thread 0x00000000023a0800 Implicit null exception at 0x000000000251cfed to 0x000000000251f579
Event: 5.602 Thread 0x00000000023a0800 Implicit null exception at 0x0000000002517be5 to 0x0000000002518c41

Events (10 events):
Event: 5.778 loading class 0x000000000c524c40 done
Event: 5.779 loading class 0x000000000c5253f0 done
Event: 5.779 loading class 0x000000000c524490
Event: 5.779 loading class 0x000000000ca2a1d0
Event: 5.779 loading class 0x000000000ca2a1d0 done
Event: 5.779 loading class 0x000000000c524490 done
Event: 5.787 loading class 0x000000000c5989b0
Event: 5.787 loading class 0x000000000c5989b0 done
Event: 5.788 loading class 0x000000000c598b60
Event: 5.788 loading class 0x000000000c598b60 done


Dynamic libraries:
0x00007ff702d20000 - 0x00007ff702d53000 	C:\Program Files\Java\jdk1.7.0_21\bin\java.exe
0x00007ffed3e80000 - 0x00007ffed402a000 	C:\WINDOWS\SYSTEM32\ntdll.dll
0x00007ffed36a0000 - 0x00007ffed37da000 	C:\WINDOWS\system32\KERNEL32.DLL
0x00007ffed1410000 - 0x00007ffed151f000 	C:\WINDOWS\system32\KERNELBASE.dll
0x00007ffecfdd0000 - 0x00007ffecfe58000 	C:\WINDOWS\system32\apphelp.dll
0x00007ffec2b70000 - 0x00007ffec2bbf000 	C:\WINDOWS\AppPatch\AppPatch64\AcGenral.DLL
0x00007ffed2fe0000 - 0x00007ffed3087000 	C:\WINDOWS\system32\msvcrt.dll
0x00007ffed1030000 - 0x00007ffed105b000 	C:\WINDOWS\SYSTEM32\SspiCli.dll
0x00007ffed3e20000 - 0x00007ffed3e71000 	C:\WINDOWS\system32\SHLWAPI.dll
0x00007ffed18a0000 - 0x00007ffed1a11000 	C:\WINDOWS\system32\USER32.dll
0x00007ffed3a20000 - 0x00007ffed3b98000 	C:\WINDOWS\system32\ole32.dll
0x00007ffed1a20000 - 0x00007ffed2e40000 	C:\WINDOWS\system32\SHELL32.dll
0x00007ffed0860000 - 0x00007ffed087e000 	C:\WINDOWS\SYSTEM32\USERENV.dll
0x00007ffed30a0000 - 0x00007ffed3145000 	C:\WINDOWS\system32\ADVAPI32.dll
0x00007ffec9fd0000 - 0x00007ffec9feb000 	C:\WINDOWS\SYSTEM32\MPR.dll
0x00007ffed2e40000 - 0x00007ffed2f76000 	C:\WINDOWS\system32\RPCRT4.dll
0x00007ffed3470000 - 0x00007ffed34c7000 	C:\WINDOWS\SYSTEM32\sechost.dll
0x00007ffed3c40000 - 0x00007ffed3e16000 	C:\WINDOWS\SYSTEM32\combase.dll
0x00007ffed3310000 - 0x00007ffed3454000 	C:\WINDOWS\system32\GDI32.dll
0x00007ffed11f0000 - 0x00007ffed1204000 	C:\WINDOWS\SYSTEM32\profapi.dll
0x00007ffecf800000 - 0x00007ffecf89f000 	C:\WINDOWS\SYSTEM32\SHCORE.dll
0x00007ffed39e0000 - 0x00007ffed3a14000 	C:\WINDOWS\system32\IMM32.DLL
0x00007ffed1760000 - 0x00007ffed1899000 	C:\WINDOWS\system32\MSCTF.dll
0x00007ffecd370000 - 0x00007ffecd5ca000 	C:\WINDOWS\WinSxS\amd64_microsoft.windows.common-controls_6595b64144ccf1df_6.0.9600.17031_none_6242a4b3ecbb55a1\COMCTL32.dll
0x0000000052d10000 - 0x0000000052de1000 	C:\Program Files\Java\jdk1.7.0_21\jre\bin\msvcr100.dll
0x0000000052df0000 - 0x0000000053511000 	C:\Program Files\Java\jdk1.7.0_21\jre\bin\server\jvm.dll
0x00007ffec29d0000 - 0x00007ffec29d9000 	C:\WINDOWS\SYSTEM32\WSOCK32.dll
0x00007ffebfb60000 - 0x00007ffebfb7f000 	C:\WINDOWS\SYSTEM32\WINMM.dll
0x00007ffed3460000 - 0x00007ffed3467000 	C:\WINDOWS\system32\PSAPI.DLL
0x00007ffed34d0000 - 0x00007ffed3528000 	C:\WINDOWS\system32\WS2_32.dll
0x00007ffebf420000 - 0x00007ffebf44a000 	C:\WINDOWS\SYSTEM32\WINMMBASE.dll
0x00007ffed3160000 - 0x00007ffed3169000 	C:\WINDOWS\system32\NSI.dll
0x00007ffed13c0000 - 0x00007ffed140a000 	C:\WINDOWS\SYSTEM32\cfgmgr32.dll
0x00007ffed0020000 - 0x00007ffed0046000 	C:\WINDOWS\SYSTEM32\DEVOBJ.dll
0x0000000052cc0000 - 0x0000000052ccf000 	C:\Program Files\Java\jdk1.7.0_21\jre\bin\verify.dll
0x0000000052c90000 - 0x0000000052cb8000 	C:\Program Files\Java\jdk1.7.0_21\jre\bin\java.dll
0x0000000052c70000 - 0x0000000052c85000 	C:\Program Files\Java\jdk1.7.0_21\jre\bin\zip.dll
0x0000000052c50000 - 0x0000000052c69000 	C:\Program Files\Java\jdk1.7.0_21\jre\bin\net.dll
0x0000000180000000 - 0x000000018008a000 	C:\WINDOWS\system32\ICProxy64.dll
0x00007ffed0ab0000 - 0x00007ffed0b08000 	C:\WINDOWS\SYSTEM32\MSWSOCK.dll
0x00007ffed02c0000 - 0x00007ffed02e9000 	C:\WINDOWS\SYSTEM32\IPHLPAPI.DLL
0x00007ffed3530000 - 0x00007ffed35e7000 	C:\WINDOWS\system32\OLEAUT32.dll
0x00007ffed02b0000 - 0x00007ffed02ba000 	C:\WINDOWS\SYSTEM32\VERSION.dll
0x00007ffed02a0000 - 0x00007ffed02aa000 	C:\WINDOWS\SYSTEM32\WINNSI.DLL
0x00007ffed0070000 - 0x00007ffed007a000 	C:\WINDOWS\SYSTEM32\kernel.appcore.dll
0x00007ffed10c0000 - 0x00007ffed10ca000 	C:\WINDOWS\SYSTEM32\CRYPTBASE.dll
0x00007ffed1060000 - 0x00007ffed10c0000 	C:\WINDOWS\SYSTEM32\bcryptPrimitives.dll
0x00007ffecfef0000 - 0x00007ffed0011000 	C:\WINDOWS\system32\uxtheme.dll
0x00007ffec0840000 - 0x00007ffec08d8000 	C:\Program Files\Common Files\microsoft shared\ink\tiptsf.dll
0x00007ffed35f0000 - 0x00007ffed3694000 	C:\WINDOWS\SYSTEM32\clbcatq.dll
0x00007ffed0b10000 - 0x00007ffed0b2e000 	C:\WINDOWS\SYSTEM32\CRYPTSP.dll
0x00007ffed0750000 - 0x00007ffed0785000 	C:\WINDOWS\system32\rsaenh.dll
0x00007ffed0d40000 - 0x00007ffed0d66000 	C:\WINDOWS\SYSTEM32\bcrypt.dll
0x00007ffed10d0000 - 0x00007ffed1167000 	C:\WINDOWS\SYSTEM32\sxs.dll
0x0000000052c30000 - 0x0000000052c41000 	C:\Program Files\Java\jdk1.7.0_21\jre\bin\nio.dll
0x00000000529c0000 - 0x00000000529e4000 	C:\Program Files\Java\jdk1.7.0_21\jre\bin\sunec.dll
0x00000000529b0000 - 0x00000000529bb000 	C:\Program Files\Java\jdk1.7.0_21\jre\bin\sunmscapi.dll
0x00007ffed1520000 - 0x00007ffed16f7000 	C:\WINDOWS\system32\CRYPT32.dll
0x00007ffed12a0000 - 0x00007ffed12b2000 	C:\WINDOWS\system32\MSASN1.dll
0x00007ffec3560000 - 0x00007ffec3574000 	C:\WINDOWS\system32\napinsp.dll
0x00007ffec3540000 - 0x00007ffec3559000 	C:\WINDOWS\system32\pnrpnsp.dll
0x00007ffeccf40000 - 0x00007ffeccf59000 	C:\WINDOWS\system32\NLAapi.dll
0x00007ffed08c0000 - 0x00007ffed0963000 	C:\WINDOWS\SYSTEM32\DNSAPI.dll
0x00007ffec3530000 - 0x00007ffec353c000 	C:\WINDOWS\System32\winrnr.dll
0x00007ffec3510000 - 0x00007ffec3523000 	C:\WINDOWS\system32\wshbth.dll
0x0000000053ec0000 - 0x0000000053ee6000 	C:\Program Files\Bonjour\mdnsNSP.dll
0x00007ffec60c0000 - 0x00007ffec60c9000 	C:\Windows\System32\rasadhlp.dll
0x00007ffecb800000 - 0x00007ffecb868000 	C:\WINDOWS\System32\fwpuclnt.dll
0x00007ffecd110000 - 0x00007ffecd298000 	C:\WINDOWS\SYSTEM32\dbghelp.dll

VM Arguments:
jvm_args: -Dclassworlds.conf=C:\Program Files\NetBeans 8.0\java\maven\bin\m2.conf -Dmaven.home=C:\Program Files\NetBeans 8.0\java\maven 
java_command: org.codehaus.plexus.classworlds.launcher.Launcher -Dtest=com.przmnwck.games.ballsengine.AppTest -DnetbeansProjectMappings= -Dmaven.ext.class.path=C:\Program Files\NetBeans 8.0\java\maven-nblib\netbeans-eventspy.jar -Dfile.encoding=UTF-8 surefire:test
Launcher Type: SUN_STANDARD

Environment Variables:
JAVA_HOME=C:\Program Files\Java\jdk1.7.0_21
PATH=C:\Program Files (x86)\Intel\iCLS Client\;C:\Program Files\Intel\iCLS Client\;C:\WINDOWS\system32;C:\WINDOWS;C:\WINDOWS\System32\Wbem;C:\WINDOWS\System32\WindowsPowerShell\v1.0\;C:\Program Files\Intel\Intel(R) Management Engine Components\DAL;C:\Program Files\Intel\Intel(R) Management Engine Components\IPT;C:\Program Files (x86)\Intel\Intel(R) Management Engine Components\DAL;C:\Program Files (x86)\Intel\Intel(R) Management Engine Components\IPT;C:\Program Files (x86)\Intel\OpenCL SDK\2.0\bin\x86;C:\Program Files (x86)\Intel\OpenCL SDK\2.0\bin\x64
USERNAME=Przemys³aw
OS=Windows_NT
PROCESSOR_IDENTIFIER=Intel64 Family 6 Model 58 Stepping 9, GenuineIntel



---------------  S Y S T E M  ---------------

OS: Windows 8 , 64 bit Build 9200 

CPU:total 4 (2 cores per cpu, 2 threads per core) family 6 model 58 stepping 9, cmov, cx8, fxsr, mmx, sse, sse2, sse3, ssse3, sse4.1, sse4.2, popcnt, avx, ht, tsc, tscinvbit, tscinv

Memory: 4k page, physical 4070680k(1482372k free), swap 4791576k(1813272k free)

vm_info: Java HotSpot(TM) 64-Bit Server VM (23.21-b01) for windows-amd64 JRE (1.7.0_21-b11), built on Apr  4 2013 08:11:28 by "java_re" with unknown MS VC++:1600

time: Sat Jun 14 10:06:32 2014
elapsed time: 5 seconds

